
Number of matched data between NIST and Experimental: 1376
Number of missing data between NIST and Experimental: 2
Number of data labeled with 'undefined': 0
Number of data points in Liquid state: 503
Number of data points in Vapor state: 135
Number of data points in Supercritical state: 738
Data size in liquid phase (NIST): 503, Corresponding experimental data: 503
Data size in vapor phase (NIST): 135, Corresponding experimental data: 135
Data size in supercritical phase (NIST): 738, Corresponding experimental data: 738

>>> LIQUID PHASE <<<

Best Hyperparameters for liquid state for DecisionTree: {'criterion': 'absolute_error', 'max_depth': None, 'min_samples_leaf': 2, 'min_samples_split': 10, 'random_state': 42}.

 > Train data <
Metrics for liquid:
MAPE: 2.0%
MAE: 0.000134
MSE: 2e-06
RMSE: 0.001519
R2: 0.078715

 > Test data <
Metrics for liquid:
MAPE: 3.0%
MAE: 0.000361
MSE: 8e-06
RMSE: 0.002797
R2: 0.079128

*** Cross-Validation Metrics ***
Liquid Phase - RMSE (mean): 0.0009650283104751789
RMSE (std): 0.001714390569107519MAE (mean): 0.00025410148424448507
MAE (std): 0.00042856822074822834R² (mean): -21.04805573092303
R² (std): 63.448177774459616MSE (mean): 3.870414663463382e-06
MSE (std): 9.606985781659358e-06>>> Comparison: Liquid <<<

Metrics for liquid - Exp x NIST:
MAPE: 1.0%
MAE: 0.000155
MSE: 3e-06
RMSE: 0.001849
R2: 0.079452

Metrics for liquid - Exp x Model:
MAPE: 4.0%
MAE: 0.000256
MSE: 4e-06
RMSE: 0.001978
R2: -0.053144

Metrics for liquid - NIST x Model:
MAPE: 4.0%
MAE: 0.000124
MSE: 1e-06
RMSE: 0.00073
R2: -0.449013


>>> VAPOR PHASE <<<

Best Hyperparameters for vapor state for DecisionTree: {'criterion': 'squared_error', 'max_depth': None, 'min_samples_leaf': 1, 'min_samples_split': 2, 'random_state': 42}.

 > Train data <
Metrics for vapor:
MAPE: 0.0%
MAE: 0.0
MSE: 0.0
RMSE: 0.0
R2: 1.0

 > Test data <
Metrics for vapor:
MAPE: 6.0%
MAE: 0.005452
MSE: 0.000406
RMSE: 0.020144
R2: 0.98862

*** Cross-Validation Metrics ***
Vapor Phase - RMSE (mean): 0.14489718263773527
RMSE (std): 0.39743672440210653MAE (mean): 0.11538103283737626
MAE (std): 0.32022599937068363R² (mean): -3.0192583603612987e+30
R² (std): 8.310808874407487e+30MSE (mean): 0.17895114343982918
MSE (std): 0.536120694217377>>> Comparison: Vapor <<<

Metrics for vapor - Exp x NIST:
MAPE: 12.0%
MAE: 0.001461
MSE: 8.9e-05
RMSE: 0.009447
R2: 0.999466

Metrics for vapor - Exp x Model:
MAPE: 34.0%
MAE: 0.111481
MSE: 0.172335
RMSE: 0.415133
R2: -0.031622

Metrics for vapor - NIST x Model:
MAPE: 26.0%
MAE: 0.11114
MSE: 0.172532
RMSE: 0.41537
R2: -0.032493


>>> SUPERCRITICAL PHASE <<<

Best Hyperparameters for supercritical state for DecisionTree: {'criterion': 'absolute_error', 'max_depth': 10, 'min_samples_leaf': 2, 'min_samples_split': 2, 'random_state': 42}.

 > Train data <
Metrics for supercritical:
MAPE: 4.0%
MAE: 0.000347
MSE: 1e-06
RMSE: 0.000895
R2: 0.975687

 > Test data <
Metrics for supercritical:
MAPE: 10.0%
MAE: 0.000812
MSE: 2e-06
RMSE: 0.001532
R2: 0.94591

*** Cross-Validation Metrics ***
Supercritical Phase - RMSE (mean): 0.0023231825994118427
RMSE (std): 0.0024568136014164834MAE (mean): 0.0013809133511085516
MAE (std): 0.0016125005645642719R² (mean): 0.11757003489236903
R² (std): 1.080332745976057MSE (mean): 1.1433110462314995e-05
MSE (std): 2.534134465163936e-05>>> Comparison: Supercritical <<<

Metrics for supercritical - Exp x NIST:
MAPE: 1.0%
MAE: 0.000119
MSE: 1e-06
RMSE: 0.000779
R2: 0.982686

Metrics for supercritical - Exp x Model:
MAPE: 14.000000000000002%
MAE: 0.001384
MSE: 1.1e-05
RMSE: 0.003386
R2: 0.672784

Metrics for supercritical - NIST x Model:
MAPE: 14.000000000000002%
MAE: 0.001311
MSE: 1.1e-05
RMSE: 0.003299
R2: 0.689312
