
Number of matched data between NIST and Experimental: 57
Number of missing data between NIST and Experimental: 6
Number of data labeled with 'undefined': 6
Number of data points in Liquid state: 0
Number of data points in Vapor state: 21
Number of data points in Supercritical state: 36
Data size in liquid phase (NIST): 0, Corresponding experimental data: 0
Data size in vapor phase (NIST): 21, Corresponding experimental data: 21
Data size in supercritical phase (NIST): 36, Corresponding experimental data: 36

>>> LIQUID PHASE <<<
!!!!! No data points available for the liquid state for the Joule-Thomson !!!!!


>>> VAPOR PHASE <<<

Best Hyperparameters for vapor state for XGB: {'colsample_bytree': 0.6, 'learning_rate': 0.1, 'max_depth': 3, 'min_child_weight': 3, 'n_estimators': 100, 'random_state': 42, 'subsample': 0.8}.

 > Train data <
Metrics for vapor:
MAPE: 3.0%
MAE: 0.13514
MSE: 0.035937
RMSE: 0.189572
R2: 0.981498

 > Test data <
Metrics for vapor:
MAPE: 12.0%
MAE: 0.483141
MSE: 0.322525
RMSE: 0.567913
R2: 0.695105

*** Cross-Validation Metrics ***
Vapor Phase - RMSE (mean): 0.2609757146381197
RMSE (std): 0.32321096043899633MAE (mean): 0.2609757146381197
MAE (std): 0.32321096043899633R² (mean): nan
R² (std): nanMSE (mean): 0.17257364857877572
MSE (std): 0.4145194156782487>>> Comparison: Vapor <<<

Metrics for vapor - Exp x NIST:
MAPE: 4.0%
MAE: 0.180099
MSE: 0.05858
RMSE: 0.242033
R2: 0.96671

Metrics for vapor - Exp x Model:
MAPE: 6.0%
MAE: 0.260976
MSE: 0.172574
RMSE: 0.41542
R2: 0.901929

Metrics for vapor - NIST x Model:
MAPE: 7.000000000000001%
MAE: 0.259393
MSE: 0.100951
RMSE: 0.317729
R2: 0.931089


>>> SUPERCRITICAL PHASE <<<

Best Hyperparameters for supercritical state for XGB: {'colsample_bytree': 0.6, 'learning_rate': 0.1, 'max_depth': 3, 'min_child_weight': 3, 'n_estimators': 100, 'random_state': 42, 'subsample': 0.8}.

 > Train data <
Metrics for supercritical:
MAPE: 2.0%
MAE: 0.066425
MSE: 0.00826
RMSE: 0.090886
R2: 0.996588

 > Test data <
Metrics for supercritical:
MAPE: 4.0%
MAE: 0.19135
MSE: 0.077812
RMSE: 0.278947
R2: 0.977824

*** Cross-Validation Metrics ***
Supercritical Phase - RMSE (mean): 0.11862371219529047
RMSE (std): 0.11478949979537721MAE (mean): 0.11862371219529047
MAE (std): 0.11478949979537721R² (mean): nan
R² (std): nanMSE (mean): 0.02724821435826401
MSE (std): 0.04233647067170015>>> Comparison: Supercritical <<<

Metrics for supercritical - Exp x NIST:
MAPE: 9.0%
MAE: 0.444272
MSE: 0.580535
RMSE: 0.761929
R2: 0.786663

Metrics for supercritical - Exp x Model:
MAPE: 3.0%
MAE: 0.118624
MSE: 0.027248
RMSE: 0.16507
R2: 0.989987

Metrics for supercritical - NIST x Model:
MAPE: 10.0%
MAE: 0.418551
MSE: 0.475923
RMSE: 0.689872
R2: 0.594021
