
Number of matched data between NIST and Experimental: 864
Number of missing data between NIST and Experimental: 246
Number of data labeled with 'undefined': 141
Number of data points in Liquid state: 111
Number of data points in Vapor state: 308
Number of data points in Supercritical state: 445
Data size in liquid phase (NIST): 111, Corresponding experimental data: 111
Data size in vapor phase (NIST): 308, Corresponding experimental data: 308
Data size in supercritical phase (NIST): 445, Corresponding experimental data: 445

>>> LIQUID PHASE <<<

Best Hyperparameters for liquid state for ExtraTrees: {'bootstrap': False, 'max_depth': None, 'min_samples_leaf': 1, 'min_samples_split': 2, 'n_estimators': 200, 'random_state': 42}.

 > Train data <
Metrics for liquid:
MAPE: 0.0%
MAE: 0.0
MSE: 0.0
RMSE: 0.0
R2: 1.0

 > Test data <
Metrics for liquid:
MAPE: 28.000000000000004%
MAE: 6.570196
MSE: 334.094155
RMSE: 18.278243
R2: 0.90827

*** Cross-Validation Metrics ***
Liquid Phase - RMSE (mean): 4.925122522522538
RMSE (std): 11.999720733166987MAE (mean): 4.925122522522538
MAE (std): 11.999720733166987R² (mean): nan
R² (std): nanMSE (mean): 168.25012953585633
MSE (std): 997.6810337464188>>> Comparison: Liquid <<<

Metrics for liquid - Exp x NIST:
MAPE: 28.999999999999996%
MAE: 21.33426
MSE: 2050.595472
RMSE: 45.283501
R2: 0.505588

Metrics for liquid - Exp x Model:
MAPE: 10.0%
MAE: 4.925123
MSE: 168.25013
RMSE: 12.971127
R2: 0.959434

Metrics for liquid - NIST x Model:
MAPE: 21.0%
MAE: 20.701186
MSE: 1728.918949
RMSE: 41.580271
R2: 0.412689


>>> VAPOR PHASE <<<

Best Hyperparameters for vapor state for ExtraTrees: {'bootstrap': False, 'max_depth': 10, 'min_samples_leaf': 1, 'min_samples_split': 2, 'n_estimators': 50, 'random_state': 42}.

 > Train data <
Metrics for vapor:
MAPE: 1.0%
MAE: 0.074341
MSE: 0.034691
RMSE: 0.186256
R2: 0.999634

 > Test data <
Metrics for vapor:
MAPE: 1.0%
MAE: 0.122027
MSE: 0.067854
RMSE: 0.260488
R2: 0.985464

*** Cross-Validation Metrics ***
Vapor Phase - RMSE (mean): 0.6215038953091943
RMSE (std): 6.009056146008346MAE (mean): 0.6215038953091943
MAE (std): 6.009056146008346R² (mean): nan
R² (std): nanMSE (mean): 36.4950228577652
MSE (std): 550.1974978190323>>> Comparison: Vapor <<<

Metrics for vapor - Exp x NIST:
MAPE: 2.0%
MAE: 0.870279
MSE: 78.003988
RMSE: 8.831987
R2: -0.015534

Metrics for vapor - Exp x Model:
MAPE: 2.0%
MAE: 0.621504
MSE: 36.495023
RMSE: 6.041111
R2: 0.524871

Metrics for vapor - NIST x Model:
MAPE: 12.0%
MAE: 0.75209
MSE: 40.425859
RMSE: 6.358133
R2: -3.164445


>>> SUPERCRITICAL PHASE <<<

Best Hyperparameters for supercritical state for ExtraTrees: {'bootstrap': False, 'max_depth': 10, 'min_samples_leaf': 1, 'min_samples_split': 2, 'n_estimators': 200, 'random_state': 42}.

 > Train data <
Metrics for supercritical:
MAPE: 2.0%
MAE: 0.381157
MSE: 0.295597
RMSE: 0.543689
R2: 0.998323

 > Test data <
Metrics for supercritical:
MAPE: 4.0%
MAE: 1.02456
MSE: 6.145435
RMSE: 2.478999
R2: 0.957989

*** Cross-Validation Metrics ***
Supercritical Phase - RMSE (mean): 0.7956044879423206
RMSE (std): 2.419082157968019MAE (mean): 0.7956044879423206
MAE (std): 2.419082157968019R² (mean): nan
R² (std): nanMSE (mean): 6.48494498823317
MSE (std): 91.84598276177557>>> Comparison: Supercritical <<<

Metrics for supercritical - Exp x NIST:
MAPE: 15.0%
MAE: 2.22894
MSE: 79.405683
RMSE: 8.910987
R2: 0.533763

Metrics for supercritical - Exp x Model:
MAPE: 4.0%
MAE: 0.795604
MSE: 6.484945
RMSE: 2.546556
R2: 0.961923

Metrics for supercritical - NIST x Model:
MAPE: 6.0%
MAE: 2.383177
MSE: 74.552093
RMSE: 8.634355
R2: 0.643684
