
Number of matched data between NIST and Experimental: 864
Number of missing data between NIST and Experimental: 246
Number of data labeled with 'undefined': 141
Number of data points in Liquid state: 111Number of data points in Vapor state: 308Number of data points in Supercritical state: 445

>>> LIQUID PHASE <<<

 > Train data <
Metrics for liquid:
MAPE: 27.0%
MAE: 18.266204
MSE: 714.464855
RMSE: 26.729475
R2: 0.831365

 > Test data <
Metrics for liquid:
MAPE: 62.0%
MAE: 24.219823
MSE: 1253.986301
RMSE: 35.411669
R2: 0.655702
>>> Comparison: Liquid <<<

Metrics for liquid - Exp x NIST:
MAPE: 28.999999999999996%
MAE: 21.33426
MSE: 2050.595472
RMSE: 45.283501
R2: 0.505588

Metrics for liquid - Exp x Model:
MAPE: 30.0%
MAE: 18.403597
MSE: 842.726888
RMSE: 29.029759
R2: 0.796813

Metrics for liquid - NIST x Model:
MAPE: 25.0%
MAE: 24.102662
MSE: 1297.687065
RMSE: 36.023424
R2: 0.559178


>>> VAPOR PHASE <<<

 > Train data <
Metrics for vapor:
MAPE: 14.000000000000002%
MAE: 2.112073
MSE: 81.46262
RMSE: 9.025665
R2: 0.140269

 > Test data <
Metrics for vapor:
MAPE: 12.0%
MAE: 1.156396
MSE: 6.323652
RMSE: 2.514687
R2: -0.354683
>>> Comparison: Vapor <<<

Metrics for vapor - Exp x NIST:
MAPE: 2.0%
MAE: 0.870279
MSE: 78.003988
RMSE: 8.831987
R2: -0.015534

Metrics for vapor - Exp x Model:
MAPE: 12.0%
MAE: 1.837514
MSE: 76.865058
RMSE: 8.767272
R2: -0.000706

Metrics for vapor - NIST x Model:
MAPE: 17.0%
MAE: 1.445689
MSE: 17.641822
RMSE: 4.200217
R2: -0.817362


>>> SUPERCRITICAL PHASE <<<

 > Train data <
Metrics for supercritical:
MAPE: 10.0%
MAE: 2.150364
MSE: 20.942444
RMSE: 4.576292
R2: 0.881157

 > Test data <
Metrics for supercritical:
MAPE: 11.0%
MAE: 2.796238
MSE: 31.313533
RMSE: 5.59585
R2: 0.785934
>>> Comparison: Supercritical <<<

Metrics for supercritical - Exp x NIST:
MAPE: 15.0%
MAE: 2.22894
MSE: 79.405683
RMSE: 8.910987
R2: 0.533763

Metrics for supercritical - Exp x Model:
MAPE: 11.0%
MAE: 2.35027
MSE: 26.631509
RMSE: 5.160573
R2: 0.843631

Metrics for supercritical - NIST x Model:
MAPE: 10.0%
MAE: 3.074926
MSE: 53.37465
RMSE: 7.305796
R2: 0.7449
