
Number of matched data between NIST and Experimental: 881
Number of missing data between NIST and Experimental: 0
Number of data labeled with 'undefined': 0
Number of data points in Liquid state: 329
Number of data points in Vapor state: 377
Number of data points in Supercritical state: 175
Data size in liquid phase (NIST): 329, Corresponding experimental data: 329
Data size in vapor phase (NIST): 377, Corresponding experimental data: 377
Data size in supercritical phase (NIST): 175, Corresponding experimental data: 175

>>> LIQUID PHASE <<<

Best Hyperparameters for liquid state for Bagging with Lasso: {'bootstrap': True, 'max_features': 1.0, 'max_samples': 0.5, 'n_estimators': 50, 'random_state': 42}.

 > Train data <
Metrics for liquid:
MAPE: 243418728254212.0%
MAE: 0.15133
MSE: 0.106615
RMSE: 0.326519
R2: 0.962498

 > Test data <
Metrics for liquid:
MAPE: 969986750467410.0%
MAE: 0.185567
MSE: 0.139463
RMSE: 0.373448
R2: 0.955023

*** Cross-Validation Metrics ***
Liquid Phase - RMSE (mean): 0.2538124325806054
RMSE (std): 0.24436853081013651MAE (mean): 0.16727163460843647
MAE (std): 0.14145488338139076R² (mean): 0.9270876588116227
R² (std): 0.18125747139960538MSE (mean): 0.12413672978278897
MSE (std): 0.26355078346268046>>> Comparison: Liquid <<<

Metrics for liquid - Exp x NIST:
MAPE: 5145114807847795.0%
MAE: 0.58964
MSE: 0.363575
RMSE: 0.602971
R2: 0.874573

Metrics for liquid - Exp x Model:
MAPE: 321522735478706.0%
MAE: 0.167198
MSE: 0.124381
RMSE: 0.352676
R2: 0.957091

Metrics for liquid - NIST x Model:
MAPE: 259.0%
MAE: 0.53527
MSE: 0.308691
RMSE: 0.5556
R2: 0.896518


>>> VAPOR PHASE <<<

Best Hyperparameters for vapor state for Bagging with Lasso: {'bootstrap': True, 'max_features': 1.0, 'max_samples': 0.7, 'n_estimators': 50, 'random_state': 42}.

 > Train data <
Metrics for vapor:
MAPE: 59.0%
MAE: 0.952107
MSE: 3.927629
RMSE: 1.981825
R2: 0.134732

 > Test data <
Metrics for vapor:
MAPE: 94.0%
MAE: 1.212163
MSE: 6.444059
RMSE: 2.538515
R2: 0.04373

*** Cross-Validation Metrics ***
Vapor Phase - RMSE (mean): 1.6723864112828148
RMSE (std): 1.7859537102772742MAE (mean): 1.1555731589821856
MAE (std): 0.9557555214253547R² (mean): 0.2663098055216508
R² (std): 0.7736084745352396MSE (mean): 5.9865069638965736
MSE (std): 14.098319005341766>>> Comparison: Vapor <<<

Metrics for vapor - Exp x NIST:
MAPE: 71.0%
MAE: 0.841067
MSE: 4.687981
RMSE: 2.165175
R2: 0.059932

Metrics for vapor - Exp x Model:
MAPE: 78.0%
MAE: 1.158181
MSE: 6.026821
RMSE: 2.454959
R2: -0.208542

Metrics for vapor - NIST x Model:
MAPE: 10.0%
MAE: 0.775369
MSE: 1.038403
RMSE: 1.019021
R2: 0.624596


>>> SUPERCRITICAL PHASE <<<

Best Hyperparameters for supercritical state for Bagging with Lasso: {'bootstrap': False, 'max_features': 0.5, 'max_samples': 1.0, 'n_estimators': 50, 'random_state': 42}.

 > Train data <
Metrics for supercritical:
MAPE: 73.0%
MAE: 2.365863
MSE: 9.113505
RMSE: 3.018858
R2: 0.054538

 > Test data <
Metrics for supercritical:
MAPE: 146.0%
MAE: 3.011989
MSE: 15.879264
RMSE: 3.984879
R2: 0.039202

*** Cross-Validation Metrics ***
Supercritical Phase - RMSE (mean): 3.252592953616271
RMSE (std): 1.374198709980392MAE (mean): 2.7088996096827427
MAE (std): 0.9996198344925934R² (mean): -0.5119577015703489
R² (std): 0.4401636492598341MSE (mean): 12.467783016425994
MSE (std): 12.498517431577152>>> Comparison: Supercritical <<<

Metrics for supercritical - Exp x NIST:
MAPE: 122.0%
MAE: 1.682961
MSE: 16.721185
RMSE: 4.089155
R2: -0.500135

Metrics for supercritical - Exp x Model:
MAPE: 95.0%
MAE: 2.718503
MSE: 12.621179
RMSE: 3.55263
R2: -0.132305

Metrics for supercritical - NIST x Model:
MAPE: 23.0%
MAE: 2.226099
MSE: 7.021733
RMSE: 2.649855
R2: -0.046002
