
Number of matched data between NIST and Experimental: 864
Number of missing data between NIST and Experimental: 246
Number of data labeled with 'undefined': 141
Number of data points in Liquid state: 111Number of data points in Vapor state: 308Number of data points in Supercritical state: 445

>>> LIQUID PHASE <<<

Best Hyperparameters for liquid state for DecisionTree: {'criterion': 'squared_error', 'max_depth': 10, 'min_samples_leaf': 1, 'min_samples_split': 2, 'random_state': 42}.

 > Train data <
Metrics for liquid:
MAPE: 0.0%
MAE: 0.0
MSE: 0.0
RMSE: 0.0
R2: 1.0

 > Test data <
Metrics for liquid:
MAPE: 7.000000000000001%
MAE: 8.124348
MSE: 678.28087
RMSE: 26.043826
R2: 0.813769
>>> Comparison: Liquid <<<

Metrics for liquid - Exp x NIST:
MAPE: 28.999999999999996%
MAE: 21.33426
MSE: 2050.595472
RMSE: 45.283501
R2: 0.505588

Metrics for liquid - Exp x Model:
MAPE: 14.000000000000002%
MAE: 6.632943
MSE: 405.097877
RMSE: 20.127043
R2: 0.902328

Metrics for liquid - NIST x Model:
MAPE: 23.0%
MAE: 22.599292
MSE: 2046.32399
RMSE: 45.236313
R2: 0.304867


>>> VAPOR PHASE <<<

Best Hyperparameters for vapor state for DecisionTree: {'criterion': 'absolute_error', 'max_depth': None, 'min_samples_leaf': 2, 'min_samples_split': 5, 'random_state': 42}.

 > Train data <
Metrics for vapor:
MAPE: 2.0%
MAE: 0.490988
MSE: 15.466224
RMSE: 3.932712
R2: 0.836774

 > Test data <
Metrics for vapor:
MAPE: 4.0%
MAE: 0.532855
MSE: 9.210172
RMSE: 3.034827
R2: -0.973048
>>> Comparison: Vapor <<<

Metrics for vapor - Exp x NIST:
MAPE: 2.0%
MAE: 0.870279
MSE: 78.003988
RMSE: 8.831987
R2: -0.015534

Metrics for vapor - Exp x Model:
MAPE: 3.0%
MAE: 1.041266
MSE: 72.218097
RMSE: 8.498123
R2: 0.059792

Metrics for vapor - NIST x Model:
MAPE: 7.000000000000001%
MAE: 0.62989
MSE: 11.976457
RMSE: 3.460702
R2: -0.233747


>>> SUPERCRITICAL PHASE <<<

Best Hyperparameters for supercritical state for DecisionTree: {'criterion': 'squared_error', 'max_depth': 10, 'min_samples_leaf': 1, 'min_samples_split': 2, 'random_state': 42}.

 > Train data <
Metrics for supercritical:
MAPE: 1.0%
MAE: 0.094264
MSE: 0.035339
RMSE: 0.187987
R2: 0.999799

 > Test data <
Metrics for supercritical:
MAPE: 4.0%
MAE: 1.067876
MSE: 3.437914
RMSE: 1.854161
R2: 0.976498
>>> Comparison: Supercritical <<<

Metrics for supercritical - Exp x NIST:
MAPE: 15.0%
MAE: 2.22894
MSE: 79.405683
RMSE: 8.910987
R2: 0.533763

Metrics for supercritical - Exp x Model:
MAPE: 5.0%
MAE: 1.197055
MSE: 18.150349
RMSE: 4.260323
R2: 0.893429

Metrics for supercritical - NIST x Model:
MAPE: 8.0%
MAE: 2.865492
MSE: 85.318715
RMSE: 9.236813
R2: 0.592225
