
Number of matched data between NIST and Experimental: 315
Number of missing data between NIST and Experimental: 1
Number of data labeled with 'undefined': 0
Number of data points in Liquid state: 110
Number of data points in Vapor state: 4
Number of data points in Supercritical state: 201
Data size in liquid phase (NIST): 110, Corresponding experimental data: 110
Data size in vapor phase (NIST): 4, Corresponding experimental data: 4
Data size in supercritical phase (NIST): 201, Corresponding experimental data: 201

>>> LIQUID PHASE <<<

Best Hyperparameters for liquid state for KNeighbors: {'algorithm': 'brute', 'leaf_size': 20, 'n_neighbors': 3, 'p': 2, 'weights': 'distance'}.

 > Train data <
Metrics for liquid:
MAPE: 0.0%
MAE: 0.0
MSE: 0.0
RMSE: 0.0
R2: 1.0

 > Test data <
Metrics for liquid:
MAPE: 2.0%
MAE: 0.447597
MSE: 2.096009
RMSE: 1.44776
R2: 0.717275

*** Cross-Validation Metrics ***
Liquid Phase - RMSE (mean): 0.3129523648053051
RMSE (std): 0.9316356200510358MAE (mean): 0.3129523648053051
MAE (std): 0.9316356200510358R² (mean): nan
R² (std): nanMSE (mean): 0.9658841111851106
MSE (std): 6.000171136257261>>> Comparison: Liquid <<<

Metrics for liquid - Exp x NIST:
MAPE: 2.0%
MAE: 0.445519
MSE: 1.814698
RMSE: 1.347107
R2: 0.621723

Metrics for liquid - Exp x Model:
MAPE: 1.0%
MAE: 0.312952
MSE: 0.965884
RMSE: 0.982794
R2: 0.79866

Metrics for liquid - NIST x Model:
MAPE: 1.0%
MAE: 0.385644
MSE: 0.398042
RMSE: 0.630906
R2: 0.823288


>>> VAPOR PHASE <<<

Best Hyperparameters for vapor state for KNeighbors: {'algorithm': 'auto', 'leaf_size': 20, 'n_neighbors': 3, 'p': 1, 'weights': 'uniform'}.

 > Train data <
Metrics for vapor:
MAPE: 12.0%
MAE: 3.251111
MSE: 13.441356
RMSE: 3.666245
R2: -0.0

 > Test data <
Metrics for vapor:
MAPE: 13.0%
MAE: 3.093333
MSE: 9.568711
RMSE: 3.093333
R2: nan

*** Cross-Validation Metrics ***
Vapor Phase - RMSE (mean): 3.766666666666665
RMSE (std): 2.6312734559524613MAE (mean): 3.766666666666665
MAE (std): 2.6312734559524613R² (mean): nan
R² (std): nanMSE (mean): 21.111377777777772
MSE (std): 21.545113278988467>>> Comparison: Vapor <<<

Metrics for vapor - Exp x NIST:
MAPE: 3.0%
MAE: 0.661875
MSE: 0.655558
RMSE: 0.809666
R2: 0.944796

Metrics for vapor - Exp x Model:
MAPE: 14.000000000000002%
MAE: 3.766667
MSE: 21.111378
RMSE: 4.594712
R2: -0.777778

Metrics for vapor - NIST x Model:
MAPE: 11.0%
MAE: 3.152192
MSE: 16.195468
RMSE: 4.024359
R2: -0.980982


>>> SUPERCRITICAL PHASE <<<

Best Hyperparameters for supercritical state for KNeighbors: {'algorithm': 'auto', 'leaf_size': 20, 'n_neighbors': 3, 'p': 1, 'weights': 'distance'}.

 > Train data <
Metrics for supercritical:
MAPE: 0.0%
MAE: 0.0
MSE: 0.0
RMSE: 0.0
R2: 1.0

 > Test data <
Metrics for supercritical:
MAPE: 1.0%
MAE: 0.200626
MSE: 0.082845
RMSE: 0.287828
R2: 0.973759

*** Cross-Validation Metrics ***
Supercritical Phase - RMSE (mean): 0.4952111681869734
RMSE (std): 1.5326274087189895MAE (mean): 0.4952111681869734
MAE (std): 1.5326274087189895R² (mean): nan
R² (std): nanMSE (mean): 2.5941808750537914
MSE (std): 21.3377433379012>>> Comparison: Supercritical <<<

Metrics for supercritical - Exp x NIST:
MAPE: 1.0%
MAE: 0.483137
MSE: 1.000475
RMSE: 1.000237
R2: 0.857918

Metrics for supercritical - Exp x Model:
MAPE: 1.0%
MAE: 0.495211
MSE: 2.594181
RMSE: 1.610646
R2: 0.631588

Metrics for supercritical - NIST x Model:
MAPE: 2.0%
MAE: 0.668005
MSE: 1.501359
RMSE: 1.2253
R2: 0.657194
