
Number of matched data between NIST and Experimental: 513
Number of missing data between NIST and Experimental: 0
Number of data labeled with 'undefined': 0
Number of data points in Liquid state: 195
Number of data points in Vapor state: 164
Number of data points in Supercritical state: 154
Data size in liquid phase (NIST): 195, Corresponding experimental data: 195
Data size in vapor phase (NIST): 164, Corresponding experimental data: 164
Data size in supercritical phase (NIST): 154, Corresponding experimental data: 154

>>> LIQUID PHASE <<<

Best Hyperparameters for liquid state for Adaboost with Lasso: {'learning_rate': 1.0, 'loss': 'square', 'n_estimators': 50, 'random_state': 42}.

 > Train data <
Metrics for liquid:
MAPE: 35.0%
MAE: 27.474033
MSE: 3996.080759
RMSE: 63.214561
R2: 0.043421

 > Test data <
Metrics for liquid:
MAPE: 38.0%
MAE: 25.078549
MSE: 791.671917
RMSE: 28.136665
R2: -2.787765

*** Cross-Validation Metrics ***
Liquid Phase - RMSE (mean): 12.084894655383113
RMSE (std): 54.797546634119875MAE (mean): 12.084894655383113
MAE (std): 54.797546634119875R² (mean): nan
R² (std): nanMSE (mean): 3148.8157959502482
MSE (std): 41596.38774856141>>> Comparison: Liquid <<<

Metrics for liquid - Exp x NIST:
MAPE: 1.0%
MAE: 4.215452
MSE: 2820.263864
RMSE: 53.106157
R2: 0.167477

Metrics for liquid - Exp x Model:
MAPE: 12.0%
MAE: 12.084895
MSE: 3148.815796
RMSE: 56.11431
R2: 0.070491

Metrics for liquid - NIST x Model:
MAPE: 11.0%
MAE: 8.259185
MSE: 158.856104
RMSE: 12.603813
R2: 0.420975


>>> VAPOR PHASE <<<

Best Hyperparameters for vapor state for Adaboost with Lasso: {'learning_rate': 0.01, 'loss': 'exponential', 'n_estimators': 50, 'random_state': 42}.

 > Train data <
Metrics for vapor:
MAPE: 41.0%
MAE: 26.433311
MSE: 6930.43503
RMSE: 83.249234
R2: 0.066026

 > Test data <
Metrics for vapor:
MAPE: 65.0%
MAE: 88.06985
MSE: 67409.575867
RMSE: 259.633541
R2: 0.004517

*** Cross-Validation Metrics ***
Vapor Phase - RMSE (mean): 61.470790277941944
RMSE (std): 127.81584659921728MAE (mean): 61.470790277941944
MAE (std): 127.81584659921728R² (mean): nan
R² (std): nanMSE (mean): 20115.548699269366
MSE (std): 133157.67131638183>>> Comparison: Vapor <<<

Metrics for vapor - Exp x NIST:
MAPE: 2.0%
MAE: 18.556296
MSE: 17686.113319
RMSE: 132.989147
R2: 0.116609

Metrics for vapor - Exp x Model:
MAPE: 98.0%
MAE: 61.47079
MSE: 20115.548699
RMSE: 141.829294
R2: -0.004737

Metrics for vapor - NIST x Model:
MAPE: 96.0%
MAE: 44.437413
MSE: 2980.556791
RMSE: 54.594476
R2: -1.699143


>>> SUPERCRITICAL PHASE <<<

Best Hyperparameters for supercritical state for Adaboost with Lasso: {'learning_rate': 0.01, 'loss': 'exponential', 'n_estimators': 50, 'random_state': 42}.

 > Train data <
Metrics for supercritical:
MAPE: 53.0%
MAE: 37.640804
MSE: 4352.121195
RMSE: 65.970609
R2: 0.240756

 > Test data <
Metrics for supercritical:
MAPE: 48.0%
MAE: 24.765257
MSE: 905.9415
RMSE: 30.098862
R2: -0.752425

*** Cross-Validation Metrics ***
Supercritical Phase - RMSE (mean): 33.8077400771794
RMSE (std): 51.74409286601827MAE (mean): 33.8077400771794
MAE (std): 51.74409286601827R² (mean): nan
R² (std): nanMSE (mean): 3820.4144356532456
MSE (std): 21511.60102682108>>> Comparison: Supercritical <<<

Metrics for supercritical - Exp x NIST:
MAPE: 4.0%
MAE: 2.389136
MSE: 32.386242
RMSE: 5.690891
R2: 0.993185

Metrics for supercritical - Exp x Model:
MAPE: 49.0%
MAE: 33.80774
MSE: 3820.414436
RMSE: 61.809501
R2: 0.196121

Metrics for supercritical - NIST x Model:
MAPE: 48.0%
MAE: 33.893888
MSE: 3813.1746
RMSE: 61.750908
R2: 0.171351
