
Number of matched data between NIST and Experimental: 513
Number of missing data between NIST and Experimental: 0
Number of data labeled with 'undefined': 0
Number of data points in Liquid state: 195
Number of data points in Vapor state: 164
Number of data points in Supercritical state: 154
Data size in liquid phase (NIST): 195, Corresponding experimental data: 195
Data size in vapor phase (NIST): 164, Corresponding experimental data: 164
Data size in supercritical phase (NIST): 154, Corresponding experimental data: 154

>>> LIQUID PHASE <<<

Best Hyperparameters for liquid state for Bagging with Ridge: {'bootstrap': False, 'max_features': 1.0, 'max_samples': 0.7, 'n_estimators': 50, 'random_state': 42}.

 > Train data <
Metrics for liquid:
MAPE: 19.0%
MAE: 17.081294
MSE: 3769.365355
RMSE: 61.395157
R2: 0.097692

 > Test data <
Metrics for liquid:
MAPE: 19.0%
MAE: 12.250964
MSE: 193.191056
RMSE: 13.899319
R2: 0.075675

*** Cross-Validation Metrics ***
Liquid Phase - RMSE (mean): 15.165419059386048
RMSE (std): 54.24568451281989MAE (mean): 15.165419059386048
MAE (std): 54.24568451281989R² (mean): nan
R² (std): nanMSE (mean): 3172.5842235111777
MSE (std): 41474.84930747234>>> Comparison: Liquid <<<

Metrics for liquid - Exp x NIST:
MAPE: 1.0%
MAE: 4.215452
MSE: 2820.263864
RMSE: 53.106157
R2: 0.167477

Metrics for liquid - Exp x Model:
MAPE: 17.0%
MAE: 15.165419
MSE: 3172.584224
RMSE: 56.325698
R2: 0.063475

Metrics for liquid - NIST x Model:
MAPE: 17.0%
MAE: 11.370838
MSE: 192.144298
RMSE: 13.861612
R2: 0.29964


>>> VAPOR PHASE <<<

Best Hyperparameters for vapor state for Bagging with Ridge: {'bootstrap': False, 'max_features': 1.0, 'max_samples': 0.5, 'n_estimators': 200, 'random_state': 42}.

 > Train data <
Metrics for vapor:
MAPE: 40.0%
MAE: 25.967156
MSE: 6930.885656
RMSE: 83.251941
R2: 0.065965

 > Test data <
Metrics for vapor:
MAPE: 63.0%
MAE: 87.439143
MSE: 67500.426729
RMSE: 259.808442
R2: 0.003176

*** Cross-Validation Metrics ***
Vapor Phase - RMSE (mean): 51.48718127397798
RMSE (std): 130.234208544844MAE (mean): 51.48718127397798
MAE (std): 130.234208544844R² (mean): nan
R² (std): nanMSE (mean): 19611.87891084139
MSE (std): 137132.01110548683>>> Comparison: Vapor <<<

Metrics for vapor - Exp x NIST:
MAPE: 2.0%
MAE: 18.556296
MSE: 17686.113319
RMSE: 132.989147
R2: 0.116609

Metrics for vapor - Exp x Model:
MAPE: 75.0%
MAE: 51.487181
MSE: 19611.878911
RMSE: 140.042418
R2: 0.02042

Metrics for vapor - NIST x Model:
MAPE: 73.0%
MAE: 34.082998
MSE: 1954.495595
RMSE: 44.209678
R2: -0.769959


>>> SUPERCRITICAL PHASE <<<

Best Hyperparameters for supercritical state for Bagging with Ridge: {'bootstrap': True, 'max_features': 1.0, 'max_samples': 0.7, 'n_estimators': 50, 'random_state': 42}.

 > Train data <
Metrics for supercritical:
MAPE: 50.0%
MAE: 36.456338
MSE: 4397.911957
RMSE: 66.316755
R2: 0.232767

 > Test data <
Metrics for supercritical:
MAPE: 45.0%
MAE: 22.862472
MSE: 765.25903
RMSE: 27.663316
R2: -0.480294

*** Cross-Validation Metrics ***
Supercritical Phase - RMSE (mean): 31.65558728906521
RMSE (std): 53.15725508482686MAE (mean): 31.65558728906521
MAE (std): 53.15725508482686R² (mean): nan
R² (std): nanMSE (mean): 3827.7699747689767
MSE (std): 22445.71350790029>>> Comparison: Supercritical <<<

Metrics for supercritical - Exp x NIST:
MAPE: 4.0%
MAE: 2.389136
MSE: 32.386242
RMSE: 5.690891
R2: 0.993185

Metrics for supercritical - Exp x Model:
MAPE: 44.0%
MAE: 31.655587
MSE: 3827.769975
RMSE: 61.868974
R2: 0.194574

Metrics for supercritical - NIST x Model:
MAPE: 44.0%
MAE: 31.725167
MSE: 3806.753643
RMSE: 61.698895
R2: 0.172746
