
Number of matched data between NIST and Experimental: 864
Number of missing data between NIST and Experimental: 246
Number of data labeled with 'undefined': 141
Number of data points in Liquid state: 111Number of data points in Vapor state: 308Number of data points in Supercritical state: 445

>>> LIQUID PHASE <<<

Best Hyperparameters for liquid state for Bagging with Lasso: {'bootstrap': True, 'max_features': 1.0, 'max_samples': 0.5, 'n_estimators': 100, 'random_state': 42}.

 > Train data <
Metrics for liquid:
MAPE: 32.0%
MAE: 25.532853
MSE: 1217.447768
RMSE: 34.891944
R2: 0.712645

 > Test data <
Metrics for liquid:
MAPE: 62.0%
MAE: 24.076356
MSE: 1387.195524
RMSE: 37.245074
R2: 0.619127
>>> Comparison: Liquid <<<

Metrics for liquid - Exp x NIST:
MAPE: 28.999999999999996%
MAE: 21.33426
MSE: 2050.595472
RMSE: 45.283501
R2: 0.505588

Metrics for liquid - Exp x Model:
MAPE: 39.0%
MAE: 25.751933
MSE: 1319.146323
RMSE: 36.320054
R2: 0.681945

Metrics for liquid - NIST x Model:
MAPE: 21.0%
MAE: 19.159617
MSE: 698.483409
RMSE: 26.428837
R2: 0.762726


>>> VAPOR PHASE <<<

Best Hyperparameters for vapor state for Bagging with Lasso: {'bootstrap': True, 'max_features': 0.5, 'max_samples': 0.5, 'n_estimators': 200, 'random_state': 42}.

 > Train data <
Metrics for vapor:
MAPE: 18.0%
MAE: 2.851219
MSE: 94.441945
RMSE: 9.718125
R2: 0.00329

 > Test data <
Metrics for vapor:
MAPE: 18.0%
MAE: 2.008617
MSE: 6.039831
RMSE: 2.457607
R2: -0.293882
>>> Comparison: Vapor <<<

Metrics for vapor - Exp x NIST:
MAPE: 2.0%
MAE: 0.870279
MSE: 78.003988
RMSE: 8.831987
R2: -0.015534

Metrics for vapor - Exp x Model:
MAPE: 17.0%
MAE: 2.560689
MSE: 78.662685
RMSE: 8.869199
R2: -0.02411

Metrics for vapor - NIST x Model:
MAPE: 18.0%
MAE: 2.035052
MSE: 10.227837
RMSE: 3.198099
R2: -0.053614


>>> SUPERCRITICAL PHASE <<<

Best Hyperparameters for supercritical state for Bagging with Lasso: {'bootstrap': True, 'max_features': 1.0, 'max_samples': 0.5, 'n_estimators': 50, 'random_state': 42}.

 > Train data <
Metrics for supercritical:
MAPE: 28.999999999999996%
MAE: 5.566146
MSE: 84.62805
RMSE: 9.199351
R2: 0.519757

 > Test data <
Metrics for supercritical:
MAPE: 33.0%
MAE: 6.087631
MSE: 114.39363
RMSE: 10.695496
R2: 0.217981
>>> Comparison: Supercritical <<<

Metrics for supercritical - Exp x NIST:
MAPE: 15.0%
MAE: 2.22894
MSE: 79.405683
RMSE: 8.910987
R2: 0.533763

Metrics for supercritical - Exp x Model:
MAPE: 31.0%
MAE: 5.946943
MSE: 94.001634
RMSE: 9.695444
R2: 0.448062

Metrics for supercritical - NIST x Model:
MAPE: 21.0%
MAE: 4.79808
MSE: 47.343413
RMSE: 6.880655
R2: 0.773726
