
Number of matched data between NIST and Experimental: 864
Number of missing data between NIST and Experimental: 246
Number of data labeled with 'undefined': 141
Number of data points in Liquid state: 111Number of data points in Vapor state: 308Number of data points in Supercritical state: 445

>>> LIQUID PHASE <<<

Best Hyperparameters for liquid state for XGB: {'colsample_bytree': 0.6, 'learning_rate': 0.1, 'max_depth': 3, 'min_child_weight': 5, 'n_estimators': 100, 'random_state': 42, 'subsample': 0.8}.

 > Train data <
Metrics for liquid:
MAPE: 16.0%
MAE: 7.835004
MSE: 239.839168
RMSE: 15.486742
R2: 0.943391

 > Test data <
Metrics for liquid:
MAPE: 47.0%
MAE: 13.198795
MSE: 717.697738
RMSE: 26.789881
R2: 0.802947
>>> Comparison: Liquid <<<

Metrics for liquid - Exp x NIST:
MAPE: 28.999999999999996%
MAE: 21.33426
MSE: 2050.595472
RMSE: 45.283501
R2: 0.505588

Metrics for liquid - Exp x Model:
MAPE: 25.0%
MAE: 12.245288
MSE: 480.926635
RMSE: 21.93004
R2: 0.884045

Metrics for liquid - NIST x Model:
MAPE: 26.0%
MAE: 24.842446
MSE: 1828.317302
RMSE: 42.758827
R2: 0.378924


>>> VAPOR PHASE <<<

Best Hyperparameters for vapor state for XGB: {'colsample_bytree': 0.6, 'learning_rate': 0.1, 'max_depth': 3, 'min_child_weight': 3, 'n_estimators': 50, 'random_state': 42, 'subsample': 0.8}.

 > Train data <
Metrics for vapor:
MAPE: 8.0%
MAE: 1.261304
MSE: 40.35423
RMSE: 6.352498
R2: 0.574114

 > Test data <
Metrics for vapor:
MAPE: 12.0%
MAE: 1.450641
MSE: 33.489113
RMSE: 5.786978
R2: -6.1742
>>> Comparison: Vapor <<<

Metrics for vapor - Exp x NIST:
MAPE: 2.0%
MAE: 0.870279
MSE: 78.003988
RMSE: 8.831987
R2: -0.015534

Metrics for vapor - Exp x Model:
MAPE: 8.0%
MAE: 1.468753
MSE: 64.373257
RMSE: 8.023295
R2: 0.161924

Metrics for vapor - NIST x Model:
MAPE: 17.0%
MAE: 1.292654
MSE: 33.441782
RMSE: 5.782887
R2: -2.444985


>>> SUPERCRITICAL PHASE <<<

Best Hyperparameters for supercritical state for XGB: {'colsample_bytree': 0.6, 'learning_rate': 0.1, 'max_depth': 4, 'min_child_weight': 3, 'n_estimators': 100, 'random_state': 42, 'subsample': 0.8}.

 > Train data <
Metrics for supercritical:
MAPE: 11.0%
MAE: 2.15683
MSE: 12.993546
RMSE: 3.604656
R2: 0.926265

 > Test data <
Metrics for supercritical:
MAPE: 15.0%
MAE: 3.033288
MSE: 28.848772
RMSE: 5.371105
R2: 0.802784
>>> Comparison: Supercritical <<<

Metrics for supercritical - Exp x NIST:
MAPE: 15.0%
MAE: 2.22894
MSE: 79.405683
RMSE: 8.910987
R2: 0.533763

Metrics for supercritical - Exp x Model:
MAPE: 14.000000000000002%
MAE: 2.84439
MSE: 25.394927
RMSE: 5.039338
R2: 0.850892

Metrics for supercritical - NIST x Model:
MAPE: 15.0%
MAE: 4.117938
MSE: 79.86746
RMSE: 8.93686
R2: 0.618279
