
Number of matched data between NIST and Experimental: 57
Number of missing data between NIST and Experimental: 6
Number of data labeled with 'undefined': 6
Number of data points in Liquid state: 0
Number of data points in Vapor state: 21
Number of data points in Supercritical state: 36
Data size in liquid phase (NIST): 0, Corresponding experimental data: 0
Data size in vapor phase (NIST): 21, Corresponding experimental data: 21
Data size in supercritical phase (NIST): 36, Corresponding experimental data: 36

>>> LIQUID PHASE <<<
!!!!! No data points available for the liquid state for the Joule-Thomson !!!!!


>>> VAPOR PHASE <<<

Best Hyperparameters for vapor state for GradientBoosting: {'learning_rate': 0.1, 'loss': 'huber', 'max_depth': 4, 'min_samples_leaf': 1, 'min_samples_split': 2, 'n_estimators': 50, 'random_state': 42}.

 > Train data <
Metrics for vapor:
MAPE: 0.0%
MAE: 0.006154
MSE: 5.9e-05
RMSE: 0.007687
R2: 0.99997

 > Test data <
Metrics for vapor:
MAPE: 6.0%
MAE: 0.265381
MSE: 0.108239
RMSE: 0.328997
R2: 0.897677

*** Cross-Validation Metrics ***
Vapor Phase - RMSE (mean): 0.12346920305199498
RMSE (std): 0.1660833656481819MAE (mean): 0.12346920305199498
MAE (std): 0.1660833656481819R² (mean): nan
R² (std): nanMSE (mean): 0.04282832844732244
MSE (std): 0.09271426778486826>>> Comparison: Vapor <<<

Metrics for vapor - Exp x NIST:
MAPE: 4.0%
MAE: 0.180099
MSE: 0.05858
RMSE: 0.242033
R2: 0.96671

Metrics for vapor - Exp x Model:
MAPE: 2.0%
MAE: 0.123469
MSE: 0.042828
RMSE: 0.20695
R2: 0.975661

Metrics for vapor - NIST x Model:
MAPE: 4.0%
MAE: 0.162026
MSE: 0.066825
RMSE: 0.258506
R2: 0.954384


>>> SUPERCRITICAL PHASE <<<

Best Hyperparameters for supercritical state for GradientBoosting: {'learning_rate': 0.1, 'loss': 'huber', 'max_depth': 4, 'min_samples_leaf': 1, 'min_samples_split': 2, 'n_estimators': 200, 'random_state': 42}.

 > Train data <
Metrics for supercritical:
MAPE: 0.0%
MAE: 4.5e-05
MSE: 0.0
RMSE: 0.000119
R2: 1.0

 > Test data <
Metrics for supercritical:
MAPE: 4.0%
MAE: 0.151063
MSE: 0.037571
RMSE: 0.193833
R2: 0.989292

*** Cross-Validation Metrics ***
Supercritical Phase - RMSE (mean): 0.13025626827292655
RMSE (std): 0.1988796264464916MAE (mean): 0.13025626827292655
MAE (std): 0.1988796264464916R² (mean): nan
R² (std): nanMSE (mean): 0.05651980123988465
MSE (std): 0.232765738518784>>> Comparison: Supercritical <<<

Metrics for supercritical - Exp x NIST:
MAPE: 9.0%
MAE: 0.444272
MSE: 0.580535
RMSE: 0.761929
R2: 0.786663

Metrics for supercritical - Exp x Model:
MAPE: 3.0%
MAE: 0.130256
MSE: 0.05652
RMSE: 0.237739
R2: 0.97923

Metrics for supercritical - NIST x Model:
MAPE: 10.0%
MAE: 0.406596
MSE: 0.497119
RMSE: 0.705066
R2: 0.575941
