
Number of matched data between NIST and Experimental: 881
Number of missing data between NIST and Experimental: 0
Number of data labeled with 'undefined': 0
Number of data points in Liquid state: 329Number of data points in Vapor state: 377Number of data points in Supercritical state: 175

>>> LIQUID PHASE <<<

Best Hyperparameters for liquid state for KNeighbors: {'algorithm': 'auto', 'leaf_size': 40, 'n_neighbors': 3, 'p': 1, 'weights': 'distance'}.

 > Train data <
Metrics for liquid:
MAPE: 0.0%
MAE: 0.0
MSE: 0.0
RMSE: 0.0
R2: 1.0

 > Test data <
Metrics for liquid:
MAPE: 25806561258900.0%
MAE: 0.108135
MSE: 0.13662
RMSE: 0.369621
R2: 0.95594
>>> Comparison: Liquid <<<

Metrics for liquid - Exp x NIST:
MAPE: 5145114807847795.0%
MAE: 0.58964
MSE: 0.363575
RMSE: 0.602971
R2: 0.874573

Metrics for liquid - Exp x Model:
MAPE: 3068180598995.0%
MAE: 0.075945
MSE: 0.090552
RMSE: 0.300919
R2: 0.968761

Metrics for liquid - NIST x Model:
MAPE: 261.0%
MAE: 0.561345
MSE: 0.320721
RMSE: 0.566322
R2: 0.892486


>>> VAPOR PHASE <<<

Best Hyperparameters for vapor state for KNeighbors: {'algorithm': 'auto', 'leaf_size': 40, 'n_neighbors': 3, 'p': 1, 'weights': 'uniform'}.

 > Train data <
Metrics for vapor:
MAPE: 7.000000000000001%
MAE: 0.127518
MSE: 0.427763
RMSE: 0.654036
R2: 0.905763

 > Test data <
Metrics for vapor:
MAPE: 5.0%
MAE: 0.293289
MSE: 0.849441
RMSE: 0.921651
R2: 0.873947
>>> Comparison: Vapor <<<

Metrics for vapor - Exp x NIST:
MAPE: 71.0%
MAE: 0.841067
MSE: 4.687981
RMSE: 2.165175
R2: 0.059932

Metrics for vapor - Exp x Model:
MAPE: 10.0%
MAE: 0.25402
MSE: 0.956653
RMSE: 0.978087
R2: 0.808165

Metrics for vapor - NIST x Model:
MAPE: 9.0%
MAE: 0.832686
MSE: 4.366388
RMSE: 2.08959
R2: -0.578539


>>> SUPERCRITICAL PHASE <<<

Best Hyperparameters for supercritical state for KNeighbors: {'algorithm': 'auto', 'leaf_size': 40, 'n_neighbors': 5, 'p': 2, 'weights': 'distance'}.

 > Train data <
Metrics for supercritical:
MAPE: 0.0%
MAE: 0.0
MSE: 0.0
RMSE: 0.0
R2: 1.0

 > Test data <
Metrics for supercritical:
MAPE: 16.0%
MAE: 0.45803
MSE: 1.161096
RMSE: 1.077542
R2: 0.929746
>>> Comparison: Supercritical <<<

Metrics for supercritical - Exp x NIST:
MAPE: 122.0%
MAE: 1.682961
MSE: 16.721185
RMSE: 4.089155
R2: -0.500135

Metrics for supercritical - Exp x Model:
MAPE: 11.0%
MAE: 0.422439
MSE: 0.679595
RMSE: 0.824375
R2: 0.93903

Metrics for supercritical - NIST x Model:
MAPE: 15.0%
MAE: 1.779737
MSE: 15.783201
RMSE: 3.972808
R2: -1.351166
