
Number of matched data between NIST and Experimental: 315
Number of missing data between NIST and Experimental: 1
Number of data labeled with 'undefined': 0
Number of data points in Liquid state: 110
Number of data points in Vapor state: 4
Number of data points in Supercritical state: 201
Data size in liquid phase (NIST): 110, Corresponding experimental data: 110
Data size in vapor phase (NIST): 4, Corresponding experimental data: 4
Data size in supercritical phase (NIST): 201, Corresponding experimental data: 201

>>> LIQUID PHASE <<<

Best Hyperparameters for liquid state for XGB: {'colsample_bytree': 0.6, 'learning_rate': 0.1, 'max_depth': 4, 'min_child_weight': 5, 'n_estimators': 50, 'random_state': 42, 'subsample': 0.6}.

 > Train data <
Metrics for liquid:
MAPE: 1.0%
MAE: 0.355763
MSE: 0.684188
RMSE: 0.827157
R2: 0.832702

 > Test data <
Metrics for liquid:
MAPE: 3.0%
MAE: 0.766075
MSE: 4.54388
RMSE: 2.131638
R2: 0.387089

*** Cross-Validation Metrics ***
Liquid Phase - RMSE (mean): 0.6824828449596057
RMSE (std): 1.350216911372322MAE (mean): 0.6824828449596057
MAE (std): 1.350216911372322R² (mean): nan
R² (std): nanMSE (mean): 2.288868541419969
MSE (std): 13.061868353100394>>> Comparison: Liquid <<<

Metrics for liquid - Exp x NIST:
MAPE: 2.0%
MAE: 0.445519
MSE: 1.814698
RMSE: 1.347107
R2: 0.621723

Metrics for liquid - Exp x Model:
MAPE: 2.0%
MAE: 0.682483
MSE: 2.288869
RMSE: 1.512901
R2: 0.522881

Metrics for liquid - NIST x Model:
MAPE: 2.0%
MAE: 0.532018
MSE: 0.49655
RMSE: 0.704663
R2: 0.779555


>>> VAPOR PHASE <<<

Best Hyperparameters for vapor state for XGB: {'colsample_bytree': 0.6, 'learning_rate': 0.01, 'max_depth': 3, 'min_child_weight': 3, 'n_estimators': 50, 'random_state': 42, 'subsample': 0.6}.

 > Train data <
Metrics for vapor:
MAPE: 12.0%
MAE: 3.251111
MSE: 13.441356
RMSE: 3.666245
R2: 0.0

 > Test data <
Metrics for vapor:
MAPE: 13.0%
MAE: 3.093334
MSE: 9.568713
RMSE: 3.093334
R2: nan

*** Cross-Validation Metrics ***
Vapor Phase - RMSE (mean): 3.766666622161865
RMSE (std): 2.631273852073414MAE (mean): 3.766666622161865
MAE (std): 2.631273852073414R² (mean): nan
R² (std): nanMSE (mean): 21.111379527113534
MSE (std): 21.5451182444356>>> Comparison: Vapor <<<

Metrics for vapor - Exp x NIST:
MAPE: 3.0%
MAE: 0.661875
MSE: 0.655558
RMSE: 0.809666
R2: 0.944796

Metrics for vapor - Exp x Model:
MAPE: 14.000000000000002%
MAE: 3.766667
MSE: 21.11138
RMSE: 4.594712
R2: -0.777778

Metrics for vapor - NIST x Model:
MAPE: 11.0%
MAE: 3.152192
MSE: 16.19547
RMSE: 4.02436
R2: -0.980982


>>> SUPERCRITICAL PHASE <<<

Best Hyperparameters for supercritical state for XGB: {'colsample_bytree': 0.6, 'learning_rate': 0.1, 'max_depth': 3, 'min_child_weight': 5, 'n_estimators': 100, 'random_state': 42, 'subsample': 0.6}.

 > Train data <
Metrics for supercritical:
MAPE: 1.0%
MAE: 0.470457
MSE: 1.71417
RMSE: 1.309263
R2: 0.785039

 > Test data <
Metrics for supercritical:
MAPE: 1.0%
MAE: 0.450262
MSE: 0.381277
RMSE: 0.617476
R2: 0.87923

*** Cross-Validation Metrics ***
Supercritical Phase - RMSE (mean): 0.693705877047866
RMSE (std): 1.5213908772973128MAE (mean): 0.693705877047866
MAE (std): 1.5213908772973128R² (mean): nan
R² (std): nanMSE (mean): 2.7958580453742368
MSE (std): 20.081480444647852>>> Comparison: Supercritical <<<

Metrics for supercritical - Exp x NIST:
MAPE: 1.0%
MAE: 0.483137
MSE: 1.000475
RMSE: 1.000237
R2: 0.857918

Metrics for supercritical - Exp x Model:
MAPE: 2.0%
MAE: 0.693706
MSE: 2.795858
RMSE: 1.672082
R2: 0.602947

Metrics for supercritical - NIST x Model:
MAPE: 2.0%
MAE: 0.664121
MSE: 1.484496
RMSE: 1.218399
R2: 0.661044
