
Number of matched data between NIST and Experimental: 57
Number of missing data between NIST and Experimental: 6
Number of data labeled with 'undefined': 6
Number of data points in Liquid state: 0
Number of data points in Vapor state: 21
Number of data points in Supercritical state: 36
Data size in liquid phase (NIST): 0, Corresponding experimental data: 0
Data size in vapor phase (NIST): 21, Corresponding experimental data: 21
Data size in supercritical phase (NIST): 36, Corresponding experimental data: 36

>>> LIQUID PHASE <<<
!!!!! No data points available for the liquid state for the Joule-Thomson !!!!!


>>> VAPOR PHASE <<<

Best Hyperparameters for vapor state for Neural Network: {'activation': 'relu', 'alpha': 0.01, 'batch_size': 64, 'hidden_layer_sizes': (512, 256, 128, 64), 'learning_rate_init': 0.001, 'max_iter': 100, 'solver': 'adam'}.

 > Train data <
Metrics for vapor:
MAPE: 45.0%
MAE: 2.113813
MSE: 7.29898
RMSE: 2.701662
R2: -2.757707

 > Test data <
Metrics for vapor:
MAPE: 55.00000000000001%
MAE: 2.618961
MSE: 8.505379
RMSE: 2.916398
R2: -7.040448

*** Cross-Validation Metrics ***
Vapor Phase - RMSE (mean): 1.8498100077186534
RMSE (std): 1.367816318026792MAE (mean): 1.5797189446636057
MAE (std): 1.117227398716199R² (mean): nan
R² (std): nanMSE (mean): 3.6974075321948345
MSE (std): 3.955160423605763>>> Comparison: Vapor <<<

Metrics for vapor - Exp x NIST:
MAPE: 4.0%
MAE: 0.180099
MSE: 0.05858
RMSE: 0.242033
R2: 0.96671

Metrics for vapor - Exp x Model:
MAPE: 36.0%
MAE: 1.41863
MSE: 3.663367
RMSE: 1.913992
R2: -1.081835

Metrics for vapor - NIST x Model:
MAPE: 36.0%
MAE: 1.358615
MSE: 3.324943
RMSE: 1.823443
R2: -1.269656


>>> SUPERCRITICAL PHASE <<<

Best Hyperparameters for supercritical state for Neural Network: {'activation': 'relu', 'alpha': 0.01, 'batch_size': 64, 'hidden_layer_sizes': (512, 256, 128, 64), 'learning_rate_init': 0.001, 'max_iter': 100, 'solver': 'adam'}.

 > Train data <
Metrics for supercritical:
MAPE: 36.0%
MAE: 1.55878
MSE: 4.751808
RMSE: 2.179864
R2: -0.962793

 > Test data <
Metrics for supercritical:
MAPE: 38.0%
MAE: 2.032833
MSE: 7.995579
RMSE: 2.827645
R2: -1.278747

*** Cross-Validation Metrics ***
Supercritical Phase - RMSE (mean): 1.8024691815500162
RMSE (std): 1.6233009894937036MAE (mean): 1.8261946384724412
MAE (std): 1.3985400170503743R² (mean): nan
R² (std): nanMSE (mean): 4.403249180484975
MSE (std): 6.884806660552812>>> Comparison: Supercritical <<<

Metrics for supercritical - Exp x NIST:
MAPE: 9.0%
MAE: 0.444272
MSE: 0.580535
RMSE: 0.761929
R2: 0.786663

Metrics for supercritical - Exp x Model:
MAPE: 56.00000000000001%
MAE: 1.885522
MSE: 5.724178
RMSE: 2.392525
R2: -1.103536

Metrics for supercritical - NIST x Model:
MAPE: 54.0%
MAE: 1.581567
MSE: 3.793799
RMSE: 1.947768
R2: -2.236239
