
Number of matched data between NIST and Experimental: 897
Number of missing data between NIST and Experimental: 19
Number of data labeled with 'undefined': 16
Number of data points in Liquid state: 385
Number of data points in Vapor state: 289
Number of data points in Supercritical state: 223
Data size in liquid phase (NIST): 385, Corresponding experimental data: 385
Data size in vapor phase (NIST): 289, Corresponding experimental data: 289
Data size in supercritical phase (NIST): 223, Corresponding experimental data: 223

>>> LIQUID PHASE <<<

Best Hyperparameters for liquid state for Adaboost with Ridge: {'learning_rate': 0.01, 'loss': 'linear', 'n_estimators': 50, 'random_state': 42}.

 > Train data <
Metrics for liquid:
MAPE: 20.0%
MAE: 94.515405
MSE: 21467.034325
RMSE: 146.516328
R2: 0.867895

 > Test data <
Metrics for liquid:
MAPE: 26.0%
MAE: 117.062954
MSE: 29746.449563
RMSE: 172.471591
R2: 0.838086

*** Cross-Validation Metrics ***
Liquid Phase - RMSE (mean): 100.64176917132784
RMSE (std): 117.2046767622372MAE (mean): 100.64176917132784
MAE (std): 117.2046767622372R² (mean): nan
R² (std): nanMSE (mean): 23865.70195687534
MSE (std): 53780.92152263237>>> Comparison: Liquid <<<

Metrics for liquid - Exp x NIST:
MAPE: 6.0%
MAE: 25.674421
MSE: 11763.196378
RMSE: 108.45827
R2: 0.929654

Metrics for liquid - Exp x Model:
MAPE: 21.0%
MAE: 100.641769
MSE: 23865.701957
RMSE: 154.485281
R2: 0.857278

Metrics for liquid - NIST x Model:
MAPE: 21.0%
MAE: 102.536595
MSE: 25127.268624
RMSE: 158.515831
R2: 0.846571


>>> VAPOR PHASE <<<

Best Hyperparameters for vapor state for Adaboost with Ridge: {'learning_rate': 0.1, 'loss': 'exponential', 'n_estimators': 100, 'random_state': 42}.

 > Train data <
Metrics for vapor:
MAPE: 38.0%
MAE: 158.942648
MSE: 36190.092645
RMSE: 190.236938
R2: 0.215059

 > Test data <
Metrics for vapor:
MAPE: 32.0%
MAE: 130.413005
MSE: 24629.33094
RMSE: 156.937347
R2: 0.257927

*** Cross-Validation Metrics ***
Vapor Phase - RMSE (mean): 154.64293045544352
RMSE (std): 102.61196060760228MAE (mean): 154.64293045544352
MAE (std): 102.61196060760228R² (mean): nan
R² (std): nanMSE (mean): 34443.65039958326
MSE (std): 46996.95723329955>>> Comparison: Vapor <<<

Metrics for vapor - Exp x NIST:
MAPE: 21.0%
MAE: 140.144668
MSE: 65033.990522
RMSE: 255.017628
R2: -0.494158

Metrics for vapor - Exp x Model:
MAPE: 37.0%
MAE: 154.64293
MSE: 34443.6504
RMSE: 185.590006
R2: 0.208656

Metrics for vapor - NIST x Model:
MAPE: 56.99999999999999%
MAE: 186.442241
MSE: 46773.71334
RMSE: 216.272313
R2: -1.481168


>>> SUPERCRITICAL PHASE <<<

Best Hyperparameters for supercritical state for Adaboost with Ridge: {'learning_rate': 0.1, 'loss': 'linear', 'n_estimators': 50, 'random_state': 42}.

 > Train data <
Metrics for supercritical:
MAPE: 101.0%
MAE: 235.351747
MSE: 90029.45636
RMSE: 300.04909
R2: 0.909624

 > Test data <
Metrics for supercritical:
MAPE: 40.0%
MAE: 237.611503
MSE: 96522.011095
RMSE: 310.679917
R2: 0.91202

*** Cross-Validation Metrics ***
Supercritical Phase - RMSE (mean): 240.33760163857002
RMSE (std): 195.31899986344445MAE (mean): 240.33760163857002
MAE (std): 195.31899986344445R² (mean): nan
R² (std): nanMSE (mean): 95911.67446903621
MSE (std): 127709.87876008604>>> Comparison: Supercritical <<<

Metrics for supercritical - Exp x NIST:
MAPE: 45.0%
MAE: 3.993444
MSE: 971.914496
RMSE: 31.175543
R2: 0.999044

Metrics for supercritical - Exp x Model:
MAPE: 89.0%
MAE: 240.337602
MSE: 95911.674469
RMSE: 309.6961
R2: 0.905693

Metrics for supercritical - NIST x Model:
MAPE: 35.0%
MAE: 237.420427
MSE: 93994.857771
RMSE: 306.585808
R2: 0.907134
