
Number of matched data between NIST and Experimental: 1375
Number of missing data between NIST and Experimental: 3
Number of data labeled with 'undefined': 0
Number of data points in Liquid state: 503
Number of data points in Vapor state: 135
Number of data points in Supercritical state: 737
Data size in liquid phase (NIST): 503, Corresponding experimental data: 503
Data size in vapor phase (NIST): 135, Corresponding experimental data: 135
Data size in supercritical phase (NIST): 737, Corresponding experimental data: 737

>>> LIQUID PHASE <<<

Best Hyperparameters for liquid state for HistGradientBoosting: {'l2_regularization': 0, 'learning_rate': 0.05, 'max_bins': 255, 'max_depth': 3, 'max_iter': 100, 'max_leaf_nodes': 31, 'min_samples_leaf': 20}.

 > Train data <
Metrics for liquid:
MAPE: 5.0%
MAE: 7.950664
MSE: 520.055498
RMSE: 22.804725
R2: 0.852576

 > Test data <
Metrics for liquid:
MAPE: 13.0%
MAE: 14.320458
MSE: 1280.288946
RMSE: 35.781126
R2: 0.725686

*** Cross-Validation Metrics ***
Liquid Phase - RMSE (mean): 23.639648089629663
RMSE (std): 21.6325217551146MAE (mean): 14.324644452312956
MAE (std): 9.550392453905916R² (mean): -0.47698015477726174
R² (std): 1.589473951140435MSE (mean): 1026.7989592870376
MSE (std): 1810.9574736610414>>> Comparison: Liquid <<<

Metrics for liquid - Exp x NIST:
MAPE: 6.0%
MAE: 4.122365
MSE: 695.777952
RMSE: 26.377603
R2: 0.814818

Metrics for liquid - Exp x Model:
MAPE: 9.0%
MAE: 14.351658
MSE: 1033.582427
RMSE: 32.149377
R2: 0.724911

Metrics for liquid - NIST x Model:
MAPE: 4.0%
MAE: 11.829974
MSE: 379.138043
RMSE: 19.471467
R2: 0.880237


>>> VAPOR PHASE <<<

Best Hyperparameters for vapor state for HistGradientBoosting: {'l2_regularization': 0, 'learning_rate': 0.05, 'max_bins': 255, 'max_depth': 3, 'max_iter': 300, 'max_leaf_nodes': 31, 'min_samples_leaf': 20}.

 > Train data <
Metrics for vapor:
MAPE: 81.0%
MAE: 7.312722
MSE: 233.421657
RMSE: 15.278143
R2: 0.838736

 > Test data <
Metrics for vapor:
MAPE: 88.0%
MAE: 9.57736
MSE: 314.876875
RMSE: 17.74477
R2: 0.79242

*** Cross-Validation Metrics ***
Vapor Phase - RMSE (mean): 17.60275678147115
RMSE (std): 21.95501664771893MAE (mean): 12.47085069041194
MAE (std): 14.623965919700034R² (mean): -4.1988204653389905e+30
R² (std): 1.2330182217242462e+31MSE (mean): 791.879802309244
MSE (std): 1854.1136721478535>>> Comparison: Vapor <<<

Metrics for vapor - Exp x NIST:
MAPE: 3.0%
MAE: 3.988368
MSE: 489.328457
RMSE: 22.12077
R2: 0.665185

Metrics for vapor - Exp x Model:
MAPE: 157.0%
MAE: 12.648541
MSE: 814.031354
RMSE: 28.531235
R2: 0.443012

Metrics for vapor - NIST x Model:
MAPE: 155.0%
MAE: 8.765049
MSE: 267.961441
RMSE: 16.369528
R2: 0.634668


>>> SUPERCRITICAL PHASE <<<

Best Hyperparameters for supercritical state for HistGradientBoosting: {'l2_regularization': 0.5, 'learning_rate': 0.05, 'max_bins': 255, 'max_depth': 7, 'max_iter': 300, 'max_leaf_nodes': 31, 'min_samples_leaf': 20}.

 > Train data <
Metrics for supercritical:
MAPE: 3.0%
MAE: 4.442475
MSE: 78.817387
RMSE: 8.877916
R2: 0.990423

 > Test data <
Metrics for supercritical:
MAPE: 4.0%
MAE: 7.239004
MSE: 260.477513
RMSE: 16.139316
R2: 0.969182

*** Cross-Validation Metrics ***
Supercritical Phase - RMSE (mean): 17.273938946979236
RMSE (std): 5.952016734420992MAE (mean): 11.301020965420374
MAE (std): 2.6195472582783657R² (mean): 0.7228392075908988
R² (std): 0.23113536052336092MSE (mean): 333.8154699507937
MSE (std): 223.67586653026996>>> Comparison: Supercritical <<<

Metrics for supercritical - Exp x NIST:
MAPE: 1.0%
MAE: 1.812871
MSE: 106.597344
RMSE: 10.324599
R2: 0.987201

Metrics for supercritical - Exp x Model:
MAPE: 8.0%
MAE: 11.306586
MSE: 334.350905
RMSE: 18.285265
R2: 0.959854

Metrics for supercritical - NIST x Model:
MAPE: 8.0%
MAE: 10.418178
MSE: 226.994301
RMSE: 15.06633
R2: 0.972586
