
Number of matched data between NIST and Experimental: 513
Number of missing data between NIST and Experimental: 0
Number of data labeled with 'undefined': 0
Number of data points in Liquid state: 195
Number of data points in Vapor state: 164
Number of data points in Supercritical state: 154
Data size in liquid phase (NIST): 195, Corresponding experimental data: 195
Data size in vapor phase (NIST): 164, Corresponding experimental data: 164
Data size in supercritical phase (NIST): 154, Corresponding experimental data: 154

>>> LIQUID PHASE <<<

Best Hyperparameters for liquid state for DecisionTree: {'criterion': 'absolute_error', 'max_depth': None, 'min_samples_leaf': 2, 'min_samples_split': 2, 'random_state': 42}.

 > Train data <
Metrics for liquid:
MAPE: 3.0%
MAE: 5.685467
MSE: 1648.422205
RMSE: 40.600766
R2: 0.605402

 > Test data <
Metrics for liquid:
MAPE: 2.0%
MAE: 1.859473
MSE: 21.961658
RMSE: 4.686327
R2: 0.894924

*** Cross-Validation Metrics ***
Liquid Phase - RMSE (mean): 7.4909664102564095
RMSE (std): 58.81718296613723MAE (mean): 7.4909664102564095
MAE (std): 58.81718296613723R² (mean): nan
R² (std): nanMSE (mean): 3515.575589831654
MSE (std): 40794.015524389106>>> Comparison: Liquid <<<

Metrics for liquid - Exp x NIST:
MAPE: 1.0%
MAE: 4.215452
MSE: 2820.263864
RMSE: 53.106157
R2: 0.167477

Metrics for liquid - Exp x Model:
MAPE: 4.0%
MAE: 7.490966
MSE: 3515.57559
RMSE: 59.292289
R2: -0.037774

Metrics for liquid - NIST x Model:
MAPE: 4.0%
MAE: 3.656297
MSE: 641.388695
RMSE: 25.325653
R2: -1.337841


>>> VAPOR PHASE <<<

Best Hyperparameters for vapor state for DecisionTree: {'criterion': 'absolute_error', 'max_depth': 10, 'min_samples_leaf': 1, 'min_samples_split': 2, 'random_state': 42}.

 > Train data <
Metrics for vapor:
MAPE: 0.0%
MAE: 0.004357
MSE: 0.000387
RMSE: 0.01968
R2: 1.0

 > Test data <
Metrics for vapor:
MAPE: 4.0%
MAE: 10.770161
MSE: 2847.02874
RMSE: 53.357556
R2: 0.957956

*** Cross-Validation Metrics ***
Vapor Phase - RMSE (mean): 5.785742987804878
RMSE (std): 31.599832670483526MAE (mean): 5.785742987804878
MAE (std): 31.599832670483526R² (mean): nan
R² (std): nanMSE (mean): 1032.0242467234912
MSE (std): 8432.771539566033>>> Comparison: Vapor <<<

Metrics for vapor - Exp x NIST:
MAPE: 2.0%
MAE: 18.556296
MSE: 17686.113319
RMSE: 132.989147
R2: 0.116609

Metrics for vapor - Exp x Model:
MAPE: 4.0%
MAE: 5.785743
MSE: 1032.024247
RMSE: 32.125134
R2: 0.948452

Metrics for vapor - NIST x Model:
MAPE: 20.0%
MAE: 19.988957
MSE: 14382.447978
RMSE: 119.926844
R2: -12.024505


>>> SUPERCRITICAL PHASE <<<

Best Hyperparameters for supercritical state for DecisionTree: {'criterion': 'absolute_error', 'max_depth': 10, 'min_samples_leaf': 1, 'min_samples_split': 2, 'random_state': 42}.

 > Train data <
Metrics for supercritical:
MAPE: 0.0%
MAE: 0.482517
MSE: 9.382062
RMSE: 3.063015
R2: 0.998363

 > Test data <
Metrics for supercritical:
MAPE: 9.0%
MAE: 8.07664
MSE: 626.753726
RMSE: 25.03505
R2: -0.212373

*** Cross-Validation Metrics ***
Supercritical Phase - RMSE (mean): 11.491435714285716
RMSE (std): 33.07312465863201MAE (mean): 11.491435714285716
MAE (std): 33.07312465863201R² (mean): nan
R² (std): nanMSE (mean): 1225.8846694609738
MSE (std): 7575.550585483564>>> Comparison: Supercritical <<<

Metrics for supercritical - Exp x NIST:
MAPE: 4.0%
MAE: 2.389136
MSE: 32.386242
RMSE: 5.690891
R2: 0.993185

Metrics for supercritical - Exp x Model:
MAPE: 9.0%
MAE: 11.491436
MSE: 1225.884669
RMSE: 35.012636
R2: 0.742054

Metrics for supercritical - NIST x Model:
MAPE: 11.0%
MAE: 12.541924
MSE: 1310.456301
RMSE: 36.200225
R2: 0.715222
