
Number of matched data between NIST and Experimental: 1375
Number of missing data between NIST and Experimental: 3
Number of data labeled with 'undefined': 0
Number of data points in Liquid state: 503
Number of data points in Vapor state: 135
Number of data points in Supercritical state: 737
Data size in liquid phase (NIST): 503, Corresponding experimental data: 503
Data size in vapor phase (NIST): 135, Corresponding experimental data: 135
Data size in supercritical phase (NIST): 737, Corresponding experimental data: 737

>>> LIQUID PHASE <<<

Best Hyperparameters for liquid state for DecisionTree: {'criterion': 'absolute_error', 'max_depth': 10, 'min_samples_leaf': 1, 'min_samples_split': 10, 'random_state': 42}.

 > Train data <
Metrics for liquid:
MAPE: 5.0%
MAE: 6.046011
MSE: 632.934104
RMSE: 25.158182
R2: 0.820578

 > Test data <
Metrics for liquid:
MAPE: 11.0%
MAE: 10.535056
MSE: 982.486643
RMSE: 31.344643
R2: 0.789493

*** Cross-Validation Metrics ***
Liquid Phase - RMSE (mean): 23.81721119983705
RMSE (std): 23.89861528707542MAE (mean): 13.234247974901962
MAE (std): 10.040782204169046R² (mean): -0.5637498582727398
R² (std): 2.480747442899396MSE (mean): 1138.4033619772786
MSE (std): 1941.9221810977022>>> Comparison: Liquid <<<

Metrics for liquid - Exp x NIST:
MAPE: 6.0%
MAE: 4.122365
MSE: 695.777952
RMSE: 26.377603
R2: 0.814818

Metrics for liquid - Exp x Model:
MAPE: 8.0%
MAE: 13.246141
MSE: 1143.072589
RMSE: 33.809357
R2: 0.69577

Metrics for liquid - NIST x Model:
MAPE: 3.0%
MAE: 10.535058
MSE: 479.08355
RMSE: 21.887977
R2: 0.848666


>>> VAPOR PHASE <<<

Best Hyperparameters for vapor state for DecisionTree: {'criterion': 'absolute_error', 'max_depth': None, 'min_samples_leaf': 2, 'min_samples_split': 2, 'random_state': 42}.

 > Train data <
Metrics for vapor:
MAPE: 7.000000000000001%
MAE: 3.02158
MSE: 112.471927
RMSE: 10.605278
R2: 0.922296

 > Test data <
Metrics for vapor:
MAPE: 14.000000000000002%
MAE: 5.0867
MSE: 70.152029
RMSE: 8.375681
R2: 0.953753

*** Cross-Validation Metrics ***
Vapor Phase - RMSE (mean): 25.55107427515602
RMSE (std): 26.649069877749145MAE (mean): 19.595339149450552
MAE (std): 18.785225300469918R² (mean): -1.247103629361658e+31
R² (std): 3.684478056958987e+31MSE (mean): 1363.0303219636962
MSE (std): 2149.3080750939953>>> Comparison: Vapor <<<

Metrics for vapor - Exp x NIST:
MAPE: 3.0%
MAE: 3.988368
MSE: 489.328457
RMSE: 22.12077
R2: 0.665185

Metrics for vapor - Exp x Model:
MAPE: 282.0%
MAE: 19.695522
MSE: 1371.876106
RMSE: 37.038846
R2: 0.061316

Metrics for vapor - NIST x Model:
MAPE: 281.0%
MAE: 16.030323
MSE: 809.422926
RMSE: 28.450359
R2: -0.103547


>>> SUPERCRITICAL PHASE <<<

Best Hyperparameters for supercritical state for DecisionTree: {'criterion': 'squared_error', 'max_depth': None, 'min_samples_leaf': 1, 'min_samples_split': 2, 'random_state': 42}.

 > Train data <
Metrics for supercritical:
MAPE: 0.0%
MAE: 0.0
MSE: 0.0
RMSE: 0.0
R2: 1.0

 > Test data <
Metrics for supercritical:
MAPE: 7.000000000000001%
MAE: 12.234575
MSE: 374.371363
RMSE: 19.348679
R2: 0.955707

*** Cross-Validation Metrics ***
Supercritical Phase - RMSE (mean): 26.506186079606163
RMSE (std): 10.40904059832596MAE (mean): 17.075259547278783
MAE (std): 5.727070546638854R² (mean): 0.04763735811540093
R² (std): 1.4282139398125544MSE (mean): 810.9260266643055
MSE (std): 655.5311473180747>>> Comparison: Supercritical <<<

Metrics for supercritical - Exp x NIST:
MAPE: 1.0%
MAE: 1.812871
MSE: 106.597344
RMSE: 10.324599
R2: 0.987201

Metrics for supercritical - Exp x Model:
MAPE: 13.0%
MAE: 17.07204
MSE: 810.172998
RMSE: 28.463538
R2: 0.902722

Metrics for supercritical - NIST x Model:
MAPE: 12.0%
MAE: 16.105132
MSE: 700.485381
RMSE: 26.466684
R2: 0.915403
