
Number of matched data between NIST and Experimental: 1375
Number of missing data between NIST and Experimental: 3
Number of data labeled with 'undefined': 0
Number of data points in Liquid state: 503Number of data points in Vapor state: 135Number of data points in Supercritical state: 737

>>> LIQUID PHASE <<<

 > Train data <
Metrics for liquid:
MAPE: 12.0%
MAE: 29.996791
MSE: 1673.79722
RMSE: 40.912067
R2: 0.525517

 > Test data <
Metrics for liquid:
MAPE: 19.0%
MAE: 30.247172
MSE: 2245.834121
RMSE: 47.390232
R2: 0.518809
>>> Comparison: Liquid <<<

Metrics for liquid - Exp x NIST:
MAPE: 6.0%
MAE: 4.122365
MSE: 695.777952
RMSE: 26.377603
R2: 0.814818

Metrics for liquid - Exp x Model:
MAPE: 10.0%
MAE: 19.271983
MSE: 1149.03736
RMSE: 33.897454
R2: 0.694183

Metrics for liquid - NIST x Model:
MAPE: 5.0%
MAE: 16.971519
MSE: 607.995583
RMSE: 24.657566
R2: 0.807945


>>> VAPOR PHASE <<<

 > Train data <
Metrics for vapor:
MAPE: 565.0%
MAE: 26.490145
MSE: 1801.377588
RMSE: 42.442639
R2: -0.244519

 > Test data <
Metrics for vapor:
MAPE: 137.0%
MAE: 21.921189
MSE: 1779.812834
RMSE: 42.187828
R2: -0.173329
>>> Comparison: Vapor <<<

Metrics for vapor - Exp x NIST:
MAPE: 3.0%
MAE: 3.988368
MSE: 489.328457
RMSE: 22.12077
R2: 0.665185

Metrics for vapor - Exp x Model:
MAPE: 256.0%
MAE: 18.968217
MSE: 1070.347618
RMSE: 32.716168
R2: 0.267632

Metrics for vapor - NIST x Model:
MAPE: 256.0%
MAE: 15.754463
MSE: 552.320438
RMSE: 23.501499
R2: 0.24698


>>> SUPERCRITICAL PHASE <<<

 > Train data <
Metrics for supercritical:
MAPE: 10.0%
MAE: 12.165526
MSE: 383.044733
RMSE: 19.571529
R2: 0.953458

 > Test data <
Metrics for supercritical:
MAPE: 8.0%
MAE: 12.54101
MSE: 443.480628
RMSE: 21.05898
R2: 0.947531
>>> Comparison: Supercritical <<<

Metrics for supercritical - Exp x NIST:
MAPE: 1.0%
MAE: 1.812871
MSE: 106.597344
RMSE: 10.324599
R2: 0.987201

Metrics for supercritical - Exp x Model:
MAPE: 12.0%
MAE: 16.217672
MSE: 508.13372
RMSE: 22.541822
R2: 0.938988

Metrics for supercritical - NIST x Model:
MAPE: 11.0%
MAE: 15.178216
MSE: 401.071541
RMSE: 20.026771
R2: 0.951563
