
Number of matched data between NIST and Experimental: 864
Number of missing data between NIST and Experimental: 246
Number of data labeled with 'undefined': 141
Number of data points in Liquid state: 111Number of data points in Vapor state: 308Number of data points in Supercritical state: 445

>>> LIQUID PHASE <<<

Best Hyperparameters for liquid state for GradientBoosting: {'learning_rate': 0.1, 'loss': 'huber', 'max_depth': 3, 'min_samples_leaf': 1, 'min_samples_split': 3, 'n_estimators': 200, 'random_state': 42}.

 > Train data <
Metrics for liquid:
MAPE: 0.0%
MAE: 0.406956
MSE: 0.45958
RMSE: 0.677923
R2: 0.999892

 > Test data <
Metrics for liquid:
MAPE: 31.0%
MAE: 8.731331
MSE: 432.696039
RMSE: 20.801347
R2: 0.881198
>>> Comparison: Liquid <<<

Metrics for liquid - Exp x NIST:
MAPE: 28.999999999999996%
MAE: 21.33426
MSE: 2050.595472
RMSE: 45.283501
R2: 0.505588

Metrics for liquid - Exp x Model:
MAPE: 12.0%
MAE: 5.789989
MSE: 338.176115
RMSE: 18.389565
R2: 0.918463

Metrics for liquid - NIST x Model:
MAPE: 23.0%
MAE: 22.388779
MSE: 1980.44744
RMSE: 44.502218
R2: 0.327246


>>> VAPOR PHASE <<<

Best Hyperparameters for vapor state for GradientBoosting: {'learning_rate': 0.1, 'loss': 'huber', 'max_depth': 5, 'min_samples_leaf': 3, 'min_samples_split': 2, 'n_estimators': 50, 'random_state': 42}.

 > Train data <
Metrics for vapor:
MAPE: 2.0%
MAE: 0.736585
MSE: 52.690386
RMSE: 7.258814
R2: 0.443922

 > Test data <
Metrics for vapor:
MAPE: 4.0%
MAE: 0.525025
MSE: 9.183726
RMSE: 3.030466
R2: -0.967382
>>> Comparison: Vapor <<<

Metrics for vapor - Exp x NIST:
MAPE: 2.0%
MAE: 0.870279
MSE: 78.003988
RMSE: 8.831987
R2: -0.015534

Metrics for vapor - Exp x Model:
MAPE: 3.0%
MAE: 0.877717
MSE: 57.721815
RMSE: 7.597487
R2: 0.24852

Metrics for vapor - NIST x Model:
MAPE: 8.0%
MAE: 0.516153
MSE: 10.028471
RMSE: 3.166776
R2: -0.033077


>>> SUPERCRITICAL PHASE <<<

Best Hyperparameters for supercritical state for GradientBoosting: {'learning_rate': 0.1, 'loss': 'huber', 'max_depth': 4, 'min_samples_leaf': 2, 'min_samples_split': 2, 'n_estimators': 200, 'random_state': 42}.

 > Train data <
Metrics for supercritical:
MAPE: 1.0%
MAE: 0.205488
MSE: 0.771482
RMSE: 0.878341
R2: 0.995622

 > Test data <
Metrics for supercritical:
MAPE: 3.0%
MAE: 0.923934
MSE: 3.875792
RMSE: 1.968703
R2: 0.973504
>>> Comparison: Supercritical <<<

Metrics for supercritical - Exp x NIST:
MAPE: 15.0%
MAE: 2.22894
MSE: 79.405683
RMSE: 8.910987
R2: 0.533763

Metrics for supercritical - Exp x Model:
MAPE: 4.0%
MAE: 0.832875
MSE: 7.772
RMSE: 2.787831
R2: 0.954366

Metrics for supercritical - NIST x Model:
MAPE: 7.000000000000001%
MAE: 2.526544
MSE: 76.654138
RMSE: 8.755235
R2: 0.633637
