
Number of matched data between NIST and Experimental: 1376
Number of missing data between NIST and Experimental: 2
Number of data labeled with 'undefined': 0
Number of data points in Liquid state: 503
Number of data points in Vapor state: 135
Number of data points in Supercritical state: 738
Data size in liquid phase (NIST): 503, Corresponding experimental data: 503
Data size in vapor phase (NIST): 135, Corresponding experimental data: 135
Data size in supercritical phase (NIST): 738, Corresponding experimental data: 738

>>> LIQUID PHASE <<<

Best Hyperparameters for liquid state for GradientBoosting: {'learning_rate': 0.1, 'loss': 'quantile', 'max_depth': 3, 'min_samples_leaf': 1, 'min_samples_split': 2, 'n_estimators': 100, 'random_state': 42}.

 > Train data <
Metrics for liquid:
MAPE: 5.0%
MAE: 0.000207
MSE: 2e-06
RMSE: 0.001493
R2: 0.110906

 > Test data <
Metrics for liquid:
MAPE: 7.000000000000001%
MAE: 0.000463
MSE: 8e-06
RMSE: 0.002812
R2: 0.068891

*** Cross-Validation Metrics ***
Liquid Phase - RMSE (mean): 0.0011422920677404706
RMSE (std): 0.0016674115712857534MAE (mean): 0.000356231610277956
MAE (std): 0.00041023805358252025R² (mean): -26.841231161198323
R² (std): 46.04250872185801MSE (mean): 4.085092516080426e-06
MSE (std): 9.521442136808027e-06>>> Comparison: Liquid <<<

Metrics for liquid - Exp x NIST:
MAPE: 1.0%
MAE: 0.000155
MSE: 3e-06
RMSE: 0.001849
R2: 0.079452

Metrics for liquid - Exp x Model:
MAPE: 8.0%
MAE: 0.000358
MSE: 4e-06
RMSE: 0.002032
R2: -0.111641

Metrics for liquid - NIST x Model:
MAPE: 8.0%
MAE: 0.000225
MSE: 1e-06
RMSE: 0.000873
R2: -1.073632


>>> VAPOR PHASE <<<

Best Hyperparameters for vapor state for GradientBoosting: {'learning_rate': 1.0, 'loss': 'quantile', 'max_depth': 5, 'min_samples_leaf': 1, 'min_samples_split': 4, 'n_estimators': 50, 'random_state': 42}.

 > Train data <
Metrics for vapor:
MAPE: 0.0%
MAE: 0.000116
MSE: 1e-06
RMSE: 0.000835
R2: 0.999996

 > Test data <
Metrics for vapor:
MAPE: 19.0%
MAE: 0.007982
MSE: 0.000379
RMSE: 0.019465
R2: 0.989374

*** Cross-Validation Metrics ***
Vapor Phase - RMSE (mean): 0.14785279152813907
RMSE (std): 0.41096714427060044MAE (mean): 0.11789859170852879
MAE (std): 0.33014376457118005R² (mean): -7.126155291316074e+29
R² (std): 1.524528656129236e+30MSE (mean): 0.19075444163259586
MSE (std): 0.5718468099804301>>> Comparison: Vapor <<<

Metrics for vapor - Exp x NIST:
MAPE: 12.0%
MAE: 0.001461
MSE: 8.9e-05
RMSE: 0.009447
R2: 0.999466

Metrics for vapor - Exp x Model:
MAPE: 35.0%
MAE: 0.113839
MSE: 0.183694
RMSE: 0.428595
R2: -0.099615

Metrics for vapor - NIST x Model:
MAPE: 26.0%
MAE: 0.113523
MSE: 0.183896
RMSE: 0.42883
R2: -0.100495


>>> SUPERCRITICAL PHASE <<<

Best Hyperparameters for supercritical state for GradientBoosting: {'learning_rate': 0.1, 'loss': 'huber', 'max_depth': 3, 'min_samples_leaf': 3, 'min_samples_split': 2, 'n_estimators': 200, 'random_state': 42}.

 > Train data <
Metrics for supercritical:
MAPE: 3.0%
MAE: 0.000245
MSE: 1e-06
RMSE: 0.000754
R2: 0.982749

 > Test data <
Metrics for supercritical:
MAPE: 6.0%
MAE: 0.00046
MSE: 1e-06
RMSE: 0.00095
R2: 0.97922

*** Cross-Validation Metrics ***
Supercritical Phase - RMSE (mean): 0.0010476513235472063
RMSE (std): 0.0004677324429796675MAE (mean): 0.0005866480940095377
MAE (std): 0.00021984745997239571R² (mean): 0.6189889987403435
R² (std): 0.4546765870347325MSE (mean): 1.3163469339459415e-06
MSE (std): 9.336731536178322e-07>>> Comparison: Supercritical <<<

Metrics for supercritical - Exp x NIST:
MAPE: 1.0%
MAE: 0.000119
MSE: 1e-06
RMSE: 0.000779
R2: 0.982686

Metrics for supercritical - Exp x Model:
MAPE: 8.0%
MAE: 0.000587
MSE: 1e-06
RMSE: 0.001149
R2: 0.962337

Metrics for supercritical - NIST x Model:
MAPE: 7.000000000000001%
MAE: 0.000515
MSE: 1e-06
RMSE: 0.000851
R2: 0.9793
