
Number of matched data between NIST and Experimental: 864
Number of missing data between NIST and Experimental: 246
Number of data labeled with 'undefined': 141
Number of data points in Liquid state: 111
Number of data points in Vapor state: 308
Number of data points in Supercritical state: 445
Data size in liquid phase (NIST): 111, Corresponding experimental data: 111
Data size in vapor phase (NIST): 308, Corresponding experimental data: 308
Data size in supercritical phase (NIST): 445, Corresponding experimental data: 445

>>> LIQUID PHASE <<<

Best Hyperparameters for liquid state for Adaboost with Lasso: {'learning_rate': 0.01, 'loss': 'linear', 'n_estimators': 50, 'random_state': 42}.

 > Train data <
Metrics for liquid:
MAPE: 32.0%
MAE: 25.446049
MSE: 1225.522925
RMSE: 35.00747
R2: 0.710739

 > Test data <
Metrics for liquid:
MAPE: 62.0%
MAE: 24.168773
MSE: 1381.721713
RMSE: 37.171518
R2: 0.62063

*** Cross-Validation Metrics ***
Liquid Phase - RMSE (mean): 25.69744309815415
RMSE (std): 25.366315838051197MAE (mean): 25.69744309815415
MAE (std): 25.366315838051197R² (mean): nan
R² (std): nanMSE (mean): 1303.8085609786374
MSE (std): 2519.352162745418>>> Comparison: Liquid <<<

Metrics for liquid - Exp x NIST:
MAPE: 28.999999999999996%
MAE: 21.33426
MSE: 2050.595472
RMSE: 45.283501
R2: 0.505588

Metrics for liquid - Exp x Model:
MAPE: 38.0%
MAE: 25.697443
MSE: 1303.808561
RMSE: 36.108289
R2: 0.685643

Metrics for liquid - NIST x Model:
MAPE: 21.0%
MAE: 19.288652
MSE: 701.219293
RMSE: 26.480546
R2: 0.761797


>>> VAPOR PHASE <<<

Best Hyperparameters for vapor state for Adaboost with Lasso: {'learning_rate': 1.0, 'loss': 'linear', 'n_estimators': 50, 'random_state': 42}.

 > Train data <
Metrics for vapor:
MAPE: 20.0%
MAE: 3.097683
MSE: 94.776653
RMSE: 9.73533
R2: -0.000243

 > Test data <
Metrics for vapor:
MAPE: 21.0%
MAE: 2.325073
MSE: 8.31437
RMSE: 2.883465
R2: -0.781145

*** Cross-Validation Metrics ***
Vapor Phase - RMSE (mean): 1.7581849959902927
RMSE (std): 8.63684267848219MAE (mean): 1.7581849959902927
MAE (std): 8.63684267848219R² (mean): nan
R² (std): nanMSE (mean): 77.6862659329768
MSE (std): 1062.6652969988513>>> Comparison: Vapor <<<

Metrics for vapor - Exp x NIST:
MAPE: 2.0%
MAE: 0.870279
MSE: 78.003988
RMSE: 8.831987
R2: -0.015534

Metrics for vapor - Exp x Model:
MAPE: 10.0%
MAE: 1.758185
MSE: 77.686266
RMSE: 8.813981
R2: -0.011398

Metrics for vapor - NIST x Model:
MAPE: 10.0%
MAE: 1.164173
MSE: 7.346885
RMSE: 2.710514
R2: 0.243165


>>> SUPERCRITICAL PHASE <<<

Best Hyperparameters for supercritical state for Adaboost with Lasso: {'learning_rate': 1.0, 'loss': 'square', 'n_estimators': 50, 'random_state': 42}.

 > Train data <
Metrics for supercritical:
MAPE: 33.0%
MAE: 6.275456
MSE: 84.333104
RMSE: 9.183306
R2: 0.52143

 > Test data <
Metrics for supercritical:
MAPE: 38.0%
MAE: 6.731391
MSE: 95.378781
RMSE: 9.766206
R2: 0.34797

*** Cross-Validation Metrics ***
Supercritical Phase - RMSE (mean): 6.267551137140297
RMSE (std): 6.934945181064676MAE (mean): 6.267551137140297
MAE (std): 6.934945181064676R² (mean): nan
R² (std): nanMSE (mean): 87.37566192104083
MSE (std): 199.6383109800569>>> Comparison: Supercritical <<<

Metrics for supercritical - Exp x NIST:
MAPE: 15.0%
MAE: 2.22894
MSE: 79.405683
RMSE: 8.910987
R2: 0.533763

Metrics for supercritical - Exp x Model:
MAPE: 33.0%
MAE: 6.267551
MSE: 87.375662
RMSE: 9.347495
R2: 0.486967

Metrics for supercritical - NIST x Model:
MAPE: 28.000000000000004%
MAE: 6.214822
MSE: 82.435071
RMSE: 9.079376
R2: 0.606007
