Number of matched data between NIST and Experimental: 513
Number of missing data between NIST and Experimental: 0

>>> LIQUID PHASE <<<

Best Hyperparameters for liquid state for Adaboost with Ridge: {'bootstrap': True, 'max_depth': 10, 'min_samples_leaf': 1, 'min_samples_split': 2, 'n_estimators': 300}.

 > Train data <
Metrics for liquid:
MAPE: 1.0%
MAE: 2.43422
MSE: 474.119107
RMSE: 21.774276
R2: 0.886506

 > Test data <
Metrics for liquid:
MAPE: 2.0%
MAE: 1.295204
MSE: 7.726401
RMSE: 2.77964
R2: 0.963033


>>> VAPOR PHASE <<<

Best Hyperparameters for vapor state for Adaboost with Decision Ridge: {'bootstrap': True, 'max_depth': None, 'min_samples_leaf': 4, 'min_samples_split': 2, 'n_estimators': 300}.

 > Train data <
Metrics for vapor:
MAPE: 15.0%
MAE: 14.459859
MSE: 5130.612235
RMSE: 71.628292
R2: 0.308577

 > Test data <
Metrics for vapor:
MAPE: 33.0%
MAE: 66.598518
MSE: 52298.308537
RMSE: 228.688234
R2: 0.227676


>>> SUPERCRITICAL PHASE <<<

Best Hyperparameters for supercritical state for Adaboost with Ridge: {'bootstrap': True, 'max_depth': None, 'min_samples_leaf': 1, 'min_samples_split': 2, 'n_estimators': 300}.

 > Train data <
Metrics for supercritical:
MAPE: 3.0%
MAE: 4.338424
MSE: 137.315365
RMSE: 11.718164
R2: 0.976045

 > Test data <
Metrics for supercritical:
MAPE: 7.000000000000001%
MAE: 5.848147
MSE: 349.978881
RMSE: 18.707722
R2: 0.323012


Below metrics encompass all data.
>>> Liquid <<<

Metrics for liquid - Exp x NIST:
MAPE: 1.0%
MAE: 4.215452
MSE: 2820.263864
RMSE: 53.106157
R2: 0.167477

Metrics for liquid - Exp x Model:
MAPE: 2.0%
MAE: 5.037831
MSE: 2912.242434
RMSE: 53.965197
R2: 0.140326
>>> Vapor <<<

Metrics for vapor - Exp x NIST:
MAPE: 2.0%
MAE: 18.556296
MSE: 17686.113319
RMSE: 132.989147
R2: 0.116609

Metrics for vapor - Exp x Model:
MAPE: 37.0%
MAE: 31.612852
MSE: 14740.802263
RMSE: 121.411706
R2: 0.263722
>>> Supercritical <<<

Metrics for supercritical - Exp x NIST:
MAPE: 4.0%
MAE: 2.389136
MSE: 32.386242
RMSE: 5.690891
R2: 0.993185

Metrics for supercritical - Exp x Model:
MAPE: 7.000000000000001%
MAE: 9.494087
MSE: 927.602002
RMSE: 30.456559
R2: 0.804817


Below metrics encompass all data.
	Comparison NIST x Model
>>> Liquid <<<

Metrics for liquid - NIST x Model:
MAPE: 1.0%
MAE: 1.204273
MSE: 20.053277
RMSE: 4.478089
R2: 0.926906
>>> Vapor <<<

Metrics for vapor - NIST x Model:
MAPE: 40.0%
MAE: 22.779608
MSE: 5489.800946
RMSE: 74.093191
R2: -3.971472
>>> Supercritical <<<

Metrics for supercritical - NIST x Model:
MAPE: 9.0%
MAE: 10.572385
MSE: 1049.895186
RMSE: 32.402086
R2: 0.771845
