
Number of matched data between NIST and Experimental: 864
Number of missing data between NIST and Experimental: 246
Number of data labeled with 'undefined': 141
Number of data points in Liquid state: 111
Number of data points in Vapor state: 308
Number of data points in Supercritical state: 445
Data size in liquid phase (NIST): 111, Corresponding experimental data: 111
Data size in vapor phase (NIST): 308, Corresponding experimental data: 308
Data size in supercritical phase (NIST): 445, Corresponding experimental data: 445

>>> LIQUID PHASE <<<

Best Hyperparameters for liquid state for Adaboost with Ridge: {'learning_rate': 0.01, 'loss': 'linear', 'n_estimators': 50, 'random_state': 42}.

 > Train data <
Metrics for liquid:
MAPE: 32.0%
MAE: 25.424724
MSE: 1225.351894
RMSE: 35.005027
R2: 0.71078

 > Test data <
Metrics for liquid:
MAPE: 62.0%
MAE: 24.161962
MSE: 1380.702802
RMSE: 37.157809
R2: 0.62091

*** Cross-Validation Metrics ***
Liquid Phase - RMSE (mean): 25.683625665291693
RMSE (std): 25.375303742702066MAE (mean): 25.683625665291693
MAE (std): 25.375303742702066R² (mean): nan
R² (std): nanMSE (mean): 1303.55466734922
MSE (std): 2518.4669673867306>>> Comparison: Liquid <<<

Metrics for liquid - Exp x NIST:
MAPE: 28.999999999999996%
MAE: 21.33426
MSE: 2050.595472
RMSE: 45.283501
R2: 0.505588

Metrics for liquid - Exp x Model:
MAPE: 38.0%
MAE: 25.683626
MSE: 1303.554667
RMSE: 36.104773
R2: 0.685704

Metrics for liquid - NIST x Model:
MAPE: 21.0%
MAE: 19.295972
MSE: 703.132343
RMSE: 26.516643
R2: 0.761147


>>> VAPOR PHASE <<<

Best Hyperparameters for vapor state for Adaboost with Ridge: {'learning_rate': 1.0, 'loss': 'square', 'n_estimators': 50, 'random_state': 42}.

 > Train data <
Metrics for vapor:
MAPE: 20.0%
MAE: 3.12011
MSE: 94.220878
RMSE: 9.706744
R2: 0.005623

 > Test data <
Metrics for vapor:
MAPE: 21.0%
MAE: 2.355003
MSE: 8.60534
RMSE: 2.933486
R2: -0.843478

*** Cross-Validation Metrics ***
Vapor Phase - RMSE (mean): 1.7545441903543775
RMSE (std): 8.61563910284309MAE (mean): 1.7545441903543775
MAE (std): 8.61563910284309R² (mean): nan
R² (std): nanMSE (mean): 77.30766246634522
MSE (std): 1056.0135847774184>>> Comparison: Vapor <<<

Metrics for vapor - Exp x NIST:
MAPE: 2.0%
MAE: 0.870279
MSE: 78.003988
RMSE: 8.831987
R2: -0.015534

Metrics for vapor - Exp x Model:
MAPE: 10.0%
MAE: 1.754544
MSE: 77.307662
RMSE: 8.792478
R2: -0.006469

Metrics for vapor - NIST x Model:
MAPE: 10.0%
MAE: 1.173899
MSE: 7.479322
RMSE: 2.734835
R2: 0.229522


>>> SUPERCRITICAL PHASE <<<

Best Hyperparameters for supercritical state for Adaboost with Ridge: {'learning_rate': 1.0, 'loss': 'square', 'n_estimators': 50, 'random_state': 42}.

 > Train data <
Metrics for supercritical:
MAPE: 34.0%
MAE: 6.396029
MSE: 85.953615
RMSE: 9.271117
R2: 0.512234

 > Test data <
Metrics for supercritical:
MAPE: 38.0%
MAE: 6.839386
MSE: 97.509837
RMSE: 9.874707
R2: 0.333402

*** Cross-Validation Metrics ***
Supercritical Phase - RMSE (mean): 6.318216515257778
RMSE (std): 7.014276881774654MAE (mean): 6.318216515257778
MAE (std): 7.014276881774654R² (mean): nan
R² (std): nanMSE (mean): 89.11994010787448
MSE (std): 204.61981884080785>>> Comparison: Supercritical <<<

Metrics for supercritical - Exp x NIST:
MAPE: 15.0%
MAE: 2.22894
MSE: 79.405683
RMSE: 8.910987
R2: 0.533763

Metrics for supercritical - Exp x Model:
MAPE: 33.0%
MAE: 6.318217
MSE: 89.11994
RMSE: 9.440336
R2: 0.476725

Metrics for supercritical - NIST x Model:
MAPE: 28.000000000000004%
MAE: 6.27933
MSE: 84.3133
RMSE: 9.182227
R2: 0.597031
