
Number of matched data between NIST and Experimental: 1375
Number of missing data between NIST and Experimental: 3
Number of data labeled with 'undefined': 0
Number of data points in Liquid state: 503Number of data points in Vapor state: 135Number of data points in Supercritical state: 737

>>> LIQUID PHASE <<<


>>> SUPERCRITICAL PHASE <<<

Best Hyperparameters for supercritical state for ExtraTrees: {'bootstrap': True, 'max_depth': 20, 'min_samples_leaf': 1, 'min_samples_split': 2, 'n_estimators': 200, 'random_state': 42}.

 > Train data <
Metrics for supercritical:
MAPE: 2.0%
MAE: 2.147643
MSE: 23.118352
RMSE: 4.808155
R2: 0.997191

 > Test data <
Metrics for supercritical:
MAPE: 3.0%
MAE: 5.081604
MSE: 204.956787
RMSE: 14.316312
R2: 0.975751
>>> Comparison: Supercritical <<<

Metrics for supercritical - Exp x NIST:
MAPE: 1.0%
MAE: 1.812871
MSE: 106.597344
RMSE: 10.324599
R2: 0.987201

Metrics for supercritical - Exp x Model:
MAPE: 4.0%
MAE: 5.060186
MSE: 153.119371
RMSE: 12.374141
R2: 0.981615

Metrics for supercritical - NIST x Model:
MAPE: 3.0%
MAE: 3.930198
MSE: 48.207656
RMSE: 6.943173
R2: 0.994178
