Number of matched data between NIST and Experimental: 315
Number of missing data between NIST and Experimental: 1

>>> LIQUID PHASE <<<

 > Train data <
Metrics for liquid phase:
MAPE: 9.0%
MAE: 3.027651
MSE: 17.446006
RMSE: 4.176842
R2: -3.265896

 > Test data <
Metrics for liquid phase:
MAPE: 10.0%
MAE: 3.058542
MSE: 17.07973
RMSE: 4.132763
R2: -1.303836


>>> VAPOR PHASE <<<

 > Train data <
Metrics for vapor phase:
MAPE: 8.0%
MAE: 2.184534
MSE: 5.840001
RMSE: 2.416609
R2: 0.56552

 > Test data <
Metrics for vapor phase:
MAPE: 1.0%
MAE: 0.228971
MSE: 0.052428
RMSE: 0.228971
R2: nan


>>> SUPERCRITICAL PHASE <<<

 > Train data <
Metrics for supercritical phase:
MAPE: 8.0%
MAE: 2.462067
MSE: 10.745548
RMSE: 3.27804
R2: -0.34752

 > Test data <
Metrics for supercritical phase:
MAPE: 7.000000000000001%
MAE: 2.261934
MSE: 7.913307
RMSE: 2.81306
R2: -1.506556


Below metrics encompass all data.
>>> Liquid <<<

Metrics for liquid (ExpxNIST) phase:
MAPE: 2.0%
MAE: 0.445519
MSE: 1.814698
RMSE: 1.347107
R2: 0.621723

Metrics for liquid (ExpxModel) phase:
MAPE: 13.0%
MAE: 4.018774
MSE: 28.684043
RMSE: 5.355749
R2: -4.979245
>>> Vapor <<<

Metrics for vapor (ExpxNIST) phase:
MAPE: 3.0%
MAE: 0.661875
MSE: 0.655558
RMSE: 0.809666
R2: 0.944796

Metrics for vapor (ExpxModel) phase:
MAPE: 25.0%
MAE: 7.30487
MSE: 80.330605
RMSE: 8.962734
R2: -5.764597
>>> Supercritical <<<

Metrics for supercritical (ExpxNIST) phase:
MAPE: 1.0%
MAE: 0.483137
MSE: 1.000475
RMSE: 1.000237
R2: 0.857918

Metrics for supercritical (ExpxModel) phase:
MAPE: 11.0%
MAE: 3.370291
MSE: 18.677729
RMSE: 4.321774
R2: -1.652514


Below metrics encompass all data.
	Comparison NIST x Model
>>> Liquid <<<

Metrics for liquid (NISTxModel) phase:
MAPE: 12.0%
MAE: 3.771365
MSE: 24.228754
RMSE: 4.922271
R2: -9.756449
>>> Vapor <<<

Metrics for vapor (NISTxModel) phase:
MAPE: 27.0%
MAE: 7.772545
MSE: 81.945473
RMSE: 9.052374
R2: -9.023327
>>> Supercritical <<<

Metrics for supercritical (NISTxModel) phase:
MAPE: 11.0%
MAE: 3.266263
MSE: 16.75888
RMSE: 4.093761
R2: -2.826566
