
Number of matched data between NIST and Experimental: 1376
Number of missing data between NIST and Experimental: 2
Number of data labeled with 'undefined': 0
Number of data points in Liquid state: 503
Number of data points in Vapor state: 135
Number of data points in Supercritical state: 738
Data size in liquid phase (NIST): 503, Corresponding experimental data: 503
Data size in vapor phase (NIST): 135, Corresponding experimental data: 135
Data size in supercritical phase (NIST): 738, Corresponding experimental data: 738

>>> LIQUID PHASE <<<

Best Hyperparameters for liquid state for XGB: {'colsample_bytree': 0.6, 'learning_rate': 0.01, 'max_depth': 4, 'min_child_weight': 5, 'n_estimators': 100, 'random_state': 42, 'subsample': 0.6}.

 > Train data <
Metrics for liquid:
MAPE: 10.0%
MAE: 0.000348
MSE: 2e-06
RMSE: 0.00144
R2: 0.173031

 > Test data <
Metrics for liquid:
MAPE: 13.0%
MAE: 0.000627
MSE: 8e-06
RMSE: 0.002824
R2: 0.061424

*** Cross-Validation Metrics ***
Liquid Phase - RMSE (mean): 0.0004547666744002127
RMSE (std): 0.0018156064105999937MAE (mean): 0.0004547666744002127
MAE (std): 0.0018156064105999937R² (mean): nan
R² (std): nanMSE (mean): 3.5032393663568233e-06
MSE (std): 4.71800930025642e-05>>> Comparison: Liquid <<<

Metrics for liquid - Exp x NIST:
MAPE: 1.0%
MAE: 0.000155
MSE: 3e-06
RMSE: 0.001849
R2: 0.079452

Metrics for liquid - Exp x Model:
MAPE: 12.0%
MAE: 0.000455
MSE: 4e-06
RMSE: 0.001872
R2: 0.056848

Metrics for liquid - NIST x Model:
MAPE: 12.0%
MAE: 0.000334
MSE: 0.0
RMSE: 0.000623
R2: -0.056614


>>> VAPOR PHASE <<<

Best Hyperparameters for vapor state for XGB: {'colsample_bytree': 0.6, 'learning_rate': 0.1, 'max_depth': 3, 'min_child_weight': 3, 'n_estimators': 100, 'random_state': 42, 'subsample': 0.8}.

 > Train data <
Metrics for vapor:
MAPE: 64.0%
MAE: 0.035669
MSE: 0.006074
RMSE: 0.077936
R2: 0.96938

 > Test data <
Metrics for vapor:
MAPE: 99.0%
MAE: 0.051749
MSE: 0.010161
RMSE: 0.100801
R2: 0.715031

*** Cross-Validation Metrics ***
Vapor Phase - RMSE (mean): 0.060884646635808545
RMSE (std): 0.15558330615051694MAE (mean): 0.060884646635808545
MAE (std): 0.15558330615051694R² (mean): nan
R² (std): nanMSE (mean): 0.02791310534869276
MSE (std): 0.16927164843493453>>> Comparison: Vapor <<<

Metrics for vapor - Exp x NIST:
MAPE: 12.0%
MAE: 0.001461
MSE: 8.9e-05
RMSE: 0.009447
R2: 0.999466

Metrics for vapor - Exp x Model:
MAPE: 170.0%
MAE: 0.060885
MSE: 0.027913
RMSE: 0.167072
R2: 0.832908

Metrics for vapor - NIST x Model:
MAPE: 82.0%
MAE: 0.059824
MSE: 0.025917
RMSE: 0.160987
R2: 0.844905


>>> SUPERCRITICAL PHASE <<<

Best Hyperparameters for supercritical state for XGB: {'colsample_bytree': 0.6, 'learning_rate': 0.1, 'max_depth': 3, 'min_child_weight': 3, 'n_estimators': 100, 'random_state': 42, 'subsample': 0.8}.

 > Train data <
Metrics for supercritical:
MAPE: 28.000000000000004%
MAE: 0.001684
MSE: 6e-06
RMSE: 0.002518
R2: 0.807521

 > Test data <
Metrics for supercritical:
MAPE: 35.0%
MAE: 0.002219
MSE: 1.4e-05
RMSE: 0.003715
R2: 0.681901

*** Cross-Validation Metrics ***
Supercritical Phase - RMSE (mean): 0.0021014166724486762
RMSE (std): 0.002461820140795826MAE (mean): 0.0021014166724486762
MAE (std): 0.002461820140795826R² (mean): nan
R² (std): nanMSE (mean): 1.047651043687325e-05
MSE (std): 3.4860286950116434e-05>>> Comparison: Supercritical <<<

Metrics for supercritical - Exp x NIST:
MAPE: 1.0%
MAE: 0.000119
MSE: 1e-06
RMSE: 0.000779
R2: 0.982686

Metrics for supercritical - Exp x Model:
MAPE: 35.0%
MAE: 0.002101
MSE: 1e-05
RMSE: 0.003237
R2: 0.700958

Metrics for supercritical - NIST x Model:
MAPE: 34.0%
MAE: 0.002064
MSE: 1e-05
RMSE: 0.003195
R2: 0.708439
