
Number of matched data between NIST and Experimental: 57
Number of missing data between NIST and Experimental: 6
Number of data labeled with 'undefined': 6

>>> LIQUID PHASE <<<


>>> VAPOR PHASE <<<

Best Hyperparameters for vapor state for Bagging with Ridge: {'bootstrap': True, 'max_features': 1.0, 'max_samples': 0.5, 'n_estimators': 200, 'random_state': 42}.

 > Train data <
Metrics for vapor:
MAPE: 10.0%
MAE: 0.348841
MSE: 0.170859
RMSE: 0.41335
R2: 0.912038

 > Test data <
Metrics for vapor:
MAPE: 7.000000000000001%
MAE: 0.257686
MSE: 0.087505
RMSE: 0.295813
R2: 0.917278
>>> Comparison: Vapor <<<

Metrics for vapor - Exp x NIST:
MAPE: 4.0%
MAE: 0.180099
MSE: 0.05858
RMSE: 0.242033
R2: 0.96671

Metrics for vapor - Exp x Model:
MAPE: 11.0%
MAE: 0.380495
MSE: 0.218616
RMSE: 0.467564
R2: 0.875764

Metrics for vapor - NIST x Model:
MAPE: 8.0%
MAE: 0.275769
MSE: 0.119919
RMSE: 0.346293
R2: 0.918142


>>> SUPERCRITICAL PHASE <<<

Best Hyperparameters for supercritical state for Bagging with Ridge: {'bootstrap': True, 'max_features': 1.0, 'max_samples': 0.7, 'n_estimators': 100, 'random_state': 42}.

 > Train data <
Metrics for supercritical:
MAPE: 15.0%
MAE: 0.504929
MSE: 0.371084
RMSE: 0.609166
R2: 0.846719

 > Test data <
Metrics for supercritical:
MAPE: 15.0%
MAE: 0.685488
MSE: 0.793696
RMSE: 0.890896
R2: 0.773796
>>> Comparison: Supercritical <<<

Metrics for supercritical - Exp x NIST:
MAPE: 9.0%
MAE: 0.444272
MSE: 0.580535
RMSE: 0.761929
R2: 0.786663

Metrics for supercritical - Exp x Model:
MAPE: 18.0%
MAE: 0.603442
MSE: 0.508804
RMSE: 0.713305
R2: 0.813024

Metrics for supercritical - NIST x Model:
MAPE: 18.0%
MAE: 0.569661
MSE: 0.388235
RMSE: 0.623085
R2: 0.668822
