
Number of matched data between NIST and Experimental: 897
Number of missing data between NIST and Experimental: 19
Number of data labeled with 'undefined': 16
Number of data points in Liquid state: 385Number of data points in Vapor state: 289Number of data points in Supercritical state: 223

>>> LIQUID PHASE <<<

 > Train data <
Metrics for liquid:
MAPE: 10.0%
MAE: 61.989361
MSE: 17024.64481
RMSE: 130.478522
R2: 0.895233

 > Test data <
Metrics for liquid:
MAPE: 10.0%
MAE: 63.387009
MSE: 17219.205798
RMSE: 131.221971
R2: 0.906274
>>> Comparison: Liquid <<<

Metrics for liquid - Exp x NIST:
MAPE: 6.0%
MAE: 25.674421
MSE: 11763.196378
RMSE: 108.45827
R2: 0.929654

Metrics for liquid - Exp x Model:
MAPE: 11.0%
MAE: 64.32716
MSE: 18151.179525
RMSE: 134.726313
R2: 0.891452

Metrics for liquid - NIST x Model:
MAPE: 10.0%
MAE: 62.160753
MSE: 17013.05657
RMSE: 130.434108
R2: 0.896117


>>> VAPOR PHASE <<<

 > Train data <
Metrics for vapor:
MAPE: 15.0%
MAE: 62.157774
MSE: 15631.01675
RMSE: 125.024065
R2: 0.660973

 > Test data <
Metrics for vapor:
MAPE: 14.000000000000002%
MAE: 55.699164
MSE: 10713.7814
RMSE: 103.507398
R2: 0.677197
>>> Comparison: Vapor <<<

Metrics for vapor - Exp x NIST:
MAPE: 21.0%
MAE: 140.144668
MSE: 65033.990522
RMSE: 255.017628
R2: -0.494158

Metrics for vapor - Exp x Model:
MAPE: 16.0%
MAE: 66.096009
MSE: 17211.954333
RMSE: 131.194338
R2: 0.604555

Metrics for vapor - NIST x Model:
MAPE: 51.0%
MAE: 156.993354
MSE: 57419.107133
RMSE: 239.622844
R2: -2.045866


>>> SUPERCRITICAL PHASE <<<

 > Train data <
Metrics for supercritical:
MAPE: 54.0%
MAE: 43.996192
MSE: 5045.207921
RMSE: 71.029627
R2: 0.994935

 > Test data <
Metrics for supercritical:
MAPE: 8.0%
MAE: 67.075751
MSE: 9973.263882
RMSE: 99.86623
R2: 0.990909
>>> Comparison: Supercritical <<<

Metrics for supercritical - Exp x NIST:
MAPE: 45.0%
MAE: 3.993444
MSE: 971.914496
RMSE: 31.175543
R2: 0.999044

Metrics for supercritical - Exp x Model:
MAPE: 49.0%
MAE: 43.113318
MSE: 4561.975366
RMSE: 67.542397
R2: 0.995514

Metrics for supercritical - NIST x Model:
MAPE: 5.0%
MAE: 41.165747
MSE: 3665.425153
RMSE: 60.542755
R2: 0.996379
