
Number of matched data between NIST and Experimental: 57
Number of missing data between NIST and Experimental: 6
Number of data labeled with 'undefined': 6
Number of data points in Liquid state: 0
Number of data points in Vapor state: 21
Number of data points in Supercritical state: 36
Data size in liquid phase (NIST): 0, Corresponding experimental data: 0
Data size in vapor phase (NIST): 21, Corresponding experimental data: 21
Data size in supercritical phase (NIST): 36, Corresponding experimental data: 36!!!!! No data points available for the liquid state for the Joule-Thomson !!!!!


>>> VAPOR PHASE <<<

Best Hyperparameters for vapor state for Adaboost with Lasso: {'learning_rate': 1.0, 'loss': 'exponential', 'n_estimators': 50, 'random_state': 42}.

 > Train data <
Metrics for vapor:
MAPE: 9.0%
MAE: 0.318474
MSE: 0.132774
RMSE: 0.364381
R2: 0.931645

 > Test data <
Metrics for vapor:
MAPE: 7.000000000000001%
MAE: 0.29095
MSE: 0.128076
RMSE: 0.357878
R2: 0.878925

*** Cross-Validation Metrics ***
Vapor Phase - RMSE (mean): 0.4322733745456455
RMSE (std): 0.2743342693598826MAE (mean): 0.4186940895243983
MAE (std): 0.2685334067363048R² (mean): -15.873935547612092
R² (std): 25.725070340877068MSE (mean): 0.26211956168630063
MSE (std): 0.3435889537551036>>> Comparison: Vapor <<<

Metrics for vapor - Exp x NIST:
MAPE: 4.0%
MAE: 0.180099
MSE: 0.05858
RMSE: 0.242033
R2: 0.96671

Metrics for vapor - Exp x Model:
MAPE: 11.0%
MAE: 0.420484
MSE: 0.259559
RMSE: 0.50947
R2: 0.852496

Metrics for vapor - NIST x Model:
MAPE: 8.0%
MAE: 0.296375
MSE: 0.12093
RMSE: 0.34775
R2: 0.917451


>>> SUPERCRITICAL PHASE <<<

Best Hyperparameters for supercritical state for Adaboost with Lasso: {'learning_rate': 1.0, 'loss': 'square', 'n_estimators': 50, 'random_state': 42}.

 > Train data <
Metrics for supercritical:
MAPE: 17.0%
MAE: 0.557857
MSE: 0.441792
RMSE: 0.664674
R2: 0.817512

 > Test data <
Metrics for supercritical:
MAPE: 13.0%
MAE: 0.517113
MSE: 0.429107
RMSE: 0.655063
R2: 0.877704

*** Cross-Validation Metrics ***
Supercritical Phase - RMSE (mean): 0.7316987722247847
RMSE (std): 0.5290937682308633MAE (mean): 0.7030302286355277
MAE (std): 0.5322273193042852R² (mean): -26.34958162687795
R² (std): 50.17890286338948MSE (mean): 0.8153233088559919
MSE (std): 0.9303300664711183>>> Comparison: Supercritical <<<

Metrics for supercritical - Exp x NIST:
MAPE: 9.0%
MAE: 0.444272
MSE: 0.580535
RMSE: 0.761929
R2: 0.786663

Metrics for supercritical - Exp x Model:
MAPE: 23.0%
MAE: 0.715234
MSE: 0.822953
RMSE: 0.907167
R2: 0.697579

Metrics for supercritical - NIST x Model:
MAPE: 22.0%
MAE: 0.655132
MSE: 0.608267
RMSE: 0.779915
R2: 0.481127
