Number of matched data between NIST and Experimental: 1005
Number of missing data between NIST and Experimental: 105

>>> LIQUID PHASE <<<

Results from lazy predict:
                                Adjusted R-Squared  R-Squared   RMSE  Time Taken
Model                                                                          
ExtraTreesRegressor                          0.90       0.91  18.46        0.05
GradientBoostingRegressor                    0.88       0.89  20.09        0.03
RandomForestRegressor                        0.83       0.84  23.89        0.06
BaggingRegressor                             0.81       0.83  24.93        0.01
AdaBoostRegressor                            0.80       0.82  25.59        0.05
DecisionTreeRegressor                        0.80       0.81  26.04        0.01
XGBRegressor                                 0.72       0.75  30.28        0.05
KNeighborsRegressor                          0.72       0.74  30.63        0.00
ExtraTreeRegressor                           0.71       0.74  31.02        0.01
LGBMRegressor                                0.65       0.69  33.86        0.03
HistGradientBoostingRegressor                0.64       0.68  34.29        0.03
HuberRegressor                               0.61       0.64  36.03        0.01
PassiveAggressiveRegressor                   0.60       0.64  36.18        0.01
PoissonRegressor                             0.59       0.63  36.78        0.01
SGDRegressor                                 0.59       0.63  36.94        0.01
LassoLarsIC                                  0.59       0.63  36.94        0.00
LarsCV                                       0.59       0.63  36.94        0.01
Lars                                         0.59       0.63  36.94        0.00
LassoLarsCV                                  0.59       0.63  36.94        0.01
OrthogonalMatchingPursuitCV                  0.59       0.63  36.94        0.00
LinearRegression                             0.59       0.63  36.94        0.00
TransformedTargetRegressor                   0.59       0.63  36.94        0.00
RidgeCV                                      0.59       0.63  36.95        0.01
LassoCV                                      0.59       0.63  36.95        0.04
BayesianRidge                                0.59       0.62  37.00        0.01
Ridge                                        0.59       0.62  37.01        0.00
Lasso                                        0.58       0.62  37.13        0.00
LassoLars                                    0.58       0.62  37.13        0.00
ElasticNetCV                                 0.58       0.62  37.23        0.04
GaussianProcessRegressor                     0.56       0.60  38.00        0.01
RANSACRegressor                              0.50       0.54  40.81        0.02
ElasticNet                                   0.48       0.53  41.48        0.00
GammaRegressor                               0.41       0.46  44.27        0.07
TweedieRegressor                             0.38       0.44  45.22        0.00
OrthogonalMatchingPursuit                    0.15       0.23  52.97        0.01
NuSVR                                        0.05       0.14  56.08        0.01
SVR                                          0.01       0.10  57.26        0.00
DummyRegressor                              -0.16      -0.06  62.04        0.00
QuantileRegressor                           -0.23      -0.12  63.87        0.00
LinearSVR                                   -0.29      -0.17  65.40        0.01
MLPRegressor                                -3.69      -3.26 124.60        0.05
KernelRidge                                 -3.96      -3.51 128.12        0.01.


>>> VAPOR PHASE <<<

Results from lazy predict:
                                Adjusted R-Squared  R-Squared  RMSE  Time Taken
Model                                                                         
ExtraTreesRegressor                          0.99       0.99  0.23        0.05
DecisionTreeRegressor                        0.99       0.99  0.24        0.01
XGBRegressor                                 0.99       0.99  0.26        0.04
ExtraTreeRegressor                           0.99       0.99  0.26        0.00
GradientBoostingRegressor                    0.98       0.98  0.29        0.04
NuSVR                                        0.90       0.90  0.67        0.01
SVR                                          0.89       0.90  0.69        0.01
LinearSVR                                    0.75       0.76  1.06        0.01
HuberRegressor                               0.75       0.76  1.06        0.01
RANSACRegressor                              0.74       0.75  1.08        0.01
PassiveAggressiveRegressor                   0.71       0.72  1.15        0.01
BaggingRegressor                             0.61       0.63  1.32        0.02
AdaBoostRegressor                            0.60       0.61  1.35        0.03
GaussianProcessRegressor                     0.52       0.53  1.48        0.02
QuantileRegressor                           -0.04      -0.01  2.17        0.01
DummyRegressor                              -0.30      -0.25  2.42        0.00
LassoLarsCV                                 -0.30      -0.25  2.42        0.01
ElasticNetCV                                -0.30      -0.25  2.42        0.04
LassoCV                                     -0.30      -0.25  2.42        0.04
LassoLars                                   -0.30      -0.25  2.42        0.00
Lasso                                       -0.30      -0.25  2.42        0.01
LassoLarsIC                                 -0.30      -0.25  2.42        0.01
LarsCV                                      -0.30      -0.25  2.42        0.00
ElasticNet                                  -0.30      -0.26  2.42        0.00
BayesianRidge                               -0.30      -0.26  2.42        0.01
RandomForestRegressor                       -0.38      -0.33  2.50        0.08
OrthogonalMatchingPursuitCV                 -0.39      -0.34  2.50        0.01
OrthogonalMatchingPursuit                   -0.39      -0.34  2.50        0.00
GammaRegressor                              -0.43      -0.38  2.54        0.01
TweedieRegressor                            -0.48      -0.43  2.59        0.00
PoissonRegressor                            -0.76      -0.70  2.82        0.01
RidgeCV                                     -0.78      -0.72  2.83        0.01
Ridge                                       -0.81      -0.75  2.86        0.00
Lars                                        -0.81      -0.75  2.86        0.00
LinearRegression                            -0.81      -0.75  2.86        0.00
TransformedTargetRegressor                  -0.81      -0.75  2.86        0.01
SGDRegressor                                -0.91      -0.85  2.94        0.00
HistGradientBoostingRegressor               -1.16      -1.09  3.13        0.04
LGBMRegressor                               -1.48      -1.40  3.35        0.03
MLPRegressor                                -1.77      -1.68  3.53        0.09
KNeighborsRegressor                         -4.03      -3.87  4.77        0.01
KernelRidge                                -32.47     -31.38 12.29        0.10.


>>> SUPERCRITICAL PHASE <<<

Results from lazy predict:
                                Adjusted R-Squared  R-Squared  RMSE  Time Taken
Model                                                                         
GaussianProcessRegressor                     0.96       0.96 14.01        0.01
GradientBoostingRegressor                    0.93       0.94 18.46        0.04
LGBMRegressor                                0.92       0.92 20.84        0.03
ExtraTreesRegressor                          0.92       0.92 20.97        0.07
HistGradientBoostingRegressor                0.91       0.91 21.75        0.08
XGBRegressor                                 0.86       0.86 26.82        0.04
BaggingRegressor                             0.80       0.81 32.00        0.02
AdaBoostRegressor                            0.80       0.80 32.25        0.04
RandomForestRegressor                        0.80       0.80 32.38        0.10
ExtraTreeRegressor                           0.78       0.78 34.16        0.01
DecisionTreeRegressor                        0.76       0.77 35.06        0.01
PoissonRegressor                             0.76       0.77 35.16        0.01
KNeighborsRegressor                          0.68       0.69 40.60        0.00
ElasticNetCV                                 0.62       0.63 44.43        0.03
Ridge                                        0.62       0.63 44.47        0.00
RidgeCV                                      0.62       0.63 44.47        0.01
BayesianRidge                                0.62       0.63 44.47        0.00
LassoCV                                      0.62       0.63 44.48        0.04
OrthogonalMatchingPursuitCV                  0.62       0.63 44.48        0.01
TransformedTargetRegressor                   0.62       0.63 44.48        0.01
LassoLarsCV                                  0.62       0.63 44.48        0.01
LassoLarsIC                                  0.62       0.63 44.48        0.00
LinearRegression                             0.62       0.63 44.48        0.01
LarsCV                                       0.62       0.63 44.48        0.00
Lars                                         0.62       0.63 44.48        0.00
LassoLars                                    0.62       0.63 44.49        0.00
Lasso                                        0.62       0.63 44.49        0.01
SGDRegressor                                 0.62       0.62 44.51        0.01
MLPRegressor                                 0.56       0.56 48.06        0.14
ElasticNet                                   0.55       0.56 48.26        0.00
OrthogonalMatchingPursuit                    0.54       0.55 48.91        0.01
LinearSVR                                    0.47       0.48 52.58        0.01
TweedieRegressor                             0.46       0.47 52.74        0.01
PassiveAggressiveRegressor                   0.43       0.44 54.54        0.00
HuberRegressor                               0.42       0.43 54.75        0.01
GammaRegressor                               0.40       0.41 55.63        0.00
KernelRidge                                  0.27       0.29 61.36        0.09
RANSACRegressor                              0.24       0.26 62.62        0.01
NuSVR                                        0.14       0.15 66.87        0.01
SVR                                          0.11       0.13 67.86        0.01
DummyRegressor                              -0.02      -0.00 72.68        0.00
QuantileRegressor                           -0.16      -0.14 77.50        0.02.
