
Number of matched data between NIST and Experimental: 1376
Number of missing data between NIST and Experimental: 2
Number of data labeled with 'undefined': 0
Number of data points in Liquid state: 503
Number of data points in Vapor state: 135
Number of data points in Supercritical state: 738
Data size in liquid phase (NIST): 503, Corresponding experimental data: 503
Data size in vapor phase (NIST): 135, Corresponding experimental data: 135
Data size in supercritical phase (NIST): 738, Corresponding experimental data: 738

>>> LIQUID PHASE <<<

Best Hyperparameters for liquid state for Bagging with Ridge: {'bootstrap': True, 'max_features': 1.0, 'max_samples': 0.5, 'n_estimators': 50, 'random_state': 42}.

 > Train data <
Metrics for liquid:
MAPE: 9.0%
MAE: 0.000337
MSE: 2e-06
RMSE: 0.001529
R2: 0.066994

 > Test data <
Metrics for liquid:
MAPE: 10.0%
MAE: 0.000552
MSE: 8e-06
RMSE: 0.002838
R2: 0.051839

*** Cross-Validation Metrics ***
Liquid Phase - RMSE (mean): 0.0009818057346642165
RMSE (std): 0.0016441164767289375MAE (mean): 0.0004962759850891703
MAE (std): 0.000478365063133438R² (mean): -17.640555661222024
R² (std): 24.58491234303477MSE (mean): 3.6670614896711173e-06
MSE (std): 9.753255570347755e-06>>> Comparison: Liquid <<<

Metrics for liquid - Exp x NIST:
MAPE: 1.0%
MAE: 0.000155
MSE: 3e-06
RMSE: 0.001849
R2: 0.079452

Metrics for liquid - Exp x Model:
MAPE: 14.000000000000002%
MAE: 0.000498
MSE: 4e-06
RMSE: 0.001926
R2: 0.00096

Metrics for liquid - NIST x Model:
MAPE: 13.0%
MAE: 0.000369
MSE: 0.0
RMSE: 0.000612
R2: -0.018527


>>> VAPOR PHASE <<<

Best Hyperparameters for vapor state for Bagging with Ridge: {'bootstrap': False, 'max_features': 1.0, 'max_samples': 1.0, 'n_estimators': 200, 'random_state': 42}.

 > Train data <
Metrics for vapor:
MAPE: 720.0%
MAE: 0.236778
MSE: 0.102207
RMSE: 0.319699
R2: 0.484758

 > Test data <
Metrics for vapor:
MAPE: 519.0%
MAE: 0.152088
MSE: 0.036527
RMSE: 0.191119
R2: -0.024409

*** Cross-Validation Metrics ***
Vapor Phase - RMSE (mean): 0.34552952098099576
RMSE (std): 0.3414038083503205MAE (mean): 0.30530954689375067
MAE (std): 0.27461853356253196R² (mean): -2.739136448416465e+32
R² (std): 7.964575777109005e+32MSE (mean): 0.23594721022545878
MSE (std): 0.48994016927419126>>> Comparison: Vapor <<<

Metrics for vapor - Exp x NIST:
MAPE: 12.0%
MAE: 0.001461
MSE: 8.9e-05
RMSE: 0.009447
R2: 0.999466

Metrics for vapor - Exp x Model:
MAPE: 819.0%
MAE: 0.302215
MSE: 0.230002
RMSE: 0.479585
R2: -0.376823

Metrics for vapor - NIST x Model:
MAPE: 701.0%
MAE: 0.3019
MSE: 0.229665
RMSE: 0.479234
R2: -0.374396


>>> SUPERCRITICAL PHASE <<<

Best Hyperparameters for supercritical state for Bagging with Ridge: {'bootstrap': True, 'max_features': 1.0, 'max_samples': 1.0, 'n_estimators': 100, 'random_state': 42}.

 > Train data <
Metrics for supercritical:
MAPE: 49.0%
MAE: 0.003094
MSE: 2e-05
RMSE: 0.004457
R2: 0.396723

 > Test data <
Metrics for supercritical:
MAPE: 47.0%
MAE: 0.003138
MSE: 2.3e-05
RMSE: 0.004778
R2: 0.473916

*** Cross-Validation Metrics ***
Supercritical Phase - RMSE (mean): 0.004378869712780621
RMSE (std): 0.0019752722773231164MAE (mean): 0.003371910218067216
MAE (std): 0.0015327943664706523R² (mean): -9.027445932835281
R² (std): 14.149991870339683MSE (mean): 2.3076200531068683e-05
MSE (std): 1.7466016692627734e-05>>> Comparison: Supercritical <<<

Metrics for supercritical - Exp x NIST:
MAPE: 1.0%
MAE: 0.000119
MSE: 1e-06
RMSE: 0.000779
R2: 0.982686

Metrics for supercritical - Exp x Model:
MAPE: 56.00000000000001%
MAE: 0.003374
MSE: 2.3e-05
RMSE: 0.004808
R2: 0.340027

Metrics for supercritical - NIST x Model:
MAPE: 55.00000000000001%
MAE: 0.003371
MSE: 2.3e-05
RMSE: 0.004807
R2: 0.340229
