
Number of matched data between NIST and Experimental: 57
Number of missing data between NIST and Experimental: 6
Number of data labeled with 'undefined': 6
Number of data points in Liquid state: 0Number of data points in Vapor state: 21Number of data points in Supercritical state: 36

>>> LIQUID PHASE <<<
!!!!! No data points available for the liquid state for the Joule-Thomson !!!!!


>>> VAPOR PHASE <<<

Best Hyperparameters for vapor state for DecisionTree: {'criterion': 'absolute_error', 'max_depth': None, 'min_samples_leaf': 1, 'min_samples_split': 2, 'random_state': 42}.

 > Train data <
Metrics for vapor:
MAPE: 0.0%
MAE: 0.0
MSE: 0.0
RMSE: 0.0
R2: 1.0

 > Test data <
Metrics for vapor:
MAPE: 6.0%
MAE: 0.266
MSE: 0.10894
RMSE: 0.330061
R2: 0.897015
>>> Comparison: Vapor <<<

Metrics for vapor - Exp x NIST:
MAPE: 4.0%
MAE: 0.180099
MSE: 0.05858
RMSE: 0.242033
R2: 0.96671

Metrics for vapor - Exp x Model:
MAPE: 1.0%
MAE: 0.079048
MSE: 0.017829
RMSE: 0.133524
R2: 0.989868

Metrics for vapor - NIST x Model:
MAPE: 4.0%
MAE: 0.141814
MSE: 0.033166
RMSE: 0.182116
R2: 0.97736


>>> SUPERCRITICAL PHASE <<<

Best Hyperparameters for supercritical state for DecisionTree: {'criterion': 'squared_error', 'max_depth': None, 'min_samples_leaf': 1, 'min_samples_split': 2, 'random_state': 42}.

 > Train data <
Metrics for supercritical:
MAPE: 0.0%
MAE: 0.0
MSE: 0.0
RMSE: 0.0
R2: 1.0

 > Test data <
Metrics for supercritical:
MAPE: 5.0%
MAE: 0.1775
MSE: 0.040675
RMSE: 0.20168
R2: 0.988408
>>> Comparison: Supercritical <<<

Metrics for supercritical - Exp x NIST:
MAPE: 9.0%
MAE: 0.444272
MSE: 0.580535
RMSE: 0.761929
R2: 0.786663

Metrics for supercritical - Exp x Model:
MAPE: 6.0%
MAE: 0.196944
MSE: 0.056325
RMSE: 0.237329
R2: 0.979302

Metrics for supercritical - NIST x Model:
MAPE: 12.0%
MAE: 0.496953
MSE: 0.575176
RMSE: 0.758404
R2: 0.509355
