
Number of matched data between NIST and Experimental: 864
Number of missing data between NIST and Experimental: 246
Number of data labeled with 'undefined': 141
Number of data points in Liquid state: 111Number of data points in Vapor state: 308Number of data points in Supercritical state: 445

>>> LIQUID PHASE <<<

 > Train data <
Metrics for liquid:
MAPE: 61.0%
MAE: 52.729181
MSE: 3495.97043
RMSE: 59.126732
R2: 0.174845

 > Test data <
Metrics for liquid:
MAPE: 95.0%
MAE: 68.778012
MSE: 5693.129541
RMSE: 75.45283
R2: -0.563123
>>> Comparison: Liquid <<<

Metrics for liquid - Exp x NIST:
MAPE: 28.999999999999996%
MAE: 21.33426
MSE: 2050.595472
RMSE: 45.283501
R2: 0.505588

Metrics for liquid - Exp x Model:
MAPE: 63.0%
MAE: 49.837589
MSE: 3193.337583
RMSE: 56.509624
R2: 0.230065

Metrics for liquid - NIST x Model:
MAPE: 56.99999999999999%
MAE: 49.99171
MSE: 3622.925519
RMSE: 60.190743
R2: -0.230701


>>> VAPOR PHASE <<<

 > Train data <
Metrics for vapor:
MAPE: 13.0%
MAE: 2.494535
MSE: 105.869137
RMSE: 10.289273
R2: -0.117309

 > Test data <
Metrics for vapor:
MAPE: 11.0%
MAE: 1.438506
MSE: 3.217925
RMSE: 1.793857
R2: 0.310641
>>> Comparison: Vapor <<<

Metrics for vapor - Exp x NIST:
MAPE: 2.0%
MAE: 0.870279
MSE: 78.003988
RMSE: 8.831987
R2: -0.015534

Metrics for vapor - Exp x Model:
MAPE: 10.0%
MAE: 1.94232
MSE: 86.408001
RMSE: 9.29559
R2: -0.124946

Metrics for vapor - NIST x Model:
MAPE: 8.0%
MAE: 1.131463
MSE: 8.084239
RMSE: 2.84328
R2: 0.167207


>>> SUPERCRITICAL PHASE <<<

 > Train data <
Metrics for supercritical:
MAPE: 30.0%
MAE: 6.620471
MSE: 120.379447
RMSE: 10.971757
R2: 0.316876

 > Test data <
Metrics for supercritical:
MAPE: 35.0%
MAE: 7.551783
MSE: 163.941245
RMSE: 12.803954
R2: -0.120737
>>> Comparison: Supercritical <<<

Metrics for supercritical - Exp x NIST:
MAPE: 15.0%
MAE: 2.22894
MSE: 79.405683
RMSE: 8.910987
R2: 0.533763

Metrics for supercritical - Exp x Model:
MAPE: 28.999999999999996%
MAE: 6.44087
MSE: 129.173621
RMSE: 11.365457
R2: 0.241547

Metrics for supercritical - NIST x Model:
MAPE: 19.0%
MAE: 5.1646
MSE: 71.135245
RMSE: 8.434171
R2: 0.660014
