
Number of matched data between NIST and Experimental: 57
Number of missing data between NIST and Experimental: 6
Number of data labeled with 'undefined': 6
Number of data points in Liquid state: 0
Number of data points in Vapor state: 21
Number of data points in Supercritical state: 36
Data size in liquid phase (NIST): 0, Corresponding experimental data: 0
Data size in vapor phase (NIST): 21, Corresponding experimental data: 21
Data size in supercritical phase (NIST): 36, Corresponding experimental data: 36

>>> LIQUID PHASE <<<
!!!!! No data points available for the liquid state for the Joule-Thomson !!!!!


>>> VAPOR PHASE <<<

Best Hyperparameters for vapor state for ExtraTrees: {'bootstrap': False, 'max_depth': None, 'min_samples_leaf': 1, 'min_samples_split': 2, 'n_estimators': 100, 'random_state': 42}.

 > Train data <
Metrics for vapor:
MAPE: 0.0%
MAE: 0.0
MSE: 0.0
RMSE: 0.0
R2: 1.0

 > Test data <
Metrics for vapor:
MAPE: 5.0%
MAE: 0.21094
MSE: 0.062683
RMSE: 0.250366
R2: 0.940743

*** Cross-Validation Metrics ***
Vapor Phase - RMSE (mean): 0.06655714285714322
RMSE (std): 0.08974908712324495MAE (mean): 0.06655714285714322
MAE (std): 0.08974908712324495R² (mean): nan
R² (std): nanMSE (mean): 0.012484751904761983
MSE (std): 0.026142423589547336>>> Comparison: Vapor <<<

Metrics for vapor - Exp x NIST:
MAPE: 4.0%
MAE: 0.180099
MSE: 0.05858
RMSE: 0.242033
R2: 0.96671

Metrics for vapor - Exp x Model:
MAPE: 1.0%
MAE: 0.066557
MSE: 0.012485
RMSE: 0.111735
R2: 0.992905

Metrics for vapor - NIST x Model:
MAPE: 4.0%
MAE: 0.167971
MSE: 0.042476
RMSE: 0.206097
R2: 0.971005


>>> SUPERCRITICAL PHASE <<<

Best Hyperparameters for supercritical state for ExtraTrees: {'bootstrap': False, 'max_depth': None, 'min_samples_leaf': 1, 'min_samples_split': 2, 'n_estimators': 50, 'random_state': 42}.

 > Train data <
Metrics for supercritical:
MAPE: 0.0%
MAE: 0.0
MSE: 0.0
RMSE: 0.0
R2: 1.0

 > Test data <
Metrics for supercritical:
MAPE: 5.0%
MAE: 0.225325
MSE: 0.078682
RMSE: 0.280504
R2: 0.977575

*** Cross-Validation Metrics ***
Supercritical Phase - RMSE (mean): 0.1119444444444444
RMSE (std): 0.08357108233395785MAE (mean): 0.1119444444444444
MAE (std): 0.08357108233395785R² (mean): nan
R² (std): nanMSE (mean): 0.01951568444444446
MSE (std): 0.024345006109650458>>> Comparison: Supercritical <<<

Metrics for supercritical - Exp x NIST:
MAPE: 9.0%
MAE: 0.444272
MSE: 0.580535
RMSE: 0.761929
R2: 0.786663

Metrics for supercritical - Exp x Model:
MAPE: 3.0%
MAE: 0.111944
MSE: 0.019516
RMSE: 0.139699
R2: 0.992828

Metrics for supercritical - NIST x Model:
MAPE: 11.0%
MAE: 0.447336
MSE: 0.537199
RMSE: 0.732938
R2: 0.541751
