
Number of matched data between NIST and Experimental: 57
Number of missing data between NIST and Experimental: 6
Number of data labeled with 'undefined': 6
Number of data points in Liquid state: 0
Number of data points in Vapor state: 21
Number of data points in Supercritical state: 36
Data size in liquid phase (NIST): 0, Corresponding experimental data: 0
Data size in vapor phase (NIST): 21, Corresponding experimental data: 21
Data size in supercritical phase (NIST): 36, Corresponding experimental data: 36

>>> LIQUID PHASE <<<
!!!!! No data points available for the liquid state for the Joule-Thomson !!!!!


>>> VAPOR PHASE <<<

Best Hyperparameters for vapor state for Bagging with Lasso: {'bootstrap': False, 'max_features': 1.0, 'max_samples': 1.0, 'n_estimators': 100, 'random_state': 42}.

 > Train data <
Metrics for vapor:
MAPE: 10.0%
MAE: 0.368495
MSE: 0.174518
RMSE: 0.417753
R2: 0.910154

 > Test data <
Metrics for vapor:
MAPE: 6.0%
MAE: 0.272251
MSE: 0.098205
RMSE: 0.313377
R2: 0.907163

*** Cross-Validation Metrics ***
Vapor Phase - RMSE (mean): 0.43658429305600477
RMSE (std): 0.2620863281872119MAE (mean): 0.42072978378794207
MAE (std): 0.2552224805958877R² (mean): -13.637671367604307
R² (std): 22.04765238851275MSE (mean): 0.25929508836586634
MSE (std): 0.3101942233863023>>> Comparison: Vapor <<<

Metrics for vapor - Exp x NIST:
MAPE: 4.0%
MAE: 0.180099
MSE: 0.05858
RMSE: 0.242033
R2: 0.96671

Metrics for vapor - Exp x Model:
MAPE: 11.0%
MAE: 0.42379
MSE: 0.258152
RMSE: 0.508086
R2: 0.853296

Metrics for vapor - NIST x Model:
MAPE: 9.0%
MAE: 0.297561
MSE: 0.119799
RMSE: 0.34612
R2: 0.918223


>>> SUPERCRITICAL PHASE <<<

Best Hyperparameters for supercritical state for Bagging with Lasso: {'bootstrap': True, 'max_features': 1.0, 'max_samples': 0.7, 'n_estimators': 50, 'random_state': 42}.

 > Train data <
Metrics for supercritical:
MAPE: 17.0%
MAE: 0.581693
MSE: 0.485796
RMSE: 0.696991
R2: 0.799336

 > Test data <
Metrics for supercritical:
MAPE: 16.0%
MAE: 0.649623
MSE: 0.675096
RMSE: 0.821642
R2: 0.807597

*** Cross-Validation Metrics ***
Supercritical Phase - RMSE (mean): 0.8035170524580607
RMSE (std): 0.5188211306977171MAE (mean): 0.7722326801322504
MAE (std): 0.5273085100673999R² (mean): -29.254073417292716
R² (std): 55.723065454572065MSE (mean): 0.9148150192493475
MSE (std): 0.9901751687171446>>> Comparison: Supercritical <<<

Metrics for supercritical - Exp x NIST:
MAPE: 9.0%
MAE: 0.444272
MSE: 0.580535
RMSE: 0.761929
R2: 0.786663

Metrics for supercritical - Exp x Model:
MAPE: 24.0%
MAE: 0.778218
MSE: 0.913854
RMSE: 0.955957
R2: 0.664174

Metrics for supercritical - NIST x Model:
MAPE: 23.0%
MAE: 0.641532
MSE: 0.600514
RMSE: 0.774928
R2: 0.487741
