
Number of matched data between NIST and Experimental: 57
Number of missing data between NIST and Experimental: 6
Number of data labeled with 'undefined': 6
Number of data points in Liquid state: 0
Number of data points in Vapor state: 21
Number of data points in Supercritical state: 36
Data size in liquid phase (NIST): 0, Corresponding experimental data: 0
Data size in vapor phase (NIST): 21, Corresponding experimental data: 21
Data size in supercritical phase (NIST): 36, Corresponding experimental data: 36

>>> LIQUID PHASE <<<
!!!!! No data points available for the liquid state for the Joule-Thomson !!!!!


>>> VAPOR PHASE <<<

Best Hyperparameters for vapor state for DecisionTree: {'criterion': 'absolute_error', 'max_depth': None, 'min_samples_leaf': 1, 'min_samples_split': 2, 'random_state': 42}.

 > Train data <
Metrics for vapor:
MAPE: 0.0%
MAE: 0.0
MSE: 0.0
RMSE: 0.0
R2: 1.0

 > Test data <
Metrics for vapor:
MAPE: 6.0%
MAE: 0.266
MSE: 0.10894
RMSE: 0.330061
R2: 0.897015

*** Cross-Validation Metrics ***
Vapor Phase - RMSE (mean): 0.1812756639099232
RMSE (std): 0.16476994165810888MAE (mean): 0.168
MAE (std): 0.1532677395931708R² (mean): -2.783803210831981
R² (std): 4.656556323919312MSE (mean): 0.06001000000000003
MSE (std): 0.07322955277755015>>> Comparison: Vapor <<<

Metrics for vapor - Exp x NIST:
MAPE: 4.0%
MAE: 0.180099
MSE: 0.05858
RMSE: 0.242033
R2: 0.96671

Metrics for vapor - Exp x Model:
MAPE: 4.0%
MAE: 0.175714
MSE: 0.064776
RMSE: 0.254512
R2: 0.963189

Metrics for vapor - NIST x Model:
MAPE: 6.0%
MAE: 0.214368
MSE: 0.077704
RMSE: 0.278754
R2: 0.946958


>>> SUPERCRITICAL PHASE <<<

Best Hyperparameters for supercritical state for DecisionTree: {'criterion': 'squared_error', 'max_depth': None, 'min_samples_leaf': 1, 'min_samples_split': 2, 'random_state': 42}.

 > Train data <
Metrics for supercritical:
MAPE: 0.0%
MAE: 0.0
MSE: 0.0
RMSE: 0.0
R2: 1.0

 > Test data <
Metrics for supercritical:
MAPE: 5.0%
MAE: 0.1775
MSE: 0.040675
RMSE: 0.20168
R2: 0.988408

*** Cross-Validation Metrics ***
Supercritical Phase - RMSE (mean): 0.31088126207570643
RMSE (std): 0.12362715811483012MAE (mean): 0.29591666666666655
MAE (std): 0.10757584533713879R² (mean): -1.5166992651322346
R² (std): 2.2488334906214806MSE (mean): 0.11193083333333327
MSE (std): 0.07570454632337326>>> Comparison: Supercritical <<<

Metrics for supercritical - Exp x NIST:
MAPE: 9.0%
MAE: 0.444272
MSE: 0.580535
RMSE: 0.761929
R2: 0.786663

Metrics for supercritical - Exp x Model:
MAPE: 9.0%
MAE: 0.301667
MSE: 0.112122
RMSE: 0.334847
R2: 0.958797

Metrics for supercritical - NIST x Model:
MAPE: 16.0%
MAE: 0.579681
MSE: 0.546572
RMSE: 0.739305
R2: 0.533755
