
Number of matched data between NIST and Experimental: 897
Number of missing data between NIST and Experimental: 19
Number of data labeled with 'undefined': 16
Number of data points in Liquid state: 385Number of data points in Vapor state: 289Number of data points in Supercritical state: 223

>>> LIQUID PHASE <<<

Best Hyperparameters for liquid state for Bagging with Lasso: {'bootstrap': False, 'max_features': 1.0, 'max_samples': 1.0, 'n_estimators': 200, 'random_state': 42}.

 > Train data <
Metrics for liquid:
MAPE: 21.0%
MAE: 94.437443
MSE: 21503.769298
RMSE: 146.641636
R2: 0.867669

 > Test data <
Metrics for liquid:
MAPE: 26.0%
MAE: 116.680452
MSE: 29801.957161
RMSE: 172.632434
R2: 0.837784
>>> Comparison: Liquid <<<

Metrics for liquid - Exp x NIST:
MAPE: 6.0%
MAE: 25.674421
MSE: 11763.196378
RMSE: 108.45827
R2: 0.929654

Metrics for liquid - Exp x Model:
MAPE: 22.0%
MAE: 100.446247
MSE: 23955.642186
RMSE: 154.776103
R2: 0.85674

Metrics for liquid - NIST x Model:
MAPE: 21.0%
MAE: 102.130554
MSE: 25180.607071
RMSE: 158.683985
R2: 0.846245


>>> VAPOR PHASE <<<

Best Hyperparameters for vapor state for Bagging with Lasso: {'bootstrap': False, 'max_features': 1.0, 'max_samples': 0.5, 'n_estimators': 100, 'random_state': 42}.

 > Train data <
Metrics for vapor:
MAPE: 36.0%
MAE: 159.023413
MSE: 36123.428808
RMSE: 190.061645
R2: 0.216505

 > Test data <
Metrics for vapor:
MAPE: 31.0%
MAE: 131.773342
MSE: 24560.210922
RMSE: 156.716977
R2: 0.260009
>>> Comparison: Vapor <<<

Metrics for vapor - Exp x NIST:
MAPE: 21.0%
MAE: 140.144668
MSE: 65033.990522
RMSE: 255.017628
R2: -0.494158

Metrics for vapor - Exp x Model:
MAPE: 36.0%
MAE: 155.172395
MSE: 34529.152091
RMSE: 185.820214
R2: 0.206691

Metrics for vapor - NIST x Model:
MAPE: 53.0%
MAE: 174.402218
MSE: 41397.52517
RMSE: 203.463818
R2: -1.195982


>>> SUPERCRITICAL PHASE <<<

Best Hyperparameters for supercritical state for Bagging with Lasso: {'bootstrap': False, 'max_features': 1.0, 'max_samples': 0.5, 'n_estimators': 50, 'random_state': 42}.

 > Train data <
Metrics for supercritical:
MAPE: 98.0%
MAE: 230.755066
MSE: 90593.402245
RMSE: 300.987379
R2: 0.909058

 > Test data <
Metrics for supercritical:
MAPE: 37.0%
MAE: 232.75063
MSE: 97626.139083
RMSE: 312.451819
R2: 0.911013
>>> Comparison: Supercritical <<<

Metrics for supercritical - Exp x NIST:
MAPE: 45.0%
MAE: 3.993444
MSE: 971.914496
RMSE: 31.175543
R2: 0.999044

Metrics for supercritical - Exp x Model:
MAPE: 86.0%
MAE: 234.719749
MSE: 94461.359155
RMSE: 307.345667
R2: 0.90712

Metrics for supercritical - NIST x Model:
MAPE: 33.0%
MAE: 231.796601
MSE: 92618.495058
RMSE: 304.332869
R2: 0.908494
