
Number of matched data between NIST and Experimental: 881
Number of missing data between NIST and Experimental: 0
Number of data labeled with 'undefined': 0
Number of data points in Liquid state: 329
Number of data points in Vapor state: 377
Number of data points in Supercritical state: 175
Data size in liquid phase (NIST): 329, Corresponding experimental data: 329
Data size in vapor phase (NIST): 377, Corresponding experimental data: 377
Data size in supercritical phase (NIST): 175, Corresponding experimental data: 175

>>> LIQUID PHASE <<<

Best Hyperparameters for liquid state for GradientBoosting: {'learning_rate': 1.0, 'loss': 'huber', 'max_depth': 3, 'min_samples_leaf': 1, 'min_samples_split': 2, 'n_estimators': 200, 'random_state': 42}.

 > Train data <
Metrics for liquid:
MAPE: 944163135242.0%
MAE: 0.00102
MSE: 4e-06
RMSE: 0.00205
R2: 0.999999

 > Test data <
Metrics for liquid:
MAPE: 5144146127365.0%
MAE: 0.054101
MSE: 0.022078
RMSE: 0.148587
R2: 0.99288

*** Cross-Validation Metrics ***
Liquid Phase - RMSE (mean): 0.03584065935490783
RMSE (std): 0.17735170345809612MAE (mean): 0.03584065935490783
MAE (std): 0.17735170345809612R² (mean): nan
R² (std): nanMSE (mean): 0.032738179582482985
MSE (std): 0.33734594046168387>>> Comparison: Liquid <<<

Metrics for liquid - Exp x NIST:
MAPE: 5145114807847795.0%
MAE: 0.58964
MSE: 0.363575
RMSE: 0.602971
R2: 0.874573

Metrics for liquid - Exp x Model:
MAPE: 7168864917186.0%
MAE: 0.035841
MSE: 0.032738
RMSE: 0.180937
R2: 0.988706

Metrics for liquid - NIST x Model:
MAPE: 264.0%
MAE: 0.582796
MSE: 0.356954
RMSE: 0.597456
R2: 0.880339


>>> VAPOR PHASE <<<

Best Hyperparameters for vapor state for GradientBoosting: {'learning_rate': 1.0, 'loss': 'huber', 'max_depth': 3, 'min_samples_leaf': 3, 'min_samples_split': 2, 'n_estimators': 200, 'random_state': 42}.

 > Train data <
Metrics for vapor:
MAPE: 2.0%
MAE: 0.047725
MSE: 0.176647
RMSE: 0.420294
R2: 0.961084

 > Test data <
Metrics for vapor:
MAPE: 4.0%
MAE: 0.15968
MSE: 0.630581
RMSE: 0.794091
R2: 0.906425

*** Cross-Validation Metrics ***
Vapor Phase - RMSE (mean): 0.1403972343865081
RMSE (std): 0.8953647849825962MAE (mean): 0.1403972343865081
MAE (std): 0.8953647849825962R² (mean): nan
R² (std): nanMSE (mean): 0.8213894816103111
MSE (std): 10.066836389948774>>> Comparison: Vapor <<<

Metrics for vapor - Exp x NIST:
MAPE: 71.0%
MAE: 0.841067
MSE: 4.687981
RMSE: 2.165175
R2: 0.059932

Metrics for vapor - Exp x Model:
MAPE: 9.0%
MAE: 0.140397
MSE: 0.821389
RMSE: 0.906305
R2: 0.835289

Metrics for vapor - NIST x Model:
MAPE: 9.0%
MAE: 0.810417
MSE: 4.327899
RMSE: 2.08036
R2: -0.564624


>>> SUPERCRITICAL PHASE <<<

Best Hyperparameters for supercritical state for GradientBoosting: {'learning_rate': 1.0, 'loss': 'huber', 'max_depth': 3, 'min_samples_leaf': 3, 'min_samples_split': 2, 'n_estimators': 50, 'random_state': 42}.

 > Train data <
Metrics for supercritical:
MAPE: 1.0%
MAE: 0.055722
MSE: 0.009625
RMSE: 0.098108
R2: 0.999001

 > Test data <
Metrics for supercritical:
MAPE: 4.0%
MAE: 0.15452
MSE: 0.051541
RMSE: 0.227026
R2: 0.996881

*** Cross-Validation Metrics ***
Supercritical Phase - RMSE (mean): 0.1662213117995234
RMSE (std): 0.20721139622013507MAE (mean): 0.1662213117995234
MAE (std): 0.20721139622013507R² (mean): nan
R² (std): nanMSE (mean): 0.07056608721985218
MSE (std): 0.2058373913196513>>> Comparison: Supercritical <<<

Metrics for supercritical - Exp x NIST:
MAPE: 122.0%
MAE: 1.682961
MSE: 16.721185
RMSE: 4.089155
R2: -0.500135

Metrics for supercritical - Exp x Model:
MAPE: 3.0%
MAE: 0.166221
MSE: 0.070566
RMSE: 0.265643
R2: 0.993669

Metrics for supercritical - NIST x Model:
MAPE: 14.000000000000002%
MAE: 1.688817
MSE: 16.859251
RMSE: 4.106002
R2: -1.511461
