
Number of matched data between NIST and Experimental: 864
Number of missing data between NIST and Experimental: 246
Number of data labeled with 'undefined': 141
Number of data points in Liquid state: 111
Number of data points in Vapor state: 308
Number of data points in Supercritical state: 445
Data size in liquid phase (NIST): 111, Corresponding experimental data: 111
Data size in vapor phase (NIST): 308, Corresponding experimental data: 308
Data size in supercritical phase (NIST): 445, Corresponding experimental data: 445

>>> LIQUID PHASE <<<

Best Hyperparameters for liquid state for Neural Network: {'activation': 'relu', 'alpha': 0.01, 'batch_size': 128, 'hidden_layer_sizes': (512, 256, 128), 'learning_rate_init': 0.001, 'max_iter': 300, 'solver': 'adam'}.

 > Train data <
Metrics for liquid:
MAPE: 31.0%
MAE: 28.624955
MSE: 1444.837235
RMSE: 38.011015
R2: 0.658975

 > Test data <
Metrics for liquid:
MAPE: 61.0%
MAE: 31.003275
MSE: 1517.677324
RMSE: 38.957378
R2: 0.583302

*** Cross-Validation Metrics ***
Liquid Phase - RMSE (mean): 43.48790573577188
RMSE (std): 21.446381545156445MAE (mean): 38.485449925741236
MAE (std): 15.536261586027269R² (mean): -6.721549820912682
R² (std): 9.872951141591335MSE (mean): 2155.493532264638
MSE (std): 1411.3811129025596>>> Comparison: Liquid <<<

Metrics for liquid - Exp x NIST:
MAPE: 28.999999999999996%
MAE: 21.33426
MSE: 2050.595472
RMSE: 45.283501
R2: 0.505588

Metrics for liquid - Exp x Model:
MAPE: 47.0%
MAE: 33.911319
MSE: 1841.628216
RMSE: 42.914196
R2: 0.555971

Metrics for liquid - NIST x Model:
MAPE: 31.0%
MAE: 30.991652
MSE: 1850.965123
RMSE: 43.022844
R2: 0.37123


>>> VAPOR PHASE <<<

Best Hyperparameters for vapor state for Neural Network: {'activation': 'relu', 'alpha': 0.001, 'batch_size': 128, 'hidden_layer_sizes': (1024, 512, 256, 128), 'learning_rate_init': 0.1, 'max_iter': 300, 'solver': 'adam'}.

 > Train data <
Metrics for vapor:
MAPE: 14.000000000000002%
MAE: 2.506389
MSE: 95.99914
RMSE: 9.797915
R2: -0.013145

 > Test data <
Metrics for vapor:
MAPE: 15.0%
MAE: 1.713019
MSE: 4.668632
RMSE: 2.160702
R2: -0.000137

*** Cross-Validation Metrics ***
Vapor Phase - RMSE (mean): 6.078046084816519
RMSE (std): 7.664398925146023MAE (mean): 2.7978882600279618
MAE (std): 2.947005593145638R² (mean): -863579.8626222266
R² (std): 2590705.712772826MSE (mean): 102327.97117409497
MSE (std): 306479.918853297>>> Comparison: Vapor <<<

Metrics for vapor - Exp x NIST:
MAPE: 2.0%
MAE: 0.870279
MSE: 78.003988
RMSE: 8.831987
R2: -0.015534

Metrics for vapor - Exp x Model:
MAPE: 28.999999999999996%
MAE: 4.438986
MSE: 118.805024
RMSE: 10.899772
R2: -0.546723

Metrics for vapor - NIST x Model:
MAPE: 27.0%
MAE: 3.615757
MSE: 40.775316
RMSE: 6.385555
R2: -3.200444


>>> SUPERCRITICAL PHASE <<<

Best Hyperparameters for supercritical state for Neural Network: {'activation': 'relu', 'alpha': 0.0001, 'batch_size': 128, 'hidden_layer_sizes': (1024, 512, 256, 128), 'learning_rate_init': 0.01, 'max_iter': 300, 'solver': 'adam'}.

 > Train data <
Metrics for supercritical:
MAPE: 31.0%
MAE: 6.217786
MSE: 110.6233
RMSE: 10.517761
R2: 0.37224

 > Test data <
Metrics for supercritical:
MAPE: 33.0%
MAE: 6.377858
MSE: 149.893105
RMSE: 12.243084
R2: -0.024701

*** Cross-Validation Metrics ***
Supercritical Phase - RMSE (mean): 12.76016076972393
RMSE (std): 10.43490273057781MAE (mean): 7.565103930413494
MAE (std): 6.238324467823834R² (mean): -10.30896025324546
R² (std): 30.191004692190976MSE (mean): 222.2426634094548
MSE (std): 312.6422510265513>>> Comparison: Supercritical <<<

Metrics for supercritical - Exp x NIST:
MAPE: 15.0%
MAE: 2.22894
MSE: 79.405683
RMSE: 8.910987
R2: 0.533763

Metrics for supercritical - Exp x Model:
MAPE: 40.0%
MAE: 8.486387
MSE: 232.235895
RMSE: 15.239288
R2: -0.363591

Metrics for supercritical - NIST x Model:
MAPE: 25.0%
MAE: 6.842726
MSE: 123.731222
RMSE: 11.123454
R2: 0.408635
