
Number of matched data between NIST and Experimental: 57
Number of missing data between NIST and Experimental: 6
Number of data labeled with 'undefined': 6
Number of data points in Liquid state: 0
Number of data points in Vapor state: 21
Number of data points in Supercritical state: 36
Data size in liquid phase (NIST): 0, Corresponding experimental data: 0
Data size in vapor phase (NIST): 21, Corresponding experimental data: 21
Data size in supercritical phase (NIST): 36, Corresponding experimental data: 36

>>> LIQUID PHASE <<<
!!!!! No data points available for the liquid state for the Joule-Thomson !!!!!


>>> VAPOR PHASE <<<

Best Hyperparameters for vapor state for GradientBoosting: {'learning_rate': 0.1, 'loss': 'huber', 'max_depth': 4, 'min_samples_leaf': 1, 'min_samples_split': 2, 'n_estimators': 50, 'random_state': 42}.

 > Train data <
Metrics for vapor:
MAPE: 0.0%
MAE: 0.006154
MSE: 5.9e-05
RMSE: 0.007687
R2: 0.99997

 > Test data <
Metrics for vapor:
MAPE: 6.0%
MAE: 0.265381
MSE: 0.108239
RMSE: 0.328997
R2: 0.897677

*** Cross-Validation Metrics ***
Vapor Phase - RMSE (mean): 0.2067954523187286
RMSE (std): 0.18203660923226286MAE (mean): 0.1861491168261195
MAE (std): 0.16509985376568895R² (mean): -3.9359491739275456
R² (std): 7.7443556975796914MSE (mean): 0.0759016862004871
MSE (std): 0.12102328021565782>>> Comparison: Vapor <<<

Metrics for vapor - Exp x NIST:
MAPE: 4.0%
MAE: 0.180099
MSE: 0.05858
RMSE: 0.242033
R2: 0.96671

Metrics for vapor - Exp x Model:
MAPE: 4.0%
MAE: 0.192959
MSE: 0.080023
RMSE: 0.282883
R2: 0.954524

Metrics for vapor - NIST x Model:
MAPE: 6.0%
MAE: 0.218532
MSE: 0.082473
RMSE: 0.287181
R2: 0.943703


>>> SUPERCRITICAL PHASE <<<

Best Hyperparameters for supercritical state for GradientBoosting: {'learning_rate': 0.1, 'loss': 'huber', 'max_depth': 4, 'min_samples_leaf': 1, 'min_samples_split': 2, 'n_estimators': 100, 'random_state': 42}.

 > Train data <
Metrics for supercritical:
MAPE: 0.0%
MAE: 0.001892
MSE: 6.3e-05
RMSE: 0.00795
R2: 0.999974

 > Test data <
Metrics for supercritical:
MAPE: 4.0%
MAE: 0.148779
MSE: 0.037146
RMSE: 0.192732
R2: 0.989413

*** Cross-Validation Metrics ***
Supercritical Phase - RMSE (mean): 0.376712419730836
RMSE (std): 0.307571114501922MAE (mean): 0.3702439883089945
MAE (std): 0.30733837535678266R² (mean): -12.038465490372472
R² (std): 29.865333630049353MSE (mean): 0.23651223765541599
MSE (std): 0.4350461497769361>>> Comparison: Supercritical <<<

Metrics for supercritical - Exp x NIST:
MAPE: 9.0%
MAE: 0.444272
MSE: 0.580535
RMSE: 0.761929
R2: 0.786663

Metrics for supercritical - Exp x Model:
MAPE: 10.0%
MAE: 0.364029
MSE: 0.216344
RMSE: 0.465128
R2: 0.920497

Metrics for supercritical - NIST x Model:
MAPE: 14.000000000000002%
MAE: 0.504118
MSE: 0.383239
RMSE: 0.619063
R2: 0.673084
