/home/mmaximo/ML/Thermophysical/Cp/codes/decisiontree_CV10.py:171: DtypeWarning: Columns (3,7,8,9,10) have mixed types. Specify dtype option on import or set low_memory=False.
  df_NIST = pd.read_csv(os.path.join(NIST_directory, file), delimiter='\t')
Decision tree to predict physical states based on temperature and pressure inputs.
Number of data: 4991983
Number of train data: 3494388
Number of test data: 1497595

Accuracy of Decision Tree model: 99.998%
              precision    recall  f1-score   support

           0       1.00      1.00      1.00     85252
           1       1.00      1.00      1.00      7157
           2       1.00      1.00      1.00   1405186

    accuracy                           1.00   1497595
   macro avg       1.00      1.00      1.00   1497595
weighted avg       1.00      1.00      1.00   1497595



 > Decision Tree Evaluation <

Metrics for Decision Tree:
RMSE: 0.004834
R2: 0.999893



*************Start analysis of property 'Cp'*************
[[294.26, 0.0], [294.26, 1.72], [294.26, 3.45], [294.26, 5.17], [294.26, 6.89], [294.26, 8.62], [294.26, 10.34], [310.93, 0.0], [310.93, 1.72], [310.93, 3.45], [310.93, 5.17], [310.93, 6.89], [310.93, 8.62], [310.93, 10.34], [327.59, 0.0], [327.59, 1.72], [327.59, 3.45], [327.59, 5.17], [327.59, 6.89], [327.59, 8.62], [327.59, 10.34], [344.26, 0.0], [344.26, 1.72], [344.26, 3.45], [344.26, 5.17], [344.26, 6.89], [344.26, 8.62], [344.26, 10.34], [360.93, 0.0], [360.93, 1.72], [360.93, 3.45], [360.93, 5.17], [360.93, 6.89], [360.93, 8.62], [360.93, 10.34], [377.59, 0.0], [377.59, 1.72], [377.59, 3.45], [377.59, 5.17], [377.59, 6.89], [377.59, 8.62], [377.59, 10.34], [409.82, 5.07], [409.82, 5.07], [409.82, 5.07], [365.93, 5.07], [365.93, 5.07], [365.93, 5.07], [365.93, 5.07], [343.15, 5.07], [343.15, 5.07], [343.15, 5.07], [334.82, 5.07], [334.26, 5.07], [332.59, 5.07], [121.1, 5.0], [121.1, 5.0], [121.1, 5.0], [121.0, 5.0], [136.1, 5.0], [136.2, 5.0], [136.2, 5.0], [151.3, 5.0], [151.3, 5.0], [151.2, 5.0], [165.1, 5.0], [165.1, 5.0], [165.1, 5.0], [165.0, 5.0], [175.6, 5.0], [175.7, 5.0], [175.6, 5.0], [175.5, 5.0], [182.7, 5.0], [182.7, 5.0], [182.7, 5.0], [184.2, 5.0], [186.4, 5.0], [188.5, 5.0], [191.0, 5.0], [192.7, 5.0], [192.6, 5.0], [195.4, 5.0], [198.0, 5.0], [201.5, 5.0], [201.5, 5.0], [209.5, 5.0], [209.5, 5.0], [220.0, 5.0], [220.0, 5.0], [230.5, 5.0], [240.4, 5.0], [240.4, 5.0], [250.6, 5.0], [144.4, 3.2], [144.3, 3.2], [144.4, 3.2], [146.2, 3.2], [146.5, 3.2], [154.9, 3.2], [154.8, 3.2], [164.9, 3.2], [164.9, 3.2], [174.3, 3.2], [178.4, 3.2], [180.0, 3.2], [180.5, 3.2], [180.6, 3.2], [185.5, 3.2], [193.2, 3.2], [193.1, 3.2], [202.9, 3.2], [202.9, 3.2], [116.48, 1.03], [122.04, 1.03], [127.59, 1.03], [133.15, 1.03], [138.71, 1.03], [144.26, 1.03], [155.37, 1.03], [160.93, 1.03], [166.48, 1.03], [172.04, 1.03], [177.59, 1.03], [183.15, 1.03], [188.71, 1.03], [194.26, 1.03], [199.82, 1.03], [205.37, 1.03], [210.93, 1.03], [216.48, 1.03], [222.04, 1.03], [227.59, 1.03], [233.15, 1.03], [238.71, 1.03], [244.26, 1.03], [249.82, 1.03], [255.37, 1.03], [260.93, 1.03], [266.48, 1.03], [272.04, 1.03], [277.59, 1.03], [283.15, 1.03], [116.48, 2.07], [122.04, 2.07], [127.59, 2.07], [133.15, 2.07], [138.71, 2.07], [144.26, 2.07], [149.82, 2.07], [155.37, 2.07], [160.93, 2.07], [172.04, 2.07], [177.59, 2.07], [183.15, 2.07], [188.71, 2.07], [194.26, 2.07], [199.82, 2.07], [205.37, 2.07], [210.93, 2.07], [216.48, 2.07], [222.04, 2.07], [227.59, 2.07], [233.15, 2.07], [238.71, 2.07], [244.26, 2.07], [249.82, 2.07], [255.37, 2.07], [260.93, 2.07], [266.48, 2.07], [272.04, 2.07], [277.59, 2.07], [283.15, 2.07], [116.48, 2.41], [122.04, 2.41], [127.59, 2.41], [133.15, 2.41], [138.71, 2.41], [144.26, 2.41], [149.82, 2.41], [155.37, 2.41], [160.93, 2.41], [166.48, 2.41], [177.59, 2.41], [183.15, 2.41], [188.71, 2.41], [194.26, 2.41], [199.82, 2.41], [205.37, 2.41], [210.93, 2.41], [216.48, 2.41], [222.04, 2.41], [227.59, 2.41], [233.15, 2.41], [238.71, 2.41], [244.26, 2.41], [249.82, 2.41], [255.37, 2.41], [260.93, 2.41], [266.48, 2.41], [272.04, 2.41], [277.59, 2.41], [283.15, 2.41], [116.48, 3.1], [122.04, 3.1], [127.59, 3.1], [133.15, 3.1], [138.71, 3.1], [144.26, 3.1], [149.82, 3.1], [155.37, 3.1], [160.93, 3.1], [166.48, 3.1], [172.04, 3.1], [177.59, 3.1], [183.15, 3.1], [188.71, 3.1], [194.26, 3.1], [199.82, 3.1], [205.37, 3.1], [210.93, 3.1], [216.48, 3.1], [222.04, 3.1], [227.59, 3.1], [233.15, 3.1], [238.71, 3.1], [244.26, 3.1], [249.82, 3.1], [255.37, 3.1], [260.93, 3.1], [266.48, 3.1], [272.04, 3.1], [277.59, 3.1], [283.15, 3.1], [116.48, 3.79], [122.04, 3.79], [127.59, 3.79], [133.15, 3.79], [138.71, 3.79], [144.26, 3.79], [149.82, 3.79], [155.37, 3.79], [160.93, 3.79], [166.48, 3.79], [172.04, 3.79], [177.59, 3.79], [183.15, 3.79], [188.71, 3.79], [194.26, 3.79], [199.82, 3.79], [205.37, 3.79], [210.93, 3.79], [216.48, 3.79], [222.04, 3.79], [227.59, 3.79], [233.15, 3.79], [238.71, 3.79], [244.26, 3.79], [249.82, 3.79], [255.37, 3.79], [260.93, 3.79], [266.48, 3.79], [272.04, 3.79], [277.59, 3.79], [283.15, 3.79], [116.48, 4.14], [122.04, 4.14], [127.59, 4.14], [133.15, 4.14], [138.71, 4.14], [144.26, 4.14], [149.82, 4.14], [155.37, 4.14], [160.93, 4.14], [166.48, 4.14], [172.04, 4.14], [177.59, 4.14], [183.15, 4.14], [188.71, 4.14], [194.26, 4.14], [199.82, 4.14], [205.37, 4.14], [210.93, 4.14], [216.48, 4.14], [222.04, 4.14], [227.59, 4.14], [233.15, 4.14], [238.71, 4.14], [244.26, 4.14], [249.82, 4.14], [255.37, 4.14], [260.93, 4.14], [266.48, 4.14], [272.04, 4.14], [277.59, 4.14], [283.15, 4.14], [116.48, 4.31], [122.04, 4.31], [127.59, 4.31], [133.15, 4.31], [138.71, 4.31], [144.26, 4.31], [149.82, 4.31], [155.37, 4.31], [160.93, 4.31], [166.48, 4.31], [172.04, 4.31], [177.59, 4.31], [183.15, 4.31], [188.71, 4.31], [194.26, 4.31], [199.82, 4.31], [205.37, 4.31], [210.93, 4.31], [216.48, 4.31], [222.04, 4.31], [227.59, 4.31], [233.15, 4.31], [238.71, 4.31], [244.26, 4.31], [249.82, 4.31], [255.37, 4.31], [260.93, 4.31], [266.48, 4.31], [272.04, 4.31], [277.59, 4.31], [283.15, 4.31], [116.48, 4.69], [122.04, 4.69], [127.59, 4.69], [133.15, 4.69], [138.71, 4.69], [144.26, 4.69], [149.82, 4.69], [155.37, 4.69], [160.93, 4.69], [166.48, 4.69], [172.04, 4.69], [177.59, 4.69], [183.15, 4.69], [188.71, 4.69], [194.26, 4.69], [199.82, 4.69], [205.37, 4.69], [210.93, 4.69], [216.48, 4.69], [222.04, 4.69], [227.59, 4.69], [233.15, 4.69], [238.71, 4.69], [244.26, 4.69], [249.82, 4.69], [255.37, 4.69], [260.93, 4.69], [266.48, 4.69], [272.04, 4.69], [277.59, 4.69], [283.15, 4.69], [116.48, 5.52], [122.04, 5.52], [127.59, 5.52], [133.15, 5.52], [138.71, 5.52], [144.26, 5.52], [149.82, 5.52], [155.37, 5.52], [160.93, 5.52], [166.48, 5.52], [172.04, 5.52], [177.59, 5.52], [183.15, 5.52], [188.71, 5.52], [194.26, 5.52], [199.82, 5.52], [205.37, 5.52], [210.93, 5.52], [216.48, 5.52], [222.04, 5.52], [227.59, 5.52], [233.15, 5.52], [238.71, 5.52], [244.26, 5.52], [249.82, 5.52], [255.37, 5.52], [260.93, 5.52], [266.48, 5.52], [272.04, 5.52], [277.59, 5.52], [283.15, 5.52], [116.48, 6.89], [122.04, 6.89], [127.59, 6.89], [133.15, 6.89], [138.71, 6.89], [144.26, 6.89], [149.82, 6.89], [155.37, 6.89], [160.93, 6.89], [166.48, 6.89], [172.04, 6.89], [177.59, 6.89], [183.15, 6.89], [188.71, 6.89], [194.26, 6.89], [199.82, 6.89], [205.37, 6.89], [210.93, 6.89], [216.48, 6.89], [222.04, 6.89], [227.59, 6.89], [233.15, 6.89], [238.71, 6.89], [244.26, 6.89], [249.82, 6.89], [255.37, 6.89], [260.93, 6.89], [266.48, 6.89], [272.04, 6.89], [277.59, 6.89], [283.15, 6.89], [116.48, 8.27], [122.04, 8.27], [127.59, 8.27], [133.15, 8.27], [138.71, 8.27], [144.26, 8.27], [149.82, 8.27], [155.37, 8.27], [160.93, 8.27], [166.48, 8.27], [172.04, 8.27], [177.59, 8.27], [183.15, 8.27], [188.71, 8.27], [194.26, 8.27], [199.82, 8.27], [205.37, 8.27], [210.93, 8.27], [216.48, 8.27], [222.04, 8.27], [227.59, 8.27], [233.15, 8.27], [238.71, 8.27], [244.26, 8.27], [249.82, 8.27], [255.37, 8.27], [260.93, 8.27], [266.48, 8.27], [272.04, 8.27], [277.59, 8.27], [283.15, 8.27], [116.48, 10.34], [122.04, 10.34], [127.59, 10.34], [133.15, 10.34], [138.71, 10.34], [144.26, 10.34], [149.82, 10.34], [155.37, 10.34], [160.93, 10.34], [166.48, 10.34], [172.04, 10.34], [177.59, 10.34], [183.15, 10.34], [188.71, 10.34], [194.26, 10.34], [199.82, 10.34], [205.37, 10.34], [210.93, 10.34], [216.48, 10.34], [222.04, 10.34], [227.59, 10.34], [233.15, 10.34], [238.71, 10.34], [244.26, 10.34], [249.82, 10.34], [255.37, 10.34], [260.93, 10.34], [266.48, 10.34], [272.04, 10.34], [277.59, 10.34], [283.15, 10.34], [116.48, 13.79], [122.04, 13.79], [127.59, 13.79], [133.15, 13.79], [138.71, 13.79], [144.26, 13.79], [149.82, 13.79], [155.37, 13.79], [160.93, 13.79], [166.48, 13.79], [172.04, 13.79], [177.59, 13.79], [183.15, 13.79], [188.71, 13.79], [194.26, 13.79], [199.82, 13.79], [205.37, 13.79], [210.93, 13.79], [216.48, 13.79], [222.04, 13.79], [227.59, 13.79], [233.15, 13.79], [238.71, 13.79], [244.26, 13.79], [249.82, 13.79], [255.37, 13.79], [260.93, 13.79], [266.48, 13.79], [272.04, 13.79], [277.59, 13.79], [283.15, 13.79]]


NIST:
 [[35.5664], [37.3269], [39.3561], [41.6381], [44.1569], [46.8504], [49.5508], [36.2042], [37.7125], [39.3969], [41.2317], [43.2], [45.2618], [47.3156], [36.9127], [38.2203], [39.6455], [41.1617], [42.7547], [44.3984], [46.0258], [37.6843], [38.829], [40.0532], [41.3323], [42.6554], [44.0052], [45.3346], [38.5097], [39.5204], [40.5851], [41.6819], [42.8031], [43.9369], [45.0489], [39.3799], [40.2789], [41.2145], [42.1677], [43.133], [44.1026], [45.0502], [43.3425], [43.3425], [43.3425], [41.7532], [41.7532], [41.7532], [41.7532], [41.2382], [41.2382], [41.2382], [41.1267], [41.121], [41.1052], [55.9536], [55.9536], [55.9536], [55.9424], [58.0747], [58.0925], [58.0925], [61.7131], [61.7131], [61.6811], [68.0506], [68.0506], [68.0506], [67.9851], [78.4046], [78.5542], [78.4046], [78.2564], [94.937], [94.937], [94.937], [101.269], [114.938], [138.393], [216.962], [590.385], [527.026], [263.844], [146.893], [103.228], [103.228], [71.8082], [71.8082], [57.8332], [57.8332], [51.3338], [47.775], [47.775], [45.4143], [60.8546], [60.8253], [60.8546], [61.4049], [61.5011], [64.8618], [64.8123], [71.8318], [71.8318], [87.5144], [105.793], [103.453], [98.2013], [97.2565], [71.8043], [57.8502], [57.9635], [50.3083], [50.3083], [56.2492], [57.0262], [57.9574], [59.0998], [60.5318], [62.3753], [43.4866], [41.6572], [40.3767], [39.4096], [38.6554], [38.0533], [37.5683], [37.1757], [36.8562], [36.5978], [36.3895], [36.2248], [36.0971], [36.0024], [35.9369], [35.8979], [35.8831], [35.8904], [35.9182], [35.9653], [36.0303], [36.1123], [36.21], [36.3231], [56.0284], [56.7517], [57.6113], [58.6551], [59.9464], [61.5798], [63.7189], [66.6322], [70.8795], [55.1919], [50.1553], [47.0363], [44.8741], [43.2798], [42.0549], [41.0945], [40.3267], [39.7089], [39.2072], [38.8006], [38.4709], [38.2062], [37.9969], [37.8349], [37.7147], [37.6309], [37.5799], [37.5583], [37.5632], [37.5925], [55.9588], [56.6655], [57.5033], [58.5174], [59.767], [61.3395], [63.3839], [66.1394], [70.0908], [76.3021], [58.0363], [52.2171], [48.6537], [46.2089], [44.4136], [43.0476], [41.9774], [41.1277], [40.4429], [39.8893], [39.4391], [39.0743], [38.7811], [38.5476], [38.3661], [38.2291], [38.1318], [38.0693], [38.0382], [38.0353], [55.8211], [56.4958], [57.2915], [58.2487], [59.4193], [60.8778], [62.7488], [65.2226], [68.6671], [73.8163], [82.6256], [102.726], [74.1343], [61.4139], [54.9539], [50.9296], [48.1613], [46.1317], [44.5911], [43.3867], [42.4319], [41.6632], [41.041], [40.5367], [40.1268], [39.7966], [39.5326], [39.3261], [39.1685], [39.0543], [38.9781], [55.6881], [56.3325], [57.0888], [57.9935], [59.0919], [60.448], [62.1667], [64.4011], [67.4357], [71.7931], [78.7128], [91.8798], [133.771], [97.7147], [72.1911], [61.6574], [55.7196], [51.8425], [49.1103], [47.079], [45.5236], [44.3005], [43.3253], [42.5407], [41.9031], [41.3856], [40.9648], [40.6258], [40.3547], [40.1428], [39.9813], [55.6223], [56.252], [56.9893], [57.8687], [58.9329], [60.241], [61.8895], [64.0158], [66.8713], [70.9004], [77.1074], [88.1889], [116.483], [176.24], [89.8351], [70.2927], [61.1035], [55.619], [51.9533], [49.3197], [47.3495], [45.8253], [44.6236], [43.6638], [42.8869], [42.257], [41.7435], [41.3272], [40.9909], [40.7232], [40.5136], [55.5907], [56.2134], [56.9417], [57.8093], [58.8573], [60.143], [61.7588], [63.8356], [66.61], [70.4939], [76.3978], [86.6623], [110.941], [416.603], [103.767], [75.845], [64.2759], [57.7393], [53.5017], [50.5147], [48.3086], [46.6169], [45.2914], [44.2371], [43.3861], [42.6969], [42.1348], [41.6784], [41.3083], [41.0121], [40.7778], [55.5212], [56.1286], [56.8372], [57.6789], [58.6921], [59.9295], [61.4758], [63.4478], [66.0536], [69.6419], [74.9509], [83.7194], [101.926], [178.498], [173.572], [93.7385], [73.2169], [63.3371], [57.4353], [53.4745], [50.6417], [48.5169], [46.8777], [45.588], [44.5543], [43.7205], [43.0412], [42.4887], [42.0381], [41.6741], [41.3819], [55.3735], [55.949], [56.617], [57.4056], [58.348], [59.4885], [60.8974], [62.6666], [64.9552], [68.0107], [72.3172], [78.8523], [90.2], [115.826], [240.661], [217.615], [109.183], [81.6847], [69.0208], [61.6371], [56.7965], [53.3709], [50.8332], [48.8932], [47.3693], [46.1563], [45.1758], [44.3799], [43.7289], [43.1978], [42.7642], [55.1419], [55.6691], [56.2762], [56.9862], [57.8254], [58.8278], [60.0454], [61.5419], [63.4227], [65.8351], [69.0417], [73.4813], [80.058], [90.7772], [111.066], [156.52], [199.939], [140.099], [100.99], [81.7402], [70.7947], [63.7937], [58.969], [55.4691], [52.8236], [50.7757], [49.1524], [47.851], [46.7927], [45.9289], [45.2185], [54.9228], [55.406], [55.9583], [56.5988], [57.3486], [58.2338], [59.2938], [60.5733], [62.1446], [64.099], [66.5896], [69.8368], [74.2337], [80.4466], [89.6998], [104.206], [125.021], [139.568], [127.433], [105.032], [88.0256], [76.5892], [68.7783], [63.2368], [59.1427], [56.0362], [53.6128], [51.6935], [50.1455], [48.8878], [47.8541], [54.6178], [55.0427], [55.5233], [56.0745], [56.7116], [57.4525], [58.3241], [59.3537], [60.5842], [62.063], [63.8654], [66.0809], [68.8512], [72.359], [76.8471], [82.6327], [89.8568], [97.774], [103.47], [103.502], [97.7732], [89.3418], [81.0365], [74.0156], [68.3749], [63.9214], [60.3832], [57.5582], [55.2716], [53.4098], [51.8757], [54.1641], [54.508], [54.8912], [55.3238], [55.815], [56.3752], [57.0196], [57.7607], [58.6187], [59.6109], [60.7647], [62.1034], [63.6626], [65.4723], [67.5565], [69.9367], [72.5831], [75.4079], [78.1561], [80.3853], [81.5386], [81.2848], [79.6859], [77.0936], [73.9313], [70.5998], [67.3671], [64.4036], [61.7637], [59.4642], [57.4749]]

Number of matched data between NIST and Experimental: 513
Number of missing data between NIST and Experimental: 0
Number of data labeled with 'undefined': 0

Number of data points in Liquid state: 195
Number of data points in Vapor state: 164
Number of data points in Supercritical state: 154

Data size in liquid phase (NIST): 195, Corresponding experimental data: 195
Data size in vapor phase (NIST): 164, Corresponding experimental data: 164
Data size in supercritical phase (NIST): 154, Corresponding experimental data: 154


>>> LIQUID PHASE <<<

Tuning hyperparameters for liquid state with DecisionTree...

Best Hyperparameters for liquid state for DecisionTree: {'criterion': 'absolute_error', 'max_depth': None, 'min_samples_leaf': 2, 'min_samples_split': 2, 'random_state': 42}.


 > Train data <

Metrics for liquid:
MAPE: 3.0%
MAE: 5.685467
MSE: 1648.422205
RMSE: 40.600766
R2: 0.605402


 > Test data <

Metrics for liquid:
MAPE: 2.0%
MAE: 1.859473
MSE: 21.961658
RMSE: 4.686327
R2: 0.894924


*** Cross-Validation Metrics ***
Liquid Phase - RMSE (mean): 23.093939853365807
RMSE (std): 48.45157328505248
MAE (mean): 7.145666157894738
MAE (std): 11.53620252551977
R² (mean): 0.3992609053151238
R² (std): 0.6617449426256931
MSE (mean): 2880.8850117476886
MSE (std): 8373.054725809103
>>> Comparison: Liquid <<<


Metrics for liquid - Exp x NIST:
MAPE: 1.0%
MAE: 4.215452
MSE: 2820.263864
RMSE: 53.106157
R2: 0.167477


Metrics for liquid - Exp x Model:
MAPE: 4.0%
MAE: 7.205809
MSE: 2950.865244
RMSE: 54.321867
R2: 0.128925


Metrics for liquid - NIST x Model:
MAPE: 4.0%
MAE: 3.299308
MSE: 80.514472
RMSE: 8.972986
R2: 0.706527



>>> VAPOR PHASE <<<

Tuning hyperparameters for vapor state with DecisionTree...

Best Hyperparameters for vapor state for DecisionTree: {'criterion': 'squared_error', 'max_depth': None, 'min_samples_leaf': 1, 'min_samples_split': 5, 'random_state': 42}.


 > Train data <

Metrics for vapor:
MAPE: 2.0%
MAE: 1.339184
MSE: 11.825081
RMSE: 3.438761
R2: 0.998406


 > Test data <

Metrics for vapor:
MAPE: 4.0%
MAE: 11.084593
MSE: 2848.699126
RMSE: 53.373206
R2: 0.957931


*** Cross-Validation Metrics ***
Vapor Phase - RMSE (mean): 73.91690645575304
RMSE (std): 128.74189369925313
MAE (mean): 41.01713758272059
MAE (std): 70.4626691702447
R² (mean): -31.164786334635693
R² (std): 93.90404559276722
MSE (mean): 22038.184253258332
MSE (std): 54472.934411160786
>>> Comparison: Vapor <<<


Metrics for vapor - Exp x NIST:
MAPE: 2.0%
MAE: 18.556296
MSE: 17686.113319
RMSE: 132.989147
R2: 0.116609


Metrics for vapor - Exp x Model:
MAPE: 46.0%
MAE: 41.176193
MSE: 22616.916531
RMSE: 150.389217
R2: -0.129676


Metrics for vapor - NIST x Model:
MAPE: 44.0%
MAE: 23.659914
MSE: 3845.940193
RMSE: 62.015645
R2: -2.482819



>>> SUPERCRITICAL PHASE <<<

Tuning hyperparameters for supercritical state with DecisionTree...

Best Hyperparameters for supercritical state for DecisionTree: {'criterion': 'absolute_error', 'max_depth': None, 'min_samples_leaf': 1, 'min_samples_split': 2, 'random_state': 42}.


 > Train data <

Metrics for supercritical:
MAPE: 0.0%
MAE: 0.010802
MSE: 0.003391
RMSE: 0.058232
R2: 0.999999


 > Test data <

Metrics for supercritical:
MAPE: 9.0%
MAE: 7.744194
MSE: 622.302765
RMSE: 24.945997
R2: -0.203763


*** Cross-Validation Metrics ***
Supercritical Phase - RMSE (mean): 32.25571635479941
RMSE (std): 36.706754493089335
MAE (mean): 17.3033941875
MAE (std): 16.679170126821063
R² (mean): 0.16730195260668088
R² (std): 0.4845871222077594
MSE (mean): 2387.8170629772076
MSE (std): 5011.438560311096
>>> Comparison: Supercritical <<<


Metrics for supercritical - Exp x NIST:
MAPE: 4.0%
MAE: 2.389136
MSE: 32.386242
RMSE: 5.690891
R2: 0.993185


Metrics for supercritical - Exp x Model:
MAPE: 14.000000000000002%
MAE: 17.399376
MSE: 2448.95394
RMSE: 49.486907
R2: 0.4847


Metrics for supercritical - NIST x Model:
MAPE: 16.0%
MAE: 17.811408
MSE: 2464.011488
RMSE: 49.63881
R2: 0.46454

