
Number of matched data between NIST and Experimental: 1376
Number of missing data between NIST and Experimental: 2
Number of data labeled with 'undefined': 0
Number of data points in Liquid state: 503
Number of data points in Vapor state: 135
Number of data points in Supercritical state: 738
Data size in liquid phase (NIST): 503, Corresponding experimental data: 503
Data size in vapor phase (NIST): 135, Corresponding experimental data: 135
Data size in supercritical phase (NIST): 738, Corresponding experimental data: 738

>>> LIQUID PHASE <<<

Best Hyperparameters for liquid state for NuSVR: {'C': 1.0, 'cache_size': 200, 'coef0': 0.0, 'degree': 3, 'gamma': 'scale', 'kernel': 'rbf', 'max_iter': -1, 'nu': 0.5, 'shrinking': True, 'tol': 0.001, 'verbose': False}

 > Train data <
Metrics for liquid:
MAPE: 5.0%
MAE: 0.000226
MSE: 2e-06
RMSE: 0.001528
R2: 0.068346

 > Test data <
Metrics for liquid:
MAPE: 6.0%
MAE: 0.000436
MSE: 8e-06
RMSE: 0.002839
R2: 0.051092

*** Cross-Validation Metrics ***
Liquid Phase - RMSE (mean): 0.0002844435712082656
RMSE (std): 0.0018506715598179133MAE (mean): 0.0002844435712082656
MAE (std): 0.0018506715598179133R² (mean): nan
R² (std): nanMSE (mean): 3.5058933675205813e-06
MSE (std): 5.0979110099153374e-05>>> Comparison: Liquid <<<

Metrics for liquid - Exp x NIST:
MAPE: 1.0%
MAE: 0.000155
MSE: 3e-06
RMSE: 0.001849
R2: 0.079452

Metrics for liquid - Exp x Model:
MAPE: 6.0%
MAE: 0.000284
MSE: 4e-06
RMSE: 0.001872
R2: 0.056134

Metrics for liquid - NIST x Model:
MAPE: 5.0%
MAE: 0.000154
MSE: 0.0
RMSE: 0.000349
R2: 0.668615


>>> VAPOR PHASE <<<

Best Hyperparameters for vapor state for NuSVR: {'C': 1.0, 'cache_size': 200, 'coef0': 0.0, 'degree': 3, 'gamma': 'scale', 'kernel': 'rbf', 'max_iter': -1, 'nu': 0.5, 'shrinking': True, 'tol': 0.001, 'verbose': False}

 > Train data <
Metrics for vapor:
MAPE: 59.0%
MAE: 0.129869
MSE: 0.197202
RMSE: 0.444074
R2: 0.005874

 > Test data <
Metrics for vapor:
MAPE: 57.99999999999999%
MAE: 0.049924
MSE: 0.036542
RMSE: 0.191159
R2: -0.02483

*** Cross-Validation Metrics ***
Vapor Phase - RMSE (mean): 0.11517708735298665
RMSE (std): 0.3958115573964407MAE (mean): 0.11517708735298665
MAE (std): 0.3958115573964407R² (mean): nan
R² (std): nanMSE (mean): 0.16993255041971342
MSE (std): 0.7301628480616206>>> Comparison: Vapor <<<

Metrics for vapor - Exp x NIST:
MAPE: 12.0%
MAE: 0.001461
MSE: 8.9e-05
RMSE: 0.009447
R2: 0.999466

Metrics for vapor - Exp x Model:
MAPE: 60.0%
MAE: 0.115177
MSE: 0.169933
RMSE: 0.412229
R2: -0.017239

Metrics for vapor - NIST x Model:
MAPE: 49.0%
MAE: 0.114955
MSE: 0.170145
RMSE: 0.412487
R2: -0.018209


>>> SUPERCRITICAL PHASE <<<

Best Hyperparameters for supercritical state for NuSVR: {'C': 1.0, 'cache_size': 200, 'coef0': 0.0, 'degree': 3, 'gamma': 'scale', 'kernel': 'rbf', 'max_iter': -1, 'nu': 0.5, 'shrinking': True, 'tol': 0.001, 'verbose': False}

 > Train data <
Metrics for supercritical:
MAPE: 20.0%
MAE: 0.001641
MSE: 9e-06
RMSE: 0.003014
R2: 0.724238

 > Test data <
Metrics for supercritical:
MAPE: 20.0%
MAE: 0.001676
MSE: 1.2e-05
RMSE: 0.003524
R2: 0.713844

*** Cross-Validation Metrics ***
Supercritical Phase - RMSE (mean): 0.001651069444967426
RMSE (std): 0.002370176878695485MAE (mean): 0.001651069444967426
MAE (std): 0.002370176878695485R² (mean): nan
R² (std): nanMSE (mean): 8.343768748407718e-06
MSE (std): 3.0244654313638746e-05>>> Comparison: Supercritical <<<

Metrics for supercritical - Exp x NIST:
MAPE: 1.0%
MAE: 0.000119
MSE: 1e-06
RMSE: 0.000779
R2: 0.982686

Metrics for supercritical - Exp x Model:
MAPE: 21.0%
MAE: 0.001651
MSE: 8e-06
RMSE: 0.002889
R2: 0.761835

Metrics for supercritical - NIST x Model:
MAPE: 21.0%
MAE: 0.00164
MSE: 8e-06
RMSE: 0.002835
R2: 0.770512
