
Number of matched data between NIST and Experimental: 1375
Number of missing data between NIST and Experimental: 3
Number of data labeled with 'undefined': 0
Number of data points in Liquid state: 503Number of data points in Vapor state: 135Number of data points in Supercritical state: 737

>>> LIQUID PHASE <<<


>>> VAPOR PHASE <<<

Best Hyperparameters for vapor state for DecisionTree: {'criterion': 'squared_error', 'max_depth': None, 'min_samples_leaf': 2, 'min_samples_split': 10, 'random_state': 42}.

 > Train data <
Metrics for vapor:
MAPE: 24.0%
MAE: 8.006192
MSE: 364.039018
RMSE: 19.079807
R2: 0.748496

 > Test data <
Metrics for vapor:
MAPE: 53.0%
MAE: 11.011193
MSE: 735.260131
RMSE: 27.115681
R2: 0.515285
>>> Comparison: Vapor <<<

Metrics for vapor - Exp x NIST:
MAPE: 3.0%
MAE: 3.988368
MSE: 489.328457
RMSE: 22.12077
R2: 0.665185

Metrics for vapor - Exp x Model:
MAPE: 21.0%
MAE: 9.255245
MSE: 447.176417
RMSE: 21.146546
R2: 0.694027

Metrics for vapor - NIST x Model:
MAPE: 21.0%
MAE: 7.388699
MSE: 219.419746
RMSE: 14.812824
R2: 0.700849
