
Number of matched data between NIST and Experimental: 315
Number of missing data between NIST and Experimental: 1
Number of data labeled with 'undefined': 0
Number of data points in Liquid state: 110
Number of data points in Vapor state: 4
Number of data points in Supercritical state: 201
Data size in liquid phase (NIST): 110, Corresponding experimental data: 110
Data size in vapor phase (NIST): 4, Corresponding experimental data: 4
Data size in supercritical phase (NIST): 201, Corresponding experimental data: 201

>>> LIQUID PHASE <<<

Best Hyperparameters for liquid state for GradientBoosting: {'learning_rate': 0.1, 'loss': 'huber', 'max_depth': 5, 'min_samples_leaf': 3, 'min_samples_split': 2, 'n_estimators': 200, 'random_state': 42}.

 > Train data <
Metrics for liquid:
MAPE: 1.0%
MAE: 0.115151
MSE: 1.030931
RMSE: 1.015348
R2: 0.747917

 > Test data <
Metrics for liquid:
MAPE: 3.0%
MAE: 0.617082
MSE: 4.394426
RMSE: 2.096289
R2: 0.407248

*** Cross-Validation Metrics ***
Liquid Phase - RMSE (mean): 0.4423847687990024
RMSE (std): 1.4365354065268785MAE (mean): 0.4423847687990024
MAE (std): 1.4365354065268785R² (mean): nan
R² (std): nanMSE (mean): 2.2593382578706906
MSE (std): 13.560791638428594>>> Comparison: Liquid <<<

Metrics for liquid - Exp x NIST:
MAPE: 2.0%
MAE: 0.445519
MSE: 1.814698
RMSE: 1.347107
R2: 0.621723

Metrics for liquid - Exp x Model:
MAPE: 2.0%
MAE: 0.442385
MSE: 2.259338
RMSE: 1.50311
R2: 0.529036

Metrics for liquid - NIST x Model:
MAPE: 1.0%
MAE: 0.39487
MSE: 0.510549
RMSE: 0.714527
R2: 0.77334


>>> VAPOR PHASE <<<

Best Hyperparameters for vapor state for GradientBoosting: {'learning_rate': 0.1, 'loss': 'huber', 'max_depth': 3, 'min_samples_leaf': 1, 'min_samples_split': 3, 'n_estimators': 200, 'random_state': 42}.

 > Train data <
Metrics for vapor:
MAPE: 0.0%
MAE: 0.0
MSE: 0.0
RMSE: 0.0
R2: 1.0

 > Test data <
Metrics for vapor:
MAPE: 9.0%
MAE: 2.18
MSE: 4.7524
RMSE: 2.18
R2: nan

*** Cross-Validation Metrics ***
Vapor Phase - RMSE (mean): 4.018221347556455
RMSE (std): 2.246484065437528MAE (mean): 4.018221347556455
MAE (std): 2.246484065437528R² (mean): nan
R² (std): nanMSE (mean): 21.19279345422314
MSE (std): 22.339917367095058>>> Comparison: Vapor <<<

Metrics for vapor - Exp x NIST:
MAPE: 3.0%
MAE: 0.661875
MSE: 0.655558
RMSE: 0.809666
R2: 0.944796

Metrics for vapor - Exp x Model:
MAPE: 14.000000000000002%
MAE: 4.018221
MSE: 21.192793
RMSE: 4.603563
R2: -0.784634

Metrics for vapor - NIST x Model:
MAPE: 12.0%
MAE: 3.356346
MSE: 16.665991
RMSE: 4.0824
R2: -1.038535


>>> SUPERCRITICAL PHASE <<<

Best Hyperparameters for supercritical state for GradientBoosting: {'learning_rate': 0.1, 'loss': 'huber', 'max_depth': 4, 'min_samples_leaf': 1, 'min_samples_split': 4, 'n_estimators': 100, 'random_state': 42}.

 > Train data <
Metrics for supercritical:
MAPE: 0.0%
MAE: 0.101871
MSE: 0.484871
RMSE: 0.696327
R2: 0.939196

 > Test data <
Metrics for supercritical:
MAPE: 1.0%
MAE: 0.212259
MSE: 0.161307
RMSE: 0.40163
R2: 0.948906

*** Cross-Validation Metrics ***
Supercritical Phase - RMSE (mean): 0.4242984273590274
RMSE (std): 1.5559578342089846MAE (mean): 0.4242984273590274
MAE (std): 1.5559578342089846R² (mean): nan
R² (std): nanMSE (mean): 2.6010339372956586
MSE (std): 21.126824627455058>>> Comparison: Supercritical <<<

Metrics for supercritical - Exp x NIST:
MAPE: 1.0%
MAE: 0.483137
MSE: 1.000475
RMSE: 1.000237
R2: 0.857918

Metrics for supercritical - Exp x Model:
MAPE: 1.0%
MAE: 0.424298
MSE: 2.601034
RMSE: 1.612772
R2: 0.630615

Metrics for supercritical - NIST x Model:
MAPE: 2.0%
MAE: 0.534851
MSE: 1.4634
RMSE: 1.209711
R2: 0.665861
