
Number of matched data between NIST and Experimental: 57
Number of missing data between NIST and Experimental: 6
Number of data labeled with 'undefined': 6

>>> LIQUID PHASE <<<


>>> VAPOR PHASE <<<

Best Hyperparameters for vapor state for Neural Network: {'activation': 'relu', 'alpha': 0.001, 'batch_size': 64, 'hidden_layer_sizes': (1024, 512, 256, 128), 'learning_rate_init': 0.001, 'max_iter': 100, 'solver': 'adam'}.

 > Train data <
Metrics for vapor:
MAPE: 30.0%
MAE: 1.405261
MSE: 3.71029
RMSE: 1.926211
R2: -0.910155

 > Test data <
Metrics for vapor:
MAPE: 36.0%
MAE: 1.73487
MSE: 3.831743
RMSE: 1.957484
R2: -2.622288
>>> Comparison: Vapor <<<

Metrics for vapor - Exp x NIST:
MAPE: 4.0%
MAE: 0.180099
MSE: 0.05858
RMSE: 0.242033
R2: 0.96671

Metrics for vapor - Exp x Model:
MAPE: 43.0%
MAE: 1.702348
MSE: 4.160194
RMSE: 2.039655
R2: -1.364173

Metrics for vapor - NIST x Model:
MAPE: 43.0%
MAE: 1.665191
MSE: 3.919363
RMSE: 1.979738
R2: -1.675417


>>> SUPERCRITICAL PHASE <<<

Best Hyperparameters for supercritical state for Neural Network: {'activation': 'relu', 'alpha': 0.001, 'batch_size': 128, 'hidden_layer_sizes': (1024, 512, 256, 128), 'learning_rate_init': 0.01, 'max_iter': 200, 'solver': 'adam'}.

 > Train data <
Metrics for supercritical:
MAPE: 77.0%
MAE: 2.187233
MSE: 6.064461
RMSE: 2.462613
R2: -1.505

 > Test data <
Metrics for supercritical:
MAPE: 77.0%
MAE: 2.548764
MSE: 7.430426
RMSE: 2.725881
R2: -1.117678
>>> Comparison: Supercritical <<<

Metrics for supercritical - Exp x NIST:
MAPE: 9.0%
MAE: 0.444272
MSE: 0.580535
RMSE: 0.761929
R2: 0.786663

Metrics for supercritical - Exp x Model:
MAPE: 54.0%
MAE: 1.956784
MSE: 6.308996
RMSE: 2.511771
R2: -1.318446

Metrics for supercritical - NIST x Model:
MAPE: 51.0%
MAE: 1.584465
MSE: 3.818083
RMSE: 1.953992
R2: -2.256954
