
Number of matched data between NIST and Experimental: 513
Number of missing data between NIST and Experimental: 0
Number of data labeled with 'undefined': 0
Number of data points in Liquid state: 195
Number of data points in Vapor state: 164
Number of data points in Supercritical state: 154
Data size in liquid phase (NIST): 195, Corresponding experimental data: 195
Data size in vapor phase (NIST): 164, Corresponding experimental data: 164
Data size in supercritical phase (NIST): 154, Corresponding experimental data: 154

>>> LIQUID PHASE <<<

Best Hyperparameters for liquid state for Adaboost with Ridge: {'learning_rate': 1.0, 'loss': 'square', 'n_estimators': 50, 'random_state': 42}.

 > Train data <
Metrics for liquid:
MAPE: 35.0%
MAE: 27.611201
MSE: 4001.672431
RMSE: 63.258774
R2: 0.042082

 > Test data <
Metrics for liquid:
MAPE: 38.0%
MAE: 25.259877
MSE: 803.711447
RMSE: 28.349805
R2: -2.845369

*** Cross-Validation Metrics ***
Liquid Phase - RMSE (mean): 12.158702927424201
RMSE (std): 54.763096792544694MAE (mean): 12.158702927424201
MAE (std): 54.763096792544694R² (mean): nan
R² (std): nanMSE (mean): 3146.8308271869723
MSE (std): 41554.131832488136>>> Comparison: Liquid <<<

Metrics for liquid - Exp x NIST:
MAPE: 1.0%
MAE: 4.215452
MSE: 2820.263864
RMSE: 53.106157
R2: 0.167477

Metrics for liquid - Exp x Model:
MAPE: 12.0%
MAE: 12.158703
MSE: 3146.830827
RMSE: 56.09662
R2: 0.071077

Metrics for liquid - NIST x Model:
MAPE: 12.0%
MAE: 8.33554
MSE: 159.910577
RMSE: 12.645575
R2: 0.417131


>>> VAPOR PHASE <<<

Best Hyperparameters for vapor state for Adaboost with Ridge: {'learning_rate': 0.01, 'loss': 'exponential', 'n_estimators': 50, 'random_state': 42}.

 > Train data <
Metrics for vapor:
MAPE: 42.0%
MAE: 26.617188
MSE: 6931.789845
RMSE: 83.257371
R2: 0.065843

 > Test data <
Metrics for vapor:
MAPE: 66.0%
MAE: 88.425655
MSE: 67408.90976
RMSE: 259.632259
R2: 0.004527

*** Cross-Validation Metrics ***
Vapor Phase - RMSE (mean): 61.608216979940906
RMSE (std): 127.7437445841558MAE (mean): 61.608216979940906
MAE (std): 127.7437445841558R² (mean): nan
R² (std): nanMSE (mean): 20114.036679829514
MSE (std): 133090.024988469>>> Comparison: Vapor <<<

Metrics for vapor - Exp x NIST:
MAPE: 2.0%
MAE: 18.556296
MSE: 17686.113319
RMSE: 132.989147
R2: 0.116609

Metrics for vapor - Exp x Model:
MAPE: 98.0%
MAE: 61.608217
MSE: 20114.03668
RMSE: 141.823964
R2: -0.004662

Metrics for vapor - NIST x Model:
MAPE: 96.0%
MAE: 44.582594
MSE: 2986.459421
RMSE: 54.648508
R2: -1.704488


>>> SUPERCRITICAL PHASE <<<

Best Hyperparameters for supercritical state for Adaboost with Ridge: {'learning_rate': 1.0, 'loss': 'linear', 'n_estimators': 50, 'random_state': 42}.

 > Train data <
Metrics for supercritical:
MAPE: 55.00000000000001%
MAE: 38.874885
MSE: 4438.809157
RMSE: 66.624389
R2: 0.225633

 > Test data <
Metrics for supercritical:
MAPE: 50.0%
MAE: 26.109059
MSE: 1025.236458
RMSE: 32.019314
R2: -0.983186

*** Cross-Validation Metrics ***
Supercritical Phase - RMSE (mean): 35.3440673059266
RMSE (std): 51.04913712122262MAE (mean): 35.3440673059266
MAE (std): 51.04913712122262R² (mean): nan
R² (std): nanMSE (mean): 3855.217494547259
MSE (std): 20609.31522234612>>> Comparison: Supercritical <<<

Metrics for supercritical - Exp x NIST:
MAPE: 4.0%
MAE: 2.389136
MSE: 32.386242
RMSE: 5.690891
R2: 0.993185

Metrics for supercritical - Exp x Model:
MAPE: 52.0%
MAE: 35.344067
MSE: 3855.217495
RMSE: 62.090398
R2: 0.188798

Metrics for supercritical - NIST x Model:
MAPE: 52.0%
MAE: 35.454602
MSE: 3861.795416
RMSE: 62.143346
R2: 0.160785
