
Number of matched data between NIST and Experimental: 881
Number of missing data between NIST and Experimental: 0
Number of data labeled with 'undefined': 0
Number of data points in Liquid state: 329
Number of data points in Vapor state: 377
Number of data points in Supercritical state: 175
Data size in liquid phase (NIST): 329, Corresponding experimental data: 329
Data size in vapor phase (NIST): 377, Corresponding experimental data: 377
Data size in supercritical phase (NIST): 175, Corresponding experimental data: 175

>>> LIQUID PHASE <<<

Best Hyperparameters for liquid state for Adaboost with Ridge: {'learning_rate': 1.0, 'loss': 'linear', 'n_estimators': 50, 'random_state': 42}.

 > Train data <
Metrics for liquid:
MAPE: 986708237320690.0%
MAE: 0.142851
MSE: 0.100988
RMSE: 0.317786
R2: 0.964477

 > Test data <
Metrics for liquid:
MAPE: 3470980118201275.0%
MAE: 0.166307
MSE: 0.130041
RMSE: 0.360612
R2: 0.958062

*** Cross-Validation Metrics ***
Liquid Phase - RMSE (mean): 0.14302004432967638
RMSE (std): 0.289934482148757MAE (mean): 0.14302004432967638
MAE (std): 0.289934482148757R² (mean): nan
R² (std): nanMSE (mean): 0.10451673701893048
MSE (std): 0.5347240775535373>>> Comparison: Liquid <<<

Metrics for liquid - Exp x NIST:
MAPE: 5145114807847795.0%
MAE: 0.58964
MSE: 0.363575
RMSE: 0.602971
R2: 0.874573

Metrics for liquid - Exp x Model:
MAPE: 1200984837455310.0%
MAE: 0.14302
MSE: 0.104517
RMSE: 0.32329
R2: 0.963943

Metrics for liquid - NIST x Model:
MAPE: 231.99999999999997%
MAE: 0.524586
MSE: 0.291783
RMSE: 0.54017
R2: 0.902186


>>> VAPOR PHASE <<<

Best Hyperparameters for vapor state for Adaboost with Ridge: {'learning_rate': 0.01, 'loss': 'exponential', 'n_estimators': 50, 'random_state': 42}.

 > Train data <
Metrics for vapor:
MAPE: 56.00000000000001%
MAE: 0.926614
MSE: 3.696117
RMSE: 1.922529
R2: 0.185735

 > Test data <
Metrics for vapor:
MAPE: 90.0%
MAE: 1.177227
MSE: 5.987104
RMSE: 2.446856
R2: 0.11154

*** Cross-Validation Metrics ***
Vapor Phase - RMSE (mean): 1.027843930220281
RMSE (std): 1.8132322718803173MAE (mean): 1.027843930220281
MAE (std): 1.8132322718803173R² (mean): nan
R² (std): nanMSE (mean): 4.344274416678931
MSE (std): 22.873202012383533>>> Comparison: Vapor <<<

Metrics for vapor - Exp x NIST:
MAPE: 71.0%
MAE: 0.841067
MSE: 4.687981
RMSE: 2.165175
R2: 0.059932

Metrics for vapor - Exp x Model:
MAPE: 64.0%
MAE: 1.027844
MSE: 4.344274
RMSE: 2.084292
R2: 0.128855

Metrics for vapor - NIST x Model:
MAPE: 10.0%
MAE: 0.787683
MSE: 1.067402
RMSE: 1.033152
R2: 0.614112


>>> SUPERCRITICAL PHASE <<<

Best Hyperparameters for supercritical state for Adaboost with Ridge: {'learning_rate': 0.1, 'loss': 'linear', 'n_estimators': 50, 'random_state': 42}.

 > Train data <
Metrics for supercritical:
MAPE: 67.0%
MAE: 2.415842
MSE: 8.754541
RMSE: 2.958807
R2: 0.091778

 > Test data <
Metrics for supercritical:
MAPE: 127.0%
MAE: 2.846862
MSE: 12.938035
RMSE: 3.596948
R2: 0.217166

*** Cross-Validation Metrics ***
Supercritical Phase - RMSE (mean): 2.62412887772246
RMSE (std): 1.7459402564263637MAE (mean): 2.62412887772246
MAE (std): 1.7459402564263637R² (mean): nan
R² (std): nanMSE (mean): 9.934359745907091
MSE (std): 12.063684204246762>>> Comparison: Supercritical <<<

Metrics for supercritical - Exp x NIST:
MAPE: 122.0%
MAE: 1.682961
MSE: 16.721185
RMSE: 4.089155
R2: -0.500135

Metrics for supercritical - Exp x Model:
MAPE: 74.0%
MAE: 2.624129
MSE: 9.93436
RMSE: 3.151882
R2: 0.108742

Metrics for supercritical - NIST x Model:
MAPE: 27.0%
MAE: 2.638946
MSE: 11.051793
RMSE: 3.324424
R2: -0.646345
