Number of matched data between NIST and Experimental: 315
Number of missing data between NIST and Experimental: 1

>>> LIQUID PHASE <<<

Best Hyperparameters for liquid state for NN: {'activation': 'relu', 'alpha': 0.0001, 'batch_size': 64, 'hidden_layer_sizes': (512, 512, 512), 'learning_rate_init': 0.1, 'max_iter': 50, 'solver': 'adam'}.

 > Train data <
Metrics for liquid phase:
MAPE: 4.0%
MAE: 1.401067
MSE: 4.243146
RMSE: 2.05989
R2: -0.037534

 > Test data <
Metrics for liquid phase:
MAPE: 6.0%
MAE: 1.546364
MSE: 7.429379
RMSE: 2.725689
R2: -0.002128


>>> VAPOR PHASE <<<

Best Hyperparameters for vapor state for NN: {'activation': 'relu', 'alpha': 0.01, 'batch_size': 128, 'hidden_layer_sizes': (1024, 512, 256, 128), 'learning_rate_init': 0.01, 'max_iter': 100, 'solver': 'adam'}.

 > Train data <
Metrics for vapor phase:
MAPE: 22.0%
MAE: 6.440458
MSE: 54.135765
RMSE: 7.357701
R2: -3.027552

 > Test data <
Metrics for vapor phase:
MAPE: 10.0%
MAE: 2.486332
MSE: 6.181849
RMSE: 2.486332
R2: nan


>>> SUPERCRITICAL PHASE <<<

Best Hyperparameters for supercritical state for NN: {'activation': 'relu', 'alpha': 0.0001, 'batch_size': 64, 'hidden_layer_sizes': (512, 256, 128), 'learning_rate_init': 0.1, 'max_iter': 300, 'solver': 'adam'}.

 > Train data <
Metrics for supercritical phase:
MAPE: 5.0%
MAE: 1.756424
MSE: 7.974373
RMSE: 2.823893
R2: -7e-06

 > Test data <
Metrics for supercritical phase:
MAPE: 5.0%
MAE: 1.467384
MSE: 3.455507
RMSE: 1.858899
R2: -0.094539


Below metrics encompass all data.
>>> Liquid <<<

Metrics for liquid (NIST) phase:
MAPE: 2.0%
MAE: 0.445519
MSE: 1.814698
RMSE: 1.347107
R2: 0.621723

Metrics for liquid (Model) phase:
MAPE: 11.0%
MAE: 3.310912
MSE: 38.372466
RMSE: 6.194551
R2: -6.998816
>>> Vapor <<<

Metrics for vapor (NIST) phase:
MAPE: 3.0%
MAE: 0.661875
MSE: 0.655558
RMSE: 0.809666
R2: 0.944796

Metrics for vapor (Model) phase:
MAPE: 31.0%
MAE: 8.879814
MSE: 107.747807
RMSE: 10.380164
R2: -8.073385
>>> Supercritical <<<

Metrics for supercritical (NIST) phase:
MAPE: 1.0%
MAE: 0.483137
MSE: 1.000475
RMSE: 1.000237
R2: 0.857918

Metrics for supercritical (Model) phase:
MAPE: 6.0%
MAE: 1.997849
MSE: 12.823931
RMSE: 3.581052
R2: -0.821188


Below metrics encompass all data.
	Comparison NIST x Model
>>> Liquid <<<

Metrics for NIST x Model phase:
MAPE: 10.0%
MAE: 3.128567
MSE: 35.968358
RMSE: 5.997363
R2: -14.968291
>>> Vapor <<<

Metrics for vapor (NIST) phase:
MAPE: 31.0%
MAE: 8.929039
MSE: 107.593416
RMSE: 10.372725
R2: -12.160507
>>> Supercritical <<<

Metrics for supercritical (NIST) phase:
MAPE: 6.0%
MAE: 1.959636
MSE: 10.439642
RMSE: 3.231044
R2: -1.38369
