
Number of matched data between NIST and Experimental: 864
Number of missing data between NIST and Experimental: 246
Number of data labeled with 'undefined': 141
Number of data points in Liquid state: 111
Number of data points in Vapor state: 308
Number of data points in Supercritical state: 445
Data size in liquid phase (NIST): 111, Corresponding experimental data: 111
Data size in vapor phase (NIST): 308, Corresponding experimental data: 308
Data size in supercritical phase (NIST): 445, Corresponding experimental data: 445

>>> LIQUID PHASE <<<

Best Hyperparameters for liquid state for XGB: {'colsample_bytree': 0.6, 'learning_rate': 0.1, 'max_depth': 3, 'min_child_weight': 3, 'n_estimators': 100, 'random_state': 42, 'subsample': 0.8}.

 > Train data <
Metrics for liquid:
MAPE: 13.0%
MAE: 6.459769
MSE: 181.527664
RMSE: 13.47322
R2: 0.957154

 > Test data <
Metrics for liquid:
MAPE: 42.0%
MAE: 13.17282
MSE: 594.388286
RMSE: 24.38008
R2: 0.836803

*** Cross-Validation Metrics ***
Liquid Phase - RMSE (mean): 19.500256591152628
RMSE (std): 16.986637397597534MAE (mean): 14.302046306263318
MAE (std): 9.40205197681306R² (mean): 0.0181437611579895
R² (std): 1.1625300729036696MSE (mean): 668.8058571982507
MSE (std): 1320.4610920175917>>> Comparison: Liquid <<<

Metrics for liquid - Exp x NIST:
MAPE: 28.999999999999996%
MAE: 21.33426
MSE: 2050.595472
RMSE: 45.283501
R2: 0.505588

Metrics for liquid - Exp x Model:
MAPE: 31.0%
MAE: 14.272499
MSE: 664.346461
RMSE: 25.774919
R2: 0.839822

Metrics for liquid - NIST x Model:
MAPE: 28.000000000000004%
MAE: 26.797158
MSE: 1854.555984
RMSE: 43.064556
R2: 0.370011


>>> VAPOR PHASE <<<

Best Hyperparameters for vapor state for XGB: {'colsample_bytree': 0.6, 'learning_rate': 0.1, 'max_depth': 3, 'min_child_weight': 3, 'n_estimators': 50, 'random_state': 42, 'subsample': 0.8}.

 > Train data <
Metrics for vapor:
MAPE: 6.0%
MAE: 1.136497
MSE: 38.060877
RMSE: 6.16935
R2: 0.598318

 > Test data <
Metrics for vapor:
MAPE: 11.0%
MAE: 1.3942
MSE: 42.901542
RMSE: 6.549927
R2: -8.190576

*** Cross-Validation Metrics ***
Vapor Phase - RMSE (mean): 3.854364586036173
RMSE (std): 8.234367215078551MAE (mean): 1.8244379110668554
MAE (std): 2.896972672549095R² (mean): -1.4601859509944917
R² (std): 2.366882756450862MSE (mean): 82.66092979485032
MSE (std): 241.41697521111348>>> Comparison: Vapor <<<

Metrics for vapor - Exp x NIST:
MAPE: 2.0%
MAE: 0.870279
MSE: 78.003988
RMSE: 8.831987
R2: -0.015534

Metrics for vapor - Exp x Model:
MAPE: 9.0%
MAE: 1.800694
MSE: 80.574175
RMSE: 8.976312
R2: -0.048995

Metrics for vapor - NIST x Model:
MAPE: 9.0%
MAE: 1.089696
MSE: 7.703974
RMSE: 2.775603
R2: 0.20638


>>> SUPERCRITICAL PHASE <<<

Best Hyperparameters for supercritical state for XGB: {'colsample_bytree': 0.6, 'learning_rate': 0.1, 'max_depth': 4, 'min_child_weight': 3, 'n_estimators': 100, 'random_state': 42, 'subsample': 0.6}.

 > Train data <
Metrics for supercritical:
MAPE: 13.0%
MAE: 2.460137
MSE: 16.174838
RMSE: 4.021795
R2: 0.908212

 > Test data <
Metrics for supercritical:
MAPE: 16.0%
MAE: 3.249522
MSE: 28.415851
RMSE: 5.330652
R2: 0.805743

*** Cross-Validation Metrics ***
Supercritical Phase - RMSE (mean): 8.438423815674698
RMSE (std): 5.426139747829489MAE (mean): 6.172019957106137
MAE (std): 4.2086827754151255R² (mean): -4.7643657386302944
R² (std): 10.320822989511967MSE (mean): 100.64998905592098
MSE (std): 110.65799917702618>>> Comparison: Supercritical <<<

Metrics for supercritical - Exp x NIST:
MAPE: 15.0%
MAE: 2.22894
MSE: 79.405683
RMSE: 8.910987
R2: 0.533763

Metrics for supercritical - Exp x Model:
MAPE: 32.0%
MAE: 6.137463
MSE: 99.785759
RMSE: 9.989282
R2: 0.4141

Metrics for supercritical - NIST x Model:
MAPE: 23.0%
MAE: 5.246063
MSE: 65.163545
RMSE: 8.072394
R2: 0.688556
