
Number of matched data between NIST and Experimental: 57
Number of missing data between NIST and Experimental: 6
Number of data labeled with 'undefined': 6
Number of data points in Liquid state: 0
Number of data points in Vapor state: 21
Number of data points in Supercritical state: 36
Data size in liquid phase (NIST): 0, Corresponding experimental data: 0
Data size in vapor phase (NIST): 21, Corresponding experimental data: 21
Data size in supercritical phase (NIST): 36, Corresponding experimental data: 36

>>> LIQUID PHASE <<<
!!!!! No data points available for the liquid state for the Joule-Thomson !!!!!


>>> VAPOR PHASE <<<

Best Hyperparameters for vapor state for Bagging with Lasso: {'bootstrap': False, 'max_features': 1.0, 'max_samples': 1.0, 'n_estimators': 200, 'random_state': 42}.

 > Train data <
Metrics for vapor:
MAPE: 10.0%
MAE: 0.368495
MSE: 0.174518
RMSE: 0.417753
R2: 0.910154

 > Test data <
Metrics for vapor:
MAPE: 6.0%
MAE: 0.272251
MSE: 0.098205
RMSE: 0.313377
R2: 0.907163

*** Cross-Validation Metrics ***
Vapor Phase - RMSE (mean): 0.38460981627990865
RMSE (std): 0.2440022875929346MAE (mean): 0.38460981627990865
MAE (std): 0.2440022875929346R² (mean): nan
R² (std): nanMSE (mean): 0.20746182712945027
MSE (std): 0.25884614682268964>>> Comparison: Vapor <<<

Metrics for vapor - Exp x NIST:
MAPE: 4.0%
MAE: 0.180099
MSE: 0.05858
RMSE: 0.242033
R2: 0.96671

Metrics for vapor - Exp x Model:
MAPE: 10.0%
MAE: 0.38461
MSE: 0.207462
RMSE: 0.45548
R2: 0.882103

Metrics for vapor - NIST x Model:
MAPE: 8.0%
MAE: 0.262005
MSE: 0.093495
RMSE: 0.30577
R2: 0.936179


>>> SUPERCRITICAL PHASE <<<

Best Hyperparameters for supercritical state for Bagging with Lasso: {'bootstrap': True, 'max_features': 1.0, 'max_samples': 0.7, 'n_estimators': 100, 'random_state': 42}.

 > Train data <
Metrics for supercritical:
MAPE: 17.0%
MAE: 0.581926
MSE: 0.487781
RMSE: 0.698413
R2: 0.798516

 > Test data <
Metrics for supercritical:
MAPE: 16.0%
MAE: 0.652915
MSE: 0.68233
RMSE: 0.826032
R2: 0.805535

*** Cross-Validation Metrics ***
Supercritical Phase - RMSE (mean): 0.6278322131270246
RMSE (std): 0.42001674552938617MAE (mean): 0.6278322131270246
MAE (std): 0.42001674552938617R² (mean): nan
R² (std): nanMSE (mean): 0.5705873543650752
MSE (std): 0.6201161224465328>>> Comparison: Supercritical <<<

Metrics for supercritical - Exp x NIST:
MAPE: 9.0%
MAE: 0.444272
MSE: 0.580535
RMSE: 0.761929
R2: 0.786663

Metrics for supercritical - Exp x Model:
MAPE: 19.0%
MAE: 0.627832
MSE: 0.570587
RMSE: 0.755372
R2: 0.790319

Metrics for supercritical - NIST x Model:
MAPE: 18.0%
MAE: 0.545019
MSE: 0.393865
RMSE: 0.627587
R2: 0.66402
