Number of matched data between NIST and Experimental: 513
Number of missing data between NIST and Experimental: 0

>>> LIQUID PHASE <<<

Best Hyperparameters for liquid state for Adaboost with Ridge: {'bootstrap': True, 'max_depth': None, 'min_samples_leaf': 4, 'min_samples_split': 10, 'n_estimators': 50, 'random_state': 42}.

 > Train data <
Metrics for liquid:
MAPE: 8.0%
MAE: 10.478851
MSE: 3135.643193
RMSE: 55.996814
R2: 0.249392

 > Test data <
Metrics for liquid:
MAPE: 10.0%
MAE: 7.440653
MSE: 165.337464
RMSE: 12.858362
R2: 0.208941


>>> VAPOR PHASE <<<

Best Hyperparameters for vapor state for Adaboost with Decision Ridge: {'bootstrap': True, 'max_depth': None, 'min_samples_leaf': 4, 'min_samples_split': 2, 'n_estimators': 100, 'random_state': 42}.

 > Train data <
Metrics for vapor:
MAPE: 17.0%
MAE: 16.339042
MSE: 5611.959257
RMSE: 74.913011
R2: 0.243709

 > Test data <
Metrics for vapor:
MAPE: 24.0%
MAE: 66.904734
MSE: 57459.550287
RMSE: 239.707218
R2: 0.151456


>>> SUPERCRITICAL PHASE <<<

Best Hyperparameters for supercritical state for Adaboost with Ridge: {'bootstrap': False, 'max_depth': None, 'min_samples_leaf': 1, 'min_samples_split': 2, 'n_estimators': 50, 'random_state': 42}.

 > Train data <
Metrics for supercritical:
MAPE: 0.0%
MAE: 0.011483
MSE: 0.00322
RMSE: 0.056747
R2: 0.999999

 > Test data <
Metrics for supercritical:
MAPE: 5.0%
MAE: 4.047382
MSE: 164.212621
RMSE: 12.814547
R2: 0.682352


Below metrics encompass all data.
>>> Liquid <<<

Metrics for liquid - Exp x NIST:
MAPE: 1.0%
MAE: 4.215452
MSE: 2820.263864
RMSE: 53.106157
R2: 0.167477

Metrics for liquid - Exp x Model:
MAPE: 7.000000000000001%
MAE: 9.332352
MSE: 3058.302933
RMSE: 55.301925
R2: 0.09721
>>> Vapor <<<

Metrics for vapor - Exp x NIST:
MAPE: 2.0%
MAE: 18.556296
MSE: 17686.113319
RMSE: 132.989147
R2: 0.116609

Metrics for vapor - Exp x Model:
MAPE: 32.0%
MAE: 31.748078
MSE: 13331.341074
RMSE: 115.461427
R2: 0.334122
>>> Supercritical <<<

Metrics for supercritical - Exp x NIST:
MAPE: 4.0%
MAE: 2.389136
MSE: 32.386242
RMSE: 5.690891
R2: 0.993185

Metrics for supercritical - Exp x Model:
MAPE: 6.0%
MAE: 7.604697
MSE: 841.038689
RMSE: 29.000667
R2: 0.823032


Below metrics encompass all data.
	Comparison NIST x Model
>>> Liquid <<<

Metrics for liquid - NIST x Model:
MAPE: 7.000000000000001%
MAE: 5.470224
MSE: 123.638016
RMSE: 11.119263
R2: 0.549343
>>> Vapor <<<

Metrics for vapor - NIST x Model:
MAPE: 35.0%
MAE: 21.725872
MSE: 2960.760857
RMSE: 54.412874
R2: -1.681216
>>> Supercritical <<<

Metrics for supercritical - NIST x Model:
MAPE: 8.0%
MAE: 8.978588
MSE: 1019.160829
RMSE: 31.924298
R2: 0.778524
