
Number of matched data between NIST and Experimental: 57
Number of missing data between NIST and Experimental: 6
Number of data labeled with 'undefined': 6
Number of data points in Liquid state: 0
Number of data points in Vapor state: 21
Number of data points in Supercritical state: 36
Data size in liquid phase (NIST): 0, Corresponding experimental data: 0
Data size in vapor phase (NIST): 21, Corresponding experimental data: 21
Data size in supercritical phase (NIST): 36, Corresponding experimental data: 36

>>> LIQUID PHASE <<<
!!!!! No data points available for the liquid state for the Joule-Thomson !!!!!


>>> VAPOR PHASE <<<

Best Hyperparameters for vapor state for Neural Network: {'activation': 'relu', 'alpha': 0.0001, 'batch_size': 32, 'hidden_layer_sizes': (512, 256, 128), 'learning_rate_init': 0.01, 'max_iter': 50, 'solver': 'adam'}.

 > Train data <
Metrics for vapor:
MAPE: 37.0%
MAE: 1.424658
MSE: 3.588566
RMSE: 1.894351
R2: -0.847488

 > Test data <
Metrics for vapor:
MAPE: 35.0%
MAE: 1.471988
MSE: 2.653089
RMSE: 1.628831
R2: -1.508063

*** Cross-Validation Metrics ***
Vapor Phase - RMSE (mean): 2.270614338111387
RMSE (std): 1.1430221334209352MAE (mean): 3.2876334447409783
MAE (std): 3.5392737026629266R² (mean): -198.83703463146554
R² (std): 309.39622876545087MSE (mean): 10.745058590073825
MSE (std): 15.342784151953175>>> Comparison: Vapor <<<

Metrics for vapor - Exp x NIST:
MAPE: 4.0%
MAE: 0.180099
MSE: 0.05858
RMSE: 0.242033
R2: 0.96671

Metrics for vapor - Exp x Model:
MAPE: 63.0%
MAE: 2.545688
MSE: 12.688055
RMSE: 3.56203
R2: -6.210425

Metrics for vapor - NIST x Model:
MAPE: 63.0%
MAE: 2.441551
MSE: 12.192125
RMSE: 3.491722
R2: -7.32253


>>> SUPERCRITICAL PHASE <<<

Best Hyperparameters for supercritical state for Neural Network: {'activation': 'relu', 'alpha': 0.0001, 'batch_size': 128, 'hidden_layer_sizes': (1024, 512, 256, 128), 'learning_rate_init': 0.01, 'max_iter': 100, 'solver': 'adam'}.

 > Train data <
Metrics for supercritical:
MAPE: 39.0%
MAE: 1.455608
MSE: 4.062639
RMSE: 2.015599
R2: -0.678123

 > Test data <
Metrics for supercritical:
MAPE: 46.0%
MAE: 2.120482
MSE: 7.038938
RMSE: 2.6531
R2: -1.006103

*** Cross-Validation Metrics ***
Supercritical Phase - RMSE (mean): 3.0363474818645635
RMSE (std): 1.5403552684105242MAE (mean): 1.829601100554814
MAE (std): 1.6256548106491249R² (mean): -1562.542859635058
R² (std): 3191.9730449000954MSE (mean): 19.563924919977886
MSE (std): 29.088322196072276>>> Comparison: Supercritical <<<

Metrics for supercritical - Exp x NIST:
MAPE: 9.0%
MAE: 0.444272
MSE: 0.580535
RMSE: 0.761929
R2: 0.786663

Metrics for supercritical - Exp x Model:
MAPE: 54.0%
MAE: 1.991197
MSE: 6.124617
RMSE: 2.474796
R2: -1.25069

Metrics for supercritical - NIST x Model:
MAPE: 51.0%
MAE: 1.602573
MSE: 3.518018
RMSE: 1.875638
R2: -2.000988
