Number of matched data between NIST and Experimental: 315
Number of missing data between NIST and Experimental: 1

>>> LIQUID PHASE <<<

Best Hyperparameters for liquid state for Adaboost with Ridge: {'l2_regularization': 0.5, 'learning_rate': 0.05, 'max_bins': 255, 'max_depth': 3, 'max_iter': 100, 'max_leaf_nodes': 31, 'min_samples_leaf': 20}.

 > Train data <
Metrics for liquid phase:
MAPE: 1.0%
MAE: 0.3826
MSE: 1.063791
RMSE: 1.031402
R2: 0.739882

 > Test data <
Metrics for liquid phase:
MAPE: 3.0%
MAE: 0.750998
MSE: 4.454939
RMSE: 2.110673
R2: 0.399086


>>> VAPOR PHASE <<<

Best Hyperparameters for vapor state for Adaboost with Decision Ridge: {'l2_regularization': 0, 'learning_rate': 0.01, 'max_bins': 255, 'max_depth': 3, 'max_iter': 100, 'max_leaf_nodes': 31, 'min_samples_leaf': 20}.

 > Train data <
Metrics for vapor phase:
MAPE: 12.0%
MAE: 3.251111
MSE: 13.441356
RMSE: 3.666245
R2: 0.0

 > Test data <
Metrics for vapor phase:
MAPE: 13.0%
MAE: 3.093333
MSE: 9.568711
RMSE: 3.093333
R2: nan


>>> SUPERCRITICAL PHASE <<<

Best Hyperparameters for supercritical state for Adaboost with Ridge: {'l2_regularization': 0.5, 'learning_rate': 0.01, 'max_bins': 255, 'max_depth': 7, 'max_iter': 300, 'max_leaf_nodes': 31, 'min_samples_leaf': 20}.

 > Train data <
Metrics for supercritical phase:
MAPE: 2.0%
MAE: 0.589836
MSE: 2.834087
RMSE: 1.683475
R2: 0.644598

 > Test data <
Metrics for supercritical phase:
MAPE: 1.0%
MAE: 0.284959
MSE: 0.160391
RMSE: 0.400489
R2: 0.949196


Below metrics encompass all data.
>>> Liquid <<<

Metrics for liquid (ExpxNIST) phase:
MAPE: 2.0%
MAE: 0.445519
MSE: 1.814698
RMSE: 1.347107
R2: 0.621723

Metrics for liquid (ExpxModel) phase:
MAPE: 2.0%
MAE: 0.593264
MSE: 2.080989
RMSE: 1.442563
R2: 0.566214
>>> Vapor <<<

Metrics for vapor (ExpxNIST) phase:
MAPE: 3.0%
MAE: 0.661875
MSE: 0.655558
RMSE: 0.809666
R2: 0.944796

Metrics for vapor (ExpxModel) phase:
MAPE: 14.000000000000002%
MAE: 3.766667
MSE: 21.111378
RMSE: 4.594712
R2: -0.777778
>>> Supercritical <<<

Metrics for supercritical (ExpxNIST) phase:
MAPE: 1.0%
MAE: 0.483137
MSE: 1.000475
RMSE: 1.000237
R2: 0.857918

Metrics for supercritical (ExpxModel) phase:
MAPE: 2.0%
MAE: 0.578312
MSE: 2.49794
RMSE: 1.580487
R2: 0.645255


Below metrics encompass all data.
	Comparison NIST x Model
>>> Liquid <<<

Metrics for liquid (NISTxModel) phase:
MAPE: 1.0%
MAE: 0.419695
MSE: 0.303083
RMSE: 0.550529
R2: 0.865445
>>> Vapor <<<

Metrics for vapor (NISTxModel) phase:
MAPE: 11.0%
MAE: 3.152192
MSE: 16.195468
RMSE: 4.024359
R2: -0.980982
>>> Supercritical <<<

Metrics for supercritical (NISTxModel) phase:
MAPE: 2.0%
MAE: 0.67105
MSE: 1.434601
RMSE: 1.197748
R2: 0.672437
