
Number of matched data between NIST and Experimental: 57
Number of missing data between NIST and Experimental: 6
Number of data labeled with 'undefined': 6

>>> LIQUID PHASE <<<
!!!!! No data points available for the liquid state for the Joule-Thomson !!!!!


>>> VAPOR PHASE <<<

Best Hyperparameters for vapor state for XGB: {'colsample_bytree': 0.6, 'learning_rate': 0.1, 'max_depth': 4, 'min_child_weight': 3, 'n_estimators': 100, 'random_state': 42, 'subsample': 0.8}.

 > Train data <
Metrics for vapor:
MAPE: 4.0%
MAE: 0.166876
MSE: 0.052585
RMSE: 0.229314
R2: 0.972928

 > Test data <
Metrics for vapor:
MAPE: 10.0%
MAE: 0.438105
MSE: 0.239617
RMSE: 0.489507
R2: 0.773481
>>> Comparison: Vapor <<<

Metrics for vapor - Exp x NIST:
MAPE: 4.0%
MAE: 0.180099
MSE: 0.05858
RMSE: 0.242033
R2: 0.96671

Metrics for vapor - Exp x Model:
MAPE: 7.000000000000001%
MAE: 0.318478
MSE: 0.219768
RMSE: 0.468794
R2: 0.875109

Metrics for vapor - NIST x Model:
MAPE: 8.0%
MAE: 0.309072
MSE: 0.130045
RMSE: 0.360617
R2: 0.911229


>>> SUPERCRITICAL PHASE <<<

Best Hyperparameters for supercritical state for XGB: {'colsample_bytree': 0.6, 'learning_rate': 0.1, 'max_depth': 4, 'min_child_weight': 3, 'n_estimators': 100, 'random_state': 42, 'subsample': 0.6}.

 > Train data <
Metrics for supercritical:
MAPE: 3.0%
MAE: 0.096112
MSE: 0.018406
RMSE: 0.135669
R2: 0.992397

 > Test data <
Metrics for supercritical:
MAPE: 5.0%
MAE: 0.244194
MSE: 0.127682
RMSE: 0.357327
R2: 0.96361
>>> Comparison: Supercritical <<<

Metrics for supercritical - Exp x NIST:
MAPE: 9.0%
MAE: 0.444272
MSE: 0.580535
RMSE: 0.761929
R2: 0.786663

Metrics for supercritical - Exp x Model:
MAPE: 5.0%
MAE: 0.227791
MSE: 0.112579
RMSE: 0.335527
R2: 0.958629

Metrics for supercritical - NIST x Model:
MAPE: 11.0%
MAE: 0.407837
MSE: 0.42758
RMSE: 0.653896
R2: 0.63526
