Number of matched data between NIST and Experimental: 63
Number of missing data between NIST and Experimental: 0

>>> LIQUID PHASE <<<
There are no Liquid data

>>> VAPOR PHASE <<<

Results from lazy predict:
                                Adjusted R-Squared  R-Squared  RMSE  Time Taken
Model                                                                         
GaussianProcessRegressor                     0.99       0.99  0.08        0.01
GradientBoostingRegressor                    0.98       0.99  0.09        0.03
XGBRegressor                                 0.98       0.99  0.10        0.05
ExtraTreesRegressor                          0.97       0.98  0.12        0.04
SVR                                          0.97       0.98  0.12        0.01
DecisionTreeRegressor                        0.97       0.98  0.12        0.00
ExtraTreeRegressor                           0.96       0.98  0.14        0.00
NuSVR                                        0.96       0.98  0.14        0.01
AdaBoostRegressor                            0.95       0.97  0.15        0.05
RandomForestRegressor                        0.94       0.96  0.17        0.08
BaggingRegressor                             0.93       0.96  0.19        0.02
LinearSVR                                    0.86       0.92  0.26        0.00
SGDRegressor                                 0.84       0.91  0.28        0.01
HuberRegressor                               0.84       0.90  0.28        0.01
RANSACRegressor                              0.81       0.88  0.31        0.02
LassoLarsCV                                  0.80       0.88  0.31        0.01
Lars                                         0.80       0.88  0.31        0.01
OrthogonalMatchingPursuitCV                  0.80       0.88  0.31        0.01
LarsCV                                       0.80       0.88  0.31        0.01
LassoLarsIC                                  0.80       0.88  0.31        0.01
TransformedTargetRegressor                   0.80       0.88  0.31        0.01
LinearRegression                             0.80       0.88  0.31        0.00
BayesianRidge                                0.80       0.88  0.31        0.01
LassoCV                                      0.80       0.88  0.32        0.05
ElasticNetCV                                 0.79       0.87  0.32        0.06
RidgeCV                                      0.78       0.87  0.32        0.00
Ridge                                        0.78       0.87  0.32        0.01
PoissonRegressor                             0.77       0.86  0.34        0.01
OrthogonalMatchingPursuit                    0.75       0.85  0.35        0.01
KNeighborsRegressor                          0.60       0.76  0.44        0.00
PassiveAggressiveRegressor                   0.54       0.72  0.47        0.00
GammaRegressor                               0.37       0.62  0.56        0.06
MLPRegressor                                 0.31       0.59  0.58        0.04
TweedieRegressor                             0.25       0.55  0.61        0.01
ElasticNet                                   0.10       0.46  0.66        0.00
LassoLars                                   -0.37       0.18  0.82        0.01
Lasso                                       -0.37       0.18  0.82        0.00
QuantileRegressor                           -0.77      -0.06  0.93        0.01
LGBMRegressor                               -1.09      -0.26  1.01        0.03
DummyRegressor                              -1.09      -0.26  1.01        0.00
HistGradientBoostingRegressor               -1.09      -0.26  1.01        0.02
KernelRidge                                -27.56     -16.13  3.73        0.01.



>>> SUPERCRITICAL PHASE <<<

Results from lazy predict:
                                Adjusted R-Squared  R-Squared  RMSE  Time Taken
Model                                                                         
GradientBoostingRegressor                    0.99       1.00  0.12        0.03
XGBRegressor                                 0.99       0.99  0.14        0.03
DecisionTreeRegressor                        0.98       0.99  0.20        0.01
AdaBoostRegressor                            0.98       0.99  0.23        0.06
BaggingRegressor                             0.98       0.98  0.24        0.02
RandomForestRegressor                        0.98       0.98  0.24        0.06
ExtraTreesRegressor                          0.96       0.97  0.30        0.05
OrthogonalMatchingPursuit                    0.77       0.84  0.75        0.01
LarsCV                                       0.72       0.80  0.84        0.01
LassoLarsIC                                  0.72       0.80  0.84        0.02
Lars                                         0.72       0.80  0.84        0.01
LassoLarsCV                                  0.72       0.80  0.84        0.01
OrthogonalMatchingPursuitCV                  0.72       0.80  0.84        0.01
LinearRegression                             0.72       0.80  0.84        0.01
TransformedTargetRegressor                   0.72       0.80  0.84        0.01
LassoCV                                      0.72       0.80  0.84        0.06
BayesianRidge                                0.71       0.79  0.86        0.00
ElasticNetCV                                 0.70       0.79  0.87        0.04
KNeighborsRegressor                          0.70       0.79  0.87        0.01
RidgeCV                                      0.70       0.78  0.87        0.00
Ridge                                        0.70       0.78  0.87        0.01
MLPRegressor                                 0.66       0.76  0.92        0.06
SGDRegressor                                 0.64       0.74  0.95        0.01
PoissonRegressor                             0.60       0.71  1.01        0.00
NuSVR                                        0.58       0.70  1.02        0.01
SVR                                          0.58       0.70  1.03        0.00
HuberRegressor                               0.57       0.69  1.04        0.01
ExtraTreeRegressor                           0.54       0.67  1.07        0.01
TweedieRegressor                             0.25       0.47  1.37        0.01
LinearSVR                                    0.25       0.47  1.37        0.01
ElasticNet                                   0.24       0.46  1.38        0.01
GammaRegressor                               0.17       0.40  1.45        0.01
GaussianProcessRegressor                     0.15       0.39  1.46        0.01
RANSACRegressor                              0.11       0.37  1.49        0.01
Lasso                                        0.05       0.32  1.54        0.01
LassoLars                                    0.05       0.32  1.54        0.01
LGBMRegressor                               -0.54      -0.10  1.96        0.02
DummyRegressor                              -0.54      -0.10  1.96        0.00
HistGradientBoostingRegressor               -0.54      -0.10  1.96        0.02
PassiveAggressiveRegressor                  -0.59      -0.14  2.00        0.01
QuantileRegressor                           -0.75      -0.25  2.10        0.01
KernelRidge                                 -5.84      -3.89  4.14        0.00.
