Number of matched data between NIST and Experimental: 881
Number of missing data between NIST and Experimental: 0

>>> LIQUID PHASE <<<

Results from lazy predict:
                                Adjusted R-Squared  R-Squared  RMSE  Time Taken
Model                                                                         
GradientBoostingRegressor                    0.98       0.98  0.25        0.81
LGBMRegressor                                0.98       0.98  0.27        1.56
HistGradientBoostingRegressor                0.98       0.98  0.27        1.26
XGBRegressor                                 0.97       0.98  0.28        0.52
NuSVR                                        0.96       0.96  0.35        0.09
BaggingRegressor                             0.96       0.96  0.35        1.71
SVR                                          0.96       0.96  0.35        0.02
ExtraTreesRegressor                          0.96       0.96  0.36        0.08
SGDRegressor                                 0.96       0.96  0.36        0.02
Ridge                                        0.96       0.96  0.36        0.00
ElasticNetCV                                 0.96       0.96  0.36        0.06
RidgeCV                                      0.96       0.96  0.36        0.00
BayesianRidge                                0.96       0.96  0.36        0.69
TransformedTargetRegressor                   0.96       0.96  0.36        0.01
OrthogonalMatchingPursuitCV                  0.96       0.96  0.36        0.22
LinearRegression                             0.96       0.96  0.36        0.03
LassoLarsIC                                  0.96       0.96  0.36        0.17
LassoLarsCV                                  0.96       0.96  0.36        0.02
LarsCV                                       0.96       0.96  0.36        0.01
Lars                                         0.96       0.96  0.36        0.02
LassoCV                                      0.96       0.96  0.36        0.04
HuberRegressor                               0.96       0.96  0.36        0.02
LinearSVR                                    0.96       0.96  0.36        0.01
RandomForestRegressor                        0.96       0.96  0.36        0.11
DecisionTreeRegressor                        0.95       0.96  0.37        0.02
ExtraTreeRegressor                           0.95       0.96  0.37        0.00
RANSACRegressor                              0.95       0.96  0.37        0.02
OrthogonalMatchingPursuit                    0.95       0.95  0.37        0.27
MLPRegressor                                 0.95       0.95  0.38        0.22
GaussianProcessRegressor                     0.95       0.95  0.40        1.51
AdaBoostRegressor                            0.94       0.95  0.41        0.12
KNeighborsRegressor                          0.94       0.94  0.42        0.02
PassiveAggressiveRegressor                   0.91       0.91  0.53        0.29
PoissonRegressor                             0.89       0.89  0.58        0.01
TweedieRegressor                             0.72       0.72  0.92        0.01
ElasticNet                                   0.68       0.69  0.99        0.03
Lasso                                        0.60       0.61  1.10        0.01
LassoLars                                    0.60       0.61  1.10        0.00
DummyRegressor                              -0.04      -0.01  1.77        0.00
QuantileRegressor                           -0.10      -0.06  1.81        0.07
KernelRidge                                 -1.05      -0.99  2.48        0.03.


>>> VAPOR PHASE <<<

Results from lazy predict:
                                Adjusted R-Squared  R-Squared  RMSE  Time Taken
Model                                                                         
XGBRegressor                                 0.90       0.91  0.79        0.06
ExtraTreeRegressor                           0.90       0.90  0.81        0.00
GradientBoostingRegressor                    0.90       0.90  0.81        0.05
ExtraTreesRegressor                          0.90       0.90  0.83        0.10
RandomForestRegressor                        0.89       0.90  0.84        0.14
BaggingRegressor                             0.89       0.90  0.84        0.03
DecisionTreeRegressor                        0.89       0.89  0.85        0.01
KNeighborsRegressor                          0.88       0.88  0.88        0.02
AdaBoostRegressor                            0.85       0.85  0.99        0.06
HistGradientBoostingRegressor                0.62       0.63  1.58        0.07
LGBMRegressor                                0.62       0.63  1.58        0.07
SVR                                          0.54       0.55  1.74        0.01
NuSVR                                        0.52       0.53  1.78        0.01
ElasticNetCV                                 0.08       0.10  2.46        0.05
RidgeCV                                      0.08       0.10  2.46        0.00
BayesianRidge                                0.08       0.10  2.46        0.00
LassoCV                                      0.08       0.10  2.46        0.06
SGDRegressor                                 0.08       0.10  2.46        0.01
Ridge                                        0.08       0.10  2.46        0.00
LinearRegression                             0.08       0.10  2.46        0.02
TransformedTargetRegressor                   0.08       0.10  2.46        0.01
OrthogonalMatchingPursuitCV                  0.08       0.10  2.46        0.00
LassoLarsCV                                  0.08       0.10  2.46        0.02
LassoLarsIC                                  0.08       0.10  2.46        0.00
LarsCV                                       0.08       0.10  2.46        0.00
Lars                                         0.08       0.10  2.46        0.02
PoissonRegressor                             0.06       0.09  2.48        0.00
TweedieRegressor                             0.05       0.08  2.49        0.00
GammaRegressor                               0.05       0.07  2.50        0.00
PassiveAggressiveRegressor                   0.02       0.05  2.53        0.02
OrthogonalMatchingPursuit                    0.02       0.05  2.54        0.00
ElasticNet                                   0.00       0.03  2.56        0.00
DummyRegressor                              -0.03      -0.00  2.60        0.01
LassoLars                                   -0.03      -0.00  2.60        0.00
Lasso                                       -0.03      -0.00  2.60        0.01
QuantileRegressor                           -0.04      -0.01  2.61        0.01
LinearSVR                                   -0.09      -0.06  2.67        0.00
HuberRegressor                              -0.09      -0.06  2.68        0.00
RANSACRegressor                             -0.10      -0.07  2.68        0.02
MLPRegressor                                -0.46      -0.42  3.10        0.28
KernelRidge                                -19.13     -18.60 11.49        0.00
GaussianProcessRegressor                  -101.75     -99.01 25.96        0.02.


>>> SUPERCRITICAL PHASE <<<

Results from lazy predict:
                                Adjusted R-Squared  R-Squared  RMSE  Time Taken
Model                                                                         
XGBRegressor                                 1.00       1.00  0.12        0.06
GradientBoostingRegressor                    1.00       1.00  0.17        0.06
DecisionTreeRegressor                        1.00       1.00  0.27        0.00
ExtraTreesRegressor                          0.99       0.99  0.36        0.06
ExtraTreeRegressor                           0.99       0.99  0.41        0.00
RandomForestRegressor                        0.98       0.98  0.53        0.11
AdaBoostRegressor                            0.97       0.98  0.64        0.07
BaggingRegressor                             0.97       0.97  0.72        0.03
KNeighborsRegressor                          0.83       0.84  1.62        0.01
NuSVR                                        0.64       0.66  2.37        0.00
SVR                                          0.63       0.65  2.40        0.02
HistGradientBoostingRegressor                0.44       0.47  2.95        0.05
LGBMRegressor                                0.44       0.47  2.96        0.06
SGDRegressor                                 0.08       0.14  3.77        0.00
Lars                                         0.08       0.13  3.78        0.01
TransformedTargetRegressor                   0.08       0.13  3.78        0.00
LinearRegression                             0.08       0.13  3.78        0.02
Ridge                                        0.08       0.13  3.78        0.02
PoissonRegressor                             0.07       0.13  3.80        0.00
RidgeCV                                      0.07       0.13  3.80        0.00
BayesianRidge                                0.06       0.12  3.82        0.00
OrthogonalMatchingPursuit                    0.06       0.11  3.83        0.00
OrthogonalMatchingPursuitCV                  0.06       0.11  3.83        0.01
LassoLarsIC                                  0.04       0.10  3.86        0.00
GammaRegressor                               0.01       0.07  3.92        0.02
TweedieRegressor                             0.00       0.06  3.94        0.01
LassoCV                                     -0.00       0.06  3.95        0.06
ElasticNetCV                                -0.00       0.06  3.95        0.05
LassoLarsCV                                 -0.00       0.06  3.95        0.02
LarsCV                                      -0.00       0.06  3.95        0.01
ElasticNet                                  -0.05       0.01  4.05        0.01
LassoLars                                   -0.11      -0.05  4.16        0.00
DummyRegressor                              -0.11      -0.05  4.16        0.00
Lasso                                       -0.11      -0.05  4.16        0.01
QuantileRegressor                           -0.23      -0.16  4.37        0.02
MLPRegressor                                -0.81      -0.70  5.30        0.15
PassiveAggressiveRegressor                  -1.28      -1.15  5.96        0.00
LinearSVR                                   -1.42      -1.28  6.13        0.00
HuberRegressor                              -1.43      -1.29  6.15        0.00
RANSACRegressor                             -1.55      -1.40  6.30        0.02
KernelRidge                                 -4.83      -4.49  9.53        0.01
GaussianProcessRegressor                  -214.70    -202.01 57.92        0.01.
