
Number of matched data between NIST and Experimental: 1376
Number of missing data between NIST and Experimental: 2
Number of data labeled with 'undefined': 0
Number of data points in Liquid state: 503
Number of data points in Vapor state: 135
Number of data points in Supercritical state: 738
Data size in liquid phase (NIST): 503, Corresponding experimental data: 503
Data size in vapor phase (NIST): 135, Corresponding experimental data: 135
Data size in supercritical phase (NIST): 738, Corresponding experimental data: 738

>>> LIQUID PHASE <<<

Best Hyperparameters for liquid state for NuSVR: {'C': 10, 'degree': 4, 'gamma': 'scale', 'kernel': 'poly', 'nu': 0.5}.

 > Train data <
Metrics for liquid:
MAPE: 5.0%
MAE: 0.000222
MSE: 2e-06
RMSE: 0.00153
R2: 0.066321

 > Test data <
Metrics for liquid:
MAPE: 5.0%
MAE: 0.000433
MSE: 8e-06
RMSE: 0.002822
R2: 0.062805

*** Cross-Validation Metrics ***
Liquid Phase - RMSE (mean): 0.0008528207730094028
RMSE (std): 0.0016699247393393158MAE (mean): 0.0003318798960618533
MAE (std): 0.00045030395268209347R² (mean): -2.397648783151829
R² (std): 3.0999136718710134MSE (mean): 3.515951905933838e-06
MSE (std): 9.52936227739691e-06>>> Comparison: Liquid <<<

Metrics for liquid - Exp x NIST:
MAPE: 1.0%
MAE: 0.000155
MSE: 3e-06
RMSE: 0.001849
R2: 0.079452

Metrics for liquid - Exp x Model:
MAPE: 8.0%
MAE: 0.000333
MSE: 4e-06
RMSE: 0.001886
R2: 0.041939

Metrics for liquid - NIST x Model:
MAPE: 7.000000000000001%
MAE: 0.000202
MSE: 0.0
RMSE: 0.000471
R2: 0.395981


>>> VAPOR PHASE <<<

Best Hyperparameters for vapor state for NuSVR: {'C': 10, 'degree': 4, 'gamma': 'scale', 'kernel': 'poly', 'nu': 0.5}.

 > Train data <
Metrics for vapor:
MAPE: 122.0%
MAE: 0.118185
MSE: 0.08461
RMSE: 0.290879
R2: 0.573466

 > Test data <
Metrics for vapor:
MAPE: 130.0%
MAE: 0.075297
MSE: 0.032368
RMSE: 0.179911
R2: 0.092222

*** Cross-Validation Metrics ***
Vapor Phase - RMSE (mean): 0.1981200827063623
RMSE (std): 0.3544993717466099MAE (mean): 0.14968365487044727
MAE (std): 0.2899745674898195R² (mean): -5.242871031321876e+30
R² (std): 1.4726330674989815e+31MSE (mean): 0.1649213717403169
MSE (std): 0.4569567888894408>>> Comparison: Vapor <<<

Metrics for vapor - Exp x NIST:
MAPE: 12.0%
MAE: 0.001461
MSE: 8.9e-05
RMSE: 0.009447
R2: 0.999466

Metrics for vapor - Exp x Model:
MAPE: 118.0%
MAE: 0.145686
MSE: 0.159143
RMSE: 0.398927
R2: 0.047349

Metrics for vapor - NIST x Model:
MAPE: 111.00000000000001%
MAE: 0.145009
MSE: 0.159146
RMSE: 0.398931
R2: 0.047617


>>> SUPERCRITICAL PHASE <<<

Best Hyperparameters for supercritical state for NuSVR: {'C': 10, 'degree': 3, 'gamma': 'scale', 'kernel': 'poly', 'nu': 0.5}.

 > Train data <
Metrics for supercritical:
MAPE: 24.0%
MAE: 0.001805
MSE: 9e-06
RMSE: 0.003028
R2: 0.721533

 > Test data <
Metrics for supercritical:
MAPE: 22.0%
MAE: 0.001689
MSE: 8e-06
RMSE: 0.002803
R2: 0.818949

*** Cross-Validation Metrics ***
Supercritical Phase - RMSE (mean): 0.0029694226077224177
RMSE (std): 0.0015182785183937672MAE (mean): 0.0019998160008506917
MAE (std): 0.0010894190570938914R² (mean): -1.3755059656248094
R² (std): 2.7983867039653525MSE (mean): 1.1122640282668978e-05
MSE (std): 9.290861234438011e-06>>> Comparison: Supercritical <<<

Metrics for supercritical - Exp x NIST:
MAPE: 1.0%
MAE: 0.000119
MSE: 1e-06
RMSE: 0.000779
R2: 0.982686

Metrics for supercritical - Exp x Model:
MAPE: 26.0%
MAE: 0.002003
MSE: 1.1e-05
RMSE: 0.003339
R2: 0.681755

Metrics for supercritical - NIST x Model:
MAPE: 26.0%
MAE: 0.001987
MSE: 1.1e-05
RMSE: 0.003306
R2: 0.687898
