
Number of matched data between NIST and Experimental: 513
Number of missing data between NIST and Experimental: 0
Number of data labeled with 'undefined': 0
Number of data points in Liquid state: 195
Number of data points in Vapor state: 164
Number of data points in Supercritical state: 154
Data size in liquid phase (NIST): 195, Corresponding experimental data: 195
Data size in vapor phase (NIST): 164, Corresponding experimental data: 164
Data size in supercritical phase (NIST): 154, Corresponding experimental data: 154

>>> LIQUID PHASE <<<

Best Hyperparameters for liquid state for GradientBoosting: {'learning_rate': 0.1, 'loss': 'huber', 'max_depth': 5, 'min_samples_leaf': 3, 'min_samples_split': 2, 'n_estimators': 200, 'random_state': 42}.

 > Train data <
Metrics for liquid:
MAPE: 1.0%
MAE: 5.007459
MSE: 3225.845197
RMSE: 56.796525
R2: 0.227799

 > Test data <
Metrics for liquid:
MAPE: 1.0%
MAE: 0.963799
MSE: 7.323215
RMSE: 2.706144
R2: 0.964962

*** Cross-Validation Metrics ***
Liquid Phase - RMSE (mean): 5.094443167772297
RMSE (std): 53.16568029925134MAE (mean): 5.094443167772297
MAE (std): 53.16568029925134R² (mean): nan
R² (std): nanMSE (mean): 2852.5429128718633
MSE (std): 39344.36225544788>>> Comparison: Liquid <<<

Metrics for liquid - Exp x NIST:
MAPE: 1.0%
MAE: 4.215452
MSE: 2820.263864
RMSE: 53.106157
R2: 0.167477

Metrics for liquid - Exp x Model:
MAPE: 2.0%
MAE: 5.094443
MSE: 2852.542913
RMSE: 53.409203
R2: 0.157949

Metrics for liquid - NIST x Model:
MAPE: 1.0%
MAE: 1.359299
MSE: 24.711771
RMSE: 4.971094
R2: 0.909926


>>> VAPOR PHASE <<<

Best Hyperparameters for vapor state for GradientBoosting: {'learning_rate': 1.0, 'loss': 'huber', 'max_depth': 4, 'min_samples_leaf': 3, 'min_samples_split': 2, 'n_estimators': 50, 'random_state': 42}.

 > Train data <
Metrics for vapor:
MAPE: 2.0%
MAE: 7.865721
MSE: 5650.918172
RMSE: 75.172589
R2: 0.238459

 > Test data <
Metrics for vapor:
MAPE: 8.0%
MAE: 61.73938
MSE: 61997.125496
RMSE: 248.99222
R2: 0.084447

*** Cross-Validation Metrics ***
Vapor Phase - RMSE (mean): 13.460987204034435
RMSE (std): 76.14012955356294MAE (mean): 13.460987204034435
MAE (std): 76.14012955356294R² (mean): nan
R² (std): nanMSE (mean): 5978.517504940528
MSE (std): 57333.28751927074>>> Comparison: Vapor <<<

Metrics for vapor - Exp x NIST:
MAPE: 2.0%
MAE: 18.556296
MSE: 17686.113319
RMSE: 132.989147
R2: 0.116609

Metrics for vapor - Exp x Model:
MAPE: 17.0%
MAE: 13.460987
MSE: 5978.517505
RMSE: 77.320874
R2: 0.701383

Metrics for vapor - NIST x Model:
MAPE: 34.0%
MAE: 27.934388
MSE: 19430.629016
RMSE: 139.393791
R2: -16.596054


>>> SUPERCRITICAL PHASE <<<

Best Hyperparameters for supercritical state for GradientBoosting: {'learning_rate': 0.1, 'loss': 'huber', 'max_depth': 5, 'min_samples_leaf': 1, 'min_samples_split': 4, 'n_estimators': 200, 'random_state': 42}.

 > Train data <
Metrics for supercritical:
MAPE: 1.0%
MAE: 1.037173
MSE: 42.898066
RMSE: 6.549662
R2: 0.992516

 > Test data <
Metrics for supercritical:
MAPE: 4.0%
MAE: 3.646404
MSE: 160.234766
RMSE: 12.658387
R2: 0.690047

*** Cross-Validation Metrics ***
Supercritical Phase - RMSE (mean): 7.5415509875613
RMSE (std): 28.40015770241399MAE (mean): 7.5415509875613
MAE (std): 28.40015770241399R² (mean): nan
R² (std): nanMSE (mean): 863.4439488199714
MSE (std): 7277.545733541591>>> Comparison: Supercritical <<<

Metrics for supercritical - Exp x NIST:
MAPE: 4.0%
MAE: 2.389136
MSE: 32.386242
RMSE: 5.690891
R2: 0.993185

Metrics for supercritical - Exp x Model:
MAPE: 6.0%
MAE: 7.541551
MSE: 863.443949
RMSE: 29.384417
R2: 0.818317

Metrics for supercritical - NIST x Model:
MAPE: 8.0%
MAE: 8.930005
MSE: 1004.632094
RMSE: 31.695932
R2: 0.781681
