
Number of matched data between NIST and Experimental: 1375
Number of missing data between NIST and Experimental: 3
Number of data labeled with 'undefined': 0
Number of data points in Liquid state: 503
Number of data points in Vapor state: 135
Number of data points in Supercritical state: 737
Data size in liquid phase (NIST): 503, Corresponding experimental data: 503
Data size in vapor phase (NIST): 135, Corresponding experimental data: 135
Data size in supercritical phase (NIST): 737, Corresponding experimental data: 737

>>> LIQUID PHASE <<<

Best Hyperparameters for liquid state for Bagging with Lasso: {'bootstrap': False, 'max_features': 1.0, 'max_samples': 0.7, 'n_estimators': 200, 'random_state': 42}.

 > Train data <
Metrics for liquid:
MAPE: 8.0%
MAE: 15.688089
MSE: 954.942019
RMSE: 30.902136
R2: 0.729296

 > Test data <
Metrics for liquid:
MAPE: 14.000000000000002%
MAE: 17.141674
MSE: 1467.182259
RMSE: 38.303815
R2: 0.685643

*** Cross-Validation Metrics ***
Liquid Phase - RMSE (mean): 27.029480483589914
RMSE (std): 25.460360771745087MAE (mean): 19.816321670576166
MAE (std): 14.454596496015444R² (mean): -0.7660068245727744
R² (std): 1.9327224168788784MSE (mean): 1378.8227858401842
MSE (std): 2395.3279031160578>>> Comparison: Liquid <<<

Metrics for liquid - Exp x NIST:
MAPE: 6.0%
MAE: 4.122365
MSE: 695.777952
RMSE: 26.377603
R2: 0.814818

Metrics for liquid - Exp x Model:
MAPE: 10.0%
MAE: 19.853492
MSE: 1386.49919
RMSE: 37.235725
R2: 0.630982

Metrics for liquid - NIST x Model:
MAPE: 5.0%
MAE: 16.914979
MSE: 751.65765
RMSE: 27.416376
R2: 0.762565


>>> VAPOR PHASE <<<

Best Hyperparameters for vapor state for Bagging with Lasso: {'bootstrap': False, 'max_features': 1.0, 'max_samples': 1.0, 'n_estimators': 200, 'random_state': 42}.

 > Train data <
Metrics for vapor:
MAPE: 321.0%
MAE: 16.223747
MSE: 820.885325
RMSE: 28.651096
R2: 0.432874

 > Test data <
Metrics for vapor:
MAPE: 49.0%
MAE: 15.098232
MSE: 1009.461387
RMSE: 31.772022
R2: 0.33452

*** Cross-Validation Metrics ***
Vapor Phase - RMSE (mean): 24.6948247312067
RMSE (std): 23.711277690339752MAE (mean): 19.463631156825077
MAE (std): 15.753702661856888R² (mean): -2.4009404155494793e+30
R² (std): 5.645171133058904e+30MSE (mean): 1172.0590582134218
MSE (std): 2442.1127602170486>>> Comparison: Vapor <<<

Metrics for vapor - Exp x NIST:
MAPE: 3.0%
MAE: 3.988368
MSE: 489.328457
RMSE: 22.12077
R2: 0.665185

Metrics for vapor - Exp x Model:
MAPE: 511.00000000000006%
MAE: 19.60943
MSE: 1196.889764
RMSE: 34.596095
R2: 0.181048

Metrics for vapor - NIST x Model:
MAPE: 509.0%
MAE: 15.736941
MSE: 532.308734
RMSE: 23.071817
R2: 0.274263


>>> SUPERCRITICAL PHASE <<<

Best Hyperparameters for supercritical state for Bagging with Lasso: {'bootstrap': True, 'max_features': 1.0, 'max_samples': 0.5, 'n_estimators': 50, 'random_state': 42}.

 > Train data <
Metrics for supercritical:
MAPE: 30.0%
MAE: 37.97133
MSE: 2132.300617
RMSE: 46.176841
R2: 0.740914

 > Test data <
Metrics for supercritical:
MAPE: 25.0%
MAE: 35.903115
MSE: 2266.280509
RMSE: 47.605467
R2: 0.73187

*** Cross-Validation Metrics ***
Supercritical Phase - RMSE (mean): 49.48345529250941
RMSE (std): 17.905063153141118MAE (mean): 43.066776862964744
MAE (std): 17.17957679107955R² (mean): -0.9742482218449744
R² (std): 1.7624071225427271MSE (mean): 2769.203634203749
MSE (std): 1842.5603899903838>>> Comparison: Supercritical <<<

Metrics for supercritical - Exp x NIST:
MAPE: 1.0%
MAE: 1.812871
MSE: 106.597344
RMSE: 10.324599
R2: 0.987201

Metrics for supercritical - Exp x Model:
MAPE: 33.0%
MAE: 43.055851
MSE: 2768.854921
RMSE: 52.61991
R2: 0.667543

Metrics for supercritical - NIST x Model:
MAPE: 33.0%
MAE: 42.719985
MSE: 2704.02352
RMSE: 52.000226
R2: 0.673439
