
Number of matched data between NIST and Experimental: 881
Number of missing data between NIST and Experimental: 0
Number of data labeled with 'undefined': 0
Number of data points in Liquid state: 329
Number of data points in Vapor state: 377
Number of data points in Supercritical state: 175
Data size in liquid phase (NIST): 329, Corresponding experimental data: 329
Data size in vapor phase (NIST): 377, Corresponding experimental data: 377
Data size in supercritical phase (NIST): 175, Corresponding experimental data: 175

>>> LIQUID PHASE <<<

Best Hyperparameters for liquid state for Adaboost with Lasso: {'learning_rate': 1.0, 'loss': 'linear', 'n_estimators': 50, 'random_state': 42}.

 > Train data <
Metrics for liquid:
MAPE: 268586182114172.03%
MAE: 0.151419
MSE: 0.107289
RMSE: 0.32755
R2: 0.962261

 > Test data <
Metrics for liquid:
MAPE: 1070275240848759.0%
MAE: 0.188835
MSE: 0.140017
RMSE: 0.374188
R2: 0.954845

*** Cross-Validation Metrics ***
Liquid Phase - RMSE (mean): 0.2650512702902895
RMSE (std): 0.25948526317295273MAE (mean): 0.17223344129843818
MAE (std): 0.15534246882093675R² (mean): 0.9193759361320707
R² (std): 0.2011734993038235MSE (mean): 0.13758477768643265
MSE (std): 0.29237805777470866>>> Comparison: Liquid <<<

Metrics for liquid - Exp x NIST:
MAPE: 5145114807847795.0%
MAE: 0.58964
MSE: 0.363575
RMSE: 0.602971
R2: 0.874573

Metrics for liquid - Exp x Model:
MAPE: 539937585917565.06%
MAE: 0.172149
MSE: 0.137859
RMSE: 0.371293
R2: 0.952441

Metrics for liquid - NIST x Model:
MAPE: 250.99999999999997%
MAE: 0.519169
MSE: 0.292274
RMSE: 0.540623
R2: 0.902022


>>> VAPOR PHASE <<<

Best Hyperparameters for vapor state for Adaboost with Lasso: {'learning_rate': 1.0, 'loss': 'square', 'n_estimators': 50, 'random_state': 42}.

 > Train data <
Metrics for vapor:
MAPE: 56.00000000000001%
MAE: 1.236717
MSE: 4.145726
RMSE: 2.036106
R2: 0.086685

 > Test data <
Metrics for vapor:
MAPE: 87.0%
MAE: 1.517852
MSE: 6.430474
RMSE: 2.535838
R2: 0.045746

*** Cross-Validation Metrics ***
Vapor Phase - RMSE (mean): 2.1649226565610276
RMSE (std): 2.3659786106554983MAE (mean): 1.6101901321379384
MAE (std): 1.5556924800884957R² (mean): -0.24670494108015295
R² (std): 1.3913054175911936MSE (mean): 10.284744894970585
MSE (std): 23.111808245455112>>> Comparison: Vapor <<<

Metrics for vapor - Exp x NIST:
MAPE: 71.0%
MAE: 0.841067
MSE: 4.687981
RMSE: 2.165175
R2: 0.059932

Metrics for vapor - Exp x Model:
MAPE: 97.0%
MAE: 1.61557
MSE: 10.357342
RMSE: 3.218282
R2: -1.076929

Metrics for vapor - NIST x Model:
MAPE: 14.000000000000002%
MAE: 1.231341
MSE: 3.067002
RMSE: 1.751286
R2: -0.108784


>>> SUPERCRITICAL PHASE <<<

Best Hyperparameters for supercritical state for Adaboost with Lasso: {'learning_rate': 0.01, 'loss': 'exponential', 'n_estimators': 200, 'random_state': 42}.

 > Train data <
Metrics for supercritical:
MAPE: 68.0%
MAE: 2.455018
MSE: 8.963229
RMSE: 2.993865
R2: 0.070128

 > Test data <
Metrics for supercritical:
MAPE: 131.0%
MAE: 2.961411
MSE: 13.874329
RMSE: 3.724826
R2: 0.160514

*** Cross-Validation Metrics ***
Supercritical Phase - RMSE (mean): 3.3960162675917127
RMSE (std): 1.102931013638526MAE (mean): 2.843980562185119
MAE (std): 0.8244920596003006R² (mean): -0.759386557931601
R² (std): 0.6062701390223273MSE (mean): 12.749383310593256
MSE (std): 9.886195714483923>>> Comparison: Supercritical <<<

Metrics for supercritical - Exp x NIST:
MAPE: 122.0%
MAE: 1.682961
MSE: 16.721185
RMSE: 4.089155
R2: -0.500135

Metrics for supercritical - Exp x Model:
MAPE: 91.0%
MAE: 2.848404
MSE: 12.844776
RMSE: 3.583961
R2: -0.152365

Metrics for supercritical - NIST x Model:
MAPE: 26.0%
MAE: 2.506632
MSE: 9.148551
RMSE: 3.024657
R2: -0.362826
