
Number of matched data between NIST and Experimental: 57
Number of missing data between NIST and Experimental: 6
Number of data labeled with 'undefined': 6

>>> LIQUID PHASE <<<


>>> VAPOR PHASE <<<

 > Train data <
Metrics for vapor:
MAPE: 150.0%
MAE: 4.590514
MSE: 27.758105
RMSE: 5.268596
R2: -13.290602

 > Test data <
Metrics for vapor:
MAPE: 104.0%
MAE: 3.676482
MSE: 17.54306
RMSE: 4.188444
R2: -15.584101
>>> Comparison: Vapor <<<

Metrics for vapor - Exp x NIST:
MAPE: 4.0%
MAE: 0.180099
MSE: 0.05858
RMSE: 0.242033
R2: 0.96671

Metrics for vapor - Exp x Model:
MAPE: 63.0%
MAE: 2.342457
MSE: 7.191751
RMSE: 2.681744
R2: -3.08696

Metrics for vapor - NIST x Model:
MAPE: 64.0%
MAE: 2.310219
MSE: 6.876205
RMSE: 2.622252
R2: -3.693802


>>> SUPERCRITICAL PHASE <<<

 > Train data <
Metrics for supercritical:
MAPE: 136.0%
MAE: 4.708141
MSE: 24.124874
RMSE: 4.911708
R2: -8.965076

 > Test data <
Metrics for supercritical:
MAPE: 133.0%
MAE: 5.290363
MSE: 30.756357
RMSE: 5.545841
R2: -7.765589
>>> Comparison: Supercritical <<<

Metrics for supercritical - Exp x NIST:
MAPE: 9.0%
MAE: 0.444272
MSE: 0.580535
RMSE: 0.761929
R2: 0.786663

Metrics for supercritical - Exp x Model:
MAPE: 68.0%
MAE: 2.361106
MSE: 8.908494
RMSE: 2.98471
R2: -2.273716

Metrics for supercritical - NIST x Model:
MAPE: 70.0%
MAE: 2.262342
MSE: 8.447581
RMSE: 2.906472
R2: -6.206073
