
Number of matched data between NIST and Experimental: 881
Number of missing data between NIST and Experimental: 0
Number of data labeled with 'undefined': 0
Number of data points in Liquid state: 329
Number of data points in Vapor state: 377
Number of data points in Supercritical state: 175
Data size in liquid phase (NIST): 329, Corresponding experimental data: 329
Data size in vapor phase (NIST): 377, Corresponding experimental data: 377
Data size in supercritical phase (NIST): 175, Corresponding experimental data: 175

>>> LIQUID PHASE <<<

Best Hyperparameters for liquid state for RandomForest: {'bootstrap': True, 'max_depth': 10, 'min_samples_leaf': 1, 'min_samples_split': 2, 'n_estimators': 200}.

 > Train data <
Metrics for liquid:
MAPE: 868013175329.9999%
MAE: 0.022473
MSE: 0.008655
RMSE: 0.093033
R2: 0.996956

 > Test data <
Metrics for liquid:
MAPE: 25550421885954.0%
MAE: 0.112889
MSE: 0.133298
RMSE: 0.3651
R2: 0.957011

*** Cross-Validation Metrics ***
Liquid Phase - RMSE (mean): 0.059245293366116024
RMSE (std): 0.23462120738668932MAE (mean): 0.059245293366116024
MAE (std): 0.23462120738668932R² (mean): nan
R² (std): nanMSE (mean): 0.05855711574162501
MSE (std): 0.42146343076524334>>> Comparison: Liquid <<<

Metrics for liquid - Exp x NIST:
MAPE: 5145114807847795.0%
MAE: 0.58964
MSE: 0.363575
RMSE: 0.602971
R2: 0.874573

Metrics for liquid - Exp x Model:
MAPE: 3598659003162.0005%
MAE: 0.059245
MSE: 0.058557
RMSE: 0.241986
R2: 0.979799

Metrics for liquid - NIST x Model:
MAPE: 262.0%
MAE: 0.561658
MSE: 0.320012
RMSE: 0.565696
R2: 0.892723


>>> VAPOR PHASE <<<

Best Hyperparameters for vapor state for RandomForest: {'bootstrap': True, 'max_depth': None, 'min_samples_leaf': 2, 'min_samples_split': 2, 'n_estimators': 300}.

 > Train data <
Metrics for vapor:
MAPE: 6.0%
MAE: 0.119619
MSE: 0.219842
RMSE: 0.468873
R2: 0.951568

 > Test data <
Metrics for vapor:
MAPE: 7.000000000000001%
MAE: 0.239588
MSE: 0.738504
RMSE: 0.859362
R2: 0.890409

*** Cross-Validation Metrics ***
Vapor Phase - RMSE (mean): 0.1927650229019361
RMSE (std): 0.8955620556470018MAE (mean): 0.1927650229019361
MAE (std): 0.8955620556470018R² (mean): nan
R² (std): nanMSE (mean): 0.8391897495690677
MSE (std): 9.846426709742449>>> Comparison: Vapor <<<

Metrics for vapor - Exp x NIST:
MAPE: 71.0%
MAE: 0.841067
MSE: 4.687981
RMSE: 2.165175
R2: 0.059932

Metrics for vapor - Exp x Model:
MAPE: 11.0%
MAE: 0.192765
MSE: 0.83919
RMSE: 0.916073
R2: 0.83172

Metrics for vapor - NIST x Model:
MAPE: 9.0%
MAE: 0.778419
MSE: 4.084814
RMSE: 2.021092
R2: -0.476744


>>> SUPERCRITICAL PHASE <<<

Best Hyperparameters for supercritical state for RandomForest: {'bootstrap': True, 'max_depth': 10, 'min_samples_leaf': 1, 'min_samples_split': 2, 'n_estimators': 100}.

 > Train data <
Metrics for supercritical:
MAPE: 5.0%
MAE: 0.125335
MSE: 0.12061
RMSE: 0.34729
R2: 0.987488

 > Test data <
Metrics for supercritical:
MAPE: 7.000000000000001%
MAE: 0.228542
MSE: 0.286731
RMSE: 0.535473
R2: 0.982651

*** Cross-Validation Metrics ***
Supercritical Phase - RMSE (mean): 0.2265369211504846
RMSE (std): 0.467530315077641MAE (mean): 0.2265369211504846
MAE (std): 0.467530315077641R² (mean): nan
R² (std): nanMSE (mean): 0.2699035721609391
MSE (std): 1.9060123513882268>>> Comparison: Supercritical <<<

Metrics for supercritical - Exp x NIST:
MAPE: 122.0%
MAE: 1.682961
MSE: 16.721185
RMSE: 4.089155
R2: -0.500135

Metrics for supercritical - Exp x Model:
MAPE: 6.0%
MAE: 0.226537
MSE: 0.269904
RMSE: 0.519522
R2: 0.975786

Metrics for supercritical - NIST x Model:
MAPE: 13.0%
MAE: 1.637438
MSE: 15.784637
RMSE: 3.972988
R2: -1.35138
