
Number of matched data between NIST and Experimental: 897
Number of missing data between NIST and Experimental: 19
Number of data labeled with 'undefined': 16
Number of data points in Liquid state: 385Number of data points in Vapor state: 289Number of data points in Supercritical state: 223

>>> LIQUID PHASE <<<

Best Hyperparameters for liquid state for DecisionTree: {'criterion': 'absolute_error', 'max_depth': None, 'min_samples_leaf': 2, 'min_samples_split': 10, 'random_state': 42}.

 > Train data <
Metrics for liquid:
MAPE: 7.000000000000001%
MAE: 33.033344
MSE: 7815.077291
RMSE: 88.402926
R2: 0.951907

 > Test data <
Metrics for liquid:
MAPE: 9.0%
MAE: 58.146039
MSE: 15553.181647
RMSE: 124.712396
R2: 0.915342
>>> Comparison: Liquid <<<

Metrics for liquid - Exp x NIST:
MAPE: 6.0%
MAE: 25.674421
MSE: 11763.196378
RMSE: 108.45827
R2: 0.929654

Metrics for liquid - Exp x Model:
MAPE: 10.0%
MAE: 53.931208
MSE: 15642.759719
RMSE: 125.071019
R2: 0.906453

Metrics for liquid - NIST x Model:
MAPE: 8.0%
MAE: 46.586756
MSE: 11661.839465
RMSE: 107.989997
R2: 0.928792


>>> VAPOR PHASE <<<

Best Hyperparameters for vapor state for DecisionTree: {'criterion': 'squared_error', 'max_depth': None, 'min_samples_leaf': 2, 'min_samples_split': 10, 'random_state': 42}.

 > Train data <
Metrics for vapor:
MAPE: 7.000000000000001%
MAE: 34.578088
MSE: 9424.84233
RMSE: 97.081627
R2: 0.795581

 > Test data <
Metrics for vapor:
MAPE: 11.0%
MAE: 42.277771
MSE: 11542.583751
RMSE: 107.436417
R2: 0.652226
>>> Comparison: Vapor <<<

Metrics for vapor - Exp x NIST:
MAPE: 21.0%
MAE: 140.144668
MSE: 65033.990522
RMSE: 255.017628
R2: -0.494158

Metrics for vapor - Exp x Model:
MAPE: 11.0%
MAE: 50.96548
MSE: 23589.093951
RMSE: 153.587415
R2: 0.45804

Metrics for vapor - NIST x Model:
MAPE: 50.0%
MAE: 154.991772
MSE: 66958.224741
RMSE: 258.762874
R2: -2.55188


>>> SUPERCRITICAL PHASE <<<

Best Hyperparameters for supercritical state for DecisionTree: {'criterion': 'squared_error', 'max_depth': 10, 'min_samples_leaf': 1, 'min_samples_split': 2, 'random_state': 42}.

 > Train data <
Metrics for supercritical:
MAPE: 0.0%
MAE: 1.666215
MSE: 25.652484
RMSE: 5.064828
R2: 0.999974

 > Test data <
Metrics for supercritical:
MAPE: 5.0%
MAE: 36.610873
MSE: 6347.918593
RMSE: 79.673826
R2: 0.994214
>>> Comparison: Supercritical <<<

Metrics for supercritical - Exp x NIST:
MAPE: 45.0%
MAE: 3.993444
MSE: 971.914496
RMSE: 31.175543
R2: 0.999044

Metrics for supercritical - Exp x Model:
MAPE: 48.0%
MAE: 31.328272
MSE: 3259.520308
RMSE: 57.092209
R2: 0.996795

Metrics for supercritical - NIST x Model:
MAPE: 3.0%
MAE: 29.302562
MSE: 2328.889227
RMSE: 48.258566
R2: 0.997699
