
Number of matched data between NIST and Experimental: 897
Number of missing data between NIST and Experimental: 19
Number of data labeled with 'undefined': 16
Number of data points in Liquid state: 385
Number of data points in Vapor state: 289
Number of data points in Supercritical state: 223
Data size in liquid phase (NIST): 385, Corresponding experimental data: 385
Data size in vapor phase (NIST): 289, Corresponding experimental data: 289
Data size in supercritical phase (NIST): 223, Corresponding experimental data: 223

>>> LIQUID PHASE <<<

Best Hyperparameters for liquid state for GradientBoosting: {'learning_rate': 0.1, 'loss': 'huber', 'max_depth': 3, 'min_samples_leaf': 2, 'min_samples_split': 2, 'n_estimators': 100, 'random_state': 42}.

 > Train data <
Metrics for liquid:
MAPE: 7.000000000000001%
MAE: 28.537637
MSE: 7668.087282
RMSE: 87.567615
R2: 0.952812

 > Test data <
Metrics for liquid:
MAPE: 9.0%
MAE: 44.122925
MSE: 9100.755499
RMSE: 95.39788
R2: 0.950463

*** Cross-Validation Metrics ***
Liquid Phase - RMSE (mean): 39.42305156025804
RMSE (std): 94.33378951547301MAE (mean): 39.42305156025804
MAE (std): 94.33378951547301R² (mean): nan
R² (std): nanMSE (mean): 10453.04083867233
MSE (std): 55085.57472032424>>> Comparison: Liquid <<<

Metrics for liquid - Exp x NIST:
MAPE: 6.0%
MAE: 25.674421
MSE: 11763.196378
RMSE: 108.45827
R2: 0.929654

Metrics for liquid - Exp x Model:
MAPE: 9.0%
MAE: 39.423052
MSE: 10453.040839
RMSE: 102.240114
R2: 0.937489

Metrics for liquid - NIST x Model:
MAPE: 8.0%
MAE: 38.429182
MSE: 9782.534527
RMSE: 98.906696
R2: 0.940267


>>> VAPOR PHASE <<<

Best Hyperparameters for vapor state for GradientBoosting: {'learning_rate': 0.01, 'loss': 'huber', 'max_depth': 4, 'min_samples_leaf': 2, 'min_samples_split': 2, 'n_estimators': 200, 'random_state': 42}.

 > Train data <
Metrics for vapor:
MAPE: 9.0%
MAE: 46.296117
MSE: 11651.334887
RMSE: 107.941349
R2: 0.74729

 > Test data <
Metrics for vapor:
MAPE: 12.0%
MAE: 47.046813
MSE: 8063.452222
RMSE: 89.796727
R2: 0.757051

*** Cross-Validation Metrics ***
Vapor Phase - RMSE (mean): 63.655856355012666
RMSE (std): 129.9286664616443MAE (mean): 63.655856355012666
MAE (std): 129.9286664616443R² (mean): nan
R² (std): nanMSE (mean): 20933.52641679122
MSE (std): 94894.3115472153>>> Comparison: Vapor <<<

Metrics for vapor - Exp x NIST:
MAPE: 21.0%
MAE: 140.144668
MSE: 65033.990522
RMSE: 255.017628
R2: -0.494158

Metrics for vapor - Exp x Model:
MAPE: 14.000000000000002%
MAE: 63.655856
MSE: 20933.526417
RMSE: 144.68423
R2: 0.519051

Metrics for vapor - NIST x Model:
MAPE: 47.0%
MAE: 147.630403
MSE: 55377.406479
RMSE: 235.324046
R2: -1.937561


>>> SUPERCRITICAL PHASE <<<

Best Hyperparameters for supercritical state for GradientBoosting: {'learning_rate': 0.1, 'loss': 'huber', 'max_depth': 3, 'min_samples_leaf': 1, 'min_samples_split': 4, 'n_estimators': 200, 'random_state': 42}.

 > Train data <
Metrics for supercritical:
MAPE: 52.0%
MAE: 7.121161
MSE: 1052.048691
RMSE: 32.4353
R2: 0.998944

 > Test data <
Metrics for supercritical:
MAPE: 3.0%
MAE: 15.624196
MSE: 615.097084
RMSE: 24.801151
R2: 0.999439

*** Cross-Validation Metrics ***
Supercritical Phase - RMSE (mean): 16.151799643170442
RMSE (std): 33.748250387407914MAE (mean): 16.151799643170442
MAE (std): 33.748250387407914R² (mean): nan
R² (std): nanMSE (mean): 1399.825035924299
MSE (std): 14130.62397107199>>> Comparison: Supercritical <<<

Metrics for supercritical - Exp x NIST:
MAPE: 45.0%
MAE: 3.993444
MSE: 971.914496
RMSE: 31.175543
R2: 0.999044

Metrics for supercritical - Exp x Model:
MAPE: 47.0%
MAE: 16.1518
MSE: 1399.825036
RMSE: 37.414236
R2: 0.998624

Metrics for supercritical - NIST x Model:
MAPE: 2.0%
MAE: 14.616503
MSE: 471.023799
RMSE: 21.703083
R2: 0.999535
