
Number of matched data between NIST and Experimental: 57
Number of missing data between NIST and Experimental: 6
Number of data labeled with 'undefined': 6
Number of data points in Liquid state: 0
Number of data points in Vapor state: 21
Number of data points in Supercritical state: 36
Data size in liquid phase (NIST): 0, Corresponding experimental data: 0
Data size in vapor phase (NIST): 21, Corresponding experimental data: 21
Data size in supercritical phase (NIST): 36, Corresponding experimental data: 36

>>> LIQUID PHASE <<<
!!!!! No data points available for the liquid state for the Joule-Thomson !!!!!


>>> VAPOR PHASE <<<

Best Hyperparameters for vapor state for Bagging with Ridge: {'bootstrap': True, 'max_features': 1.0, 'max_samples': 0.5, 'n_estimators': 50, 'random_state': 42}.

 > Train data <
Metrics for vapor:
MAPE: 10.0%
MAE: 0.348524
MSE: 0.169961
RMSE: 0.412264
R2: 0.9125

 > Test data <
Metrics for vapor:
MAPE: 7.000000000000001%
MAE: 0.257676
MSE: 0.089451
RMSE: 0.299083
R2: 0.915439

*** Cross-Validation Metrics ***
Vapor Phase - RMSE (mean): 0.45145555150801997
RMSE (std): 0.26201825947314805MAE (mean): 0.4242423778209288
MAE (std): 0.24805234559919093R² (mean): -15.792734266555637
R² (std): 23.426895356182364MSE (mean): 0.2724656832847484
MSE (std): 0.29603625409740447>>> Comparison: Vapor <<<

Metrics for vapor - Exp x NIST:
MAPE: 4.0%
MAE: 0.180099
MSE: 0.05858
RMSE: 0.242033
R2: 0.96671

Metrics for vapor - Exp x Model:
MAPE: 12.0%
MAE: 0.42389
MSE: 0.26789
RMSE: 0.517581
R2: 0.847762

Metrics for vapor - NIST x Model:
MAPE: 9.0%
MAE: 0.315781
MSE: 0.148261
RMSE: 0.385047
R2: 0.898795


>>> SUPERCRITICAL PHASE <<<

Best Hyperparameters for supercritical state for Bagging with Ridge: {'bootstrap': True, 'max_features': 1.0, 'max_samples': 0.5, 'n_estimators': 100, 'random_state': 42}.

 > Train data <
Metrics for supercritical:
MAPE: 15.0%
MAE: 0.505476
MSE: 0.370825
RMSE: 0.608954
R2: 0.846826

 > Test data <
Metrics for supercritical:
MAPE: 15.0%
MAE: 0.673852
MSE: 0.775861
RMSE: 0.88083
R2: 0.778879

*** Cross-Validation Metrics ***
Supercritical Phase - RMSE (mean): 0.7625016549782541
RMSE (std): 0.5226812586168995MAE (mean): 0.7525029218206016
MAE (std): 0.5267924681174487R² (mean): -33.046272879468475
R² (std): 57.60013257769322MSE (mean): 0.8546044719539225
MSE (std): 1.0295350849816522>>> Comparison: Supercritical <<<

Metrics for supercritical - Exp x NIST:
MAPE: 9.0%
MAE: 0.444272
MSE: 0.580535
RMSE: 0.761929
R2: 0.786663

Metrics for supercritical - Exp x Model:
MAPE: 24.0%
MAE: 0.756471
MSE: 0.846628
RMSE: 0.920124
R2: 0.688879

Metrics for supercritical - NIST x Model:
MAPE: 23.0%
MAE: 0.644039
MSE: 0.568837
RMSE: 0.754213
R2: 0.514763
