
Number of matched data between NIST and Experimental: 513
Number of missing data between NIST and Experimental: 0
Number of data labeled with 'undefined': 0
Number of data points in Liquid state: 195
Number of data points in Vapor state: 164
Number of data points in Supercritical state: 154
Data size in liquid phase (NIST): 195, Corresponding experimental data: 195
Data size in vapor phase (NIST): 164, Corresponding experimental data: 164
Data size in supercritical phase (NIST): 154, Corresponding experimental data: 154

>>> LIQUID PHASE <<<

Best Hyperparameters for liquid state for Bagging with Ridge: {'bootstrap': True, 'max_features': 1.0, 'max_samples': 0.7, 'n_estimators': 200, 'random_state': 42}.

 > Train data <
Metrics for liquid:
MAPE: 18.0%
MAE: 16.484255
MSE: 3769.879793
RMSE: 61.399347
R2: 0.097568

 > Test data <
Metrics for liquid:
MAPE: 18.0%
MAE: 11.551477
MSE: 172.857982
RMSE: 13.147547
R2: 0.172959

*** Cross-Validation Metrics ***
Liquid Phase - RMSE (mean): 29.325353407214845
RMSE (std): 47.44758059659504MAE (mean): 14.872248876936391
MAE (std): 11.016727571533988R² (mean): -1.7234816870298346
R² (std): 3.9830461150716996MSE (mean): 3111.249256928429
MSE (std): 8745.96649573804>>> Comparison: Liquid <<<

Metrics for liquid - Exp x NIST:
MAPE: 1.0%
MAE: 4.215452
MSE: 2820.263864
RMSE: 53.106157
R2: 0.167477

Metrics for liquid - Exp x Model:
MAPE: 17.0%
MAE: 14.945214
MSE: 3184.854239
RMSE: 56.434513
R2: 0.059853

Metrics for liquid - NIST x Model:
MAPE: 16.0%
MAE: 11.136867
MSE: 195.864241
RMSE: 13.995151
R2: 0.286081


>>> VAPOR PHASE <<<

Best Hyperparameters for vapor state for Bagging with Ridge: {'bootstrap': True, 'max_features': 1.0, 'max_samples': 0.5, 'n_estimators': 100, 'random_state': 42}.

 > Train data <
Metrics for vapor:
MAPE: 40.0%
MAE: 25.914183
MSE: 6931.325177
RMSE: 83.254581
R2: 0.065906

 > Test data <
Metrics for vapor:
MAPE: 63.0%
MAE: 87.44298
MSE: 67527.757396
RMSE: 259.861035
R2: 0.002772

*** Cross-Validation Metrics ***
Vapor Phase - RMSE (mean): 89.78443452722715
RMSE (std): 115.80320839816311MAE (mean): 59.80342483139485
MAE (std): 48.17100682366001R² (mean): -792.0456488266965
R² (std): 2278.520071554574MSE (mean): 21471.627758682327
MSE (std): 54353.46125323509>>> Comparison: Vapor <<<

Metrics for vapor - Exp x NIST:
MAPE: 2.0%
MAE: 18.556296
MSE: 17686.113319
RMSE: 132.989147
R2: 0.116609

Metrics for vapor - Exp x Model:
MAPE: 97.0%
MAE: 60.58853
MSE: 22179.296147
RMSE: 148.92715
R2: -0.107818

Metrics for vapor - NIST x Model:
MAPE: 95.0%
MAE: 43.175384
MSE: 3338.481037
RMSE: 57.77959
R2: -2.023273


>>> SUPERCRITICAL PHASE <<<

Best Hyperparameters for supercritical state for Bagging with Ridge: {'bootstrap': True, 'max_features': 1.0, 'max_samples': 0.5, 'n_estimators': 50, 'random_state': 42}.

 > Train data <
Metrics for supercritical:
MAPE: 49.0%
MAE: 36.117984
MSE: 4399.927845
RMSE: 66.331952
R2: 0.232416

 > Test data <
Metrics for supercritical:
MAPE: 44.0%
MAE: 22.561218
MSE: 737.344114
RMSE: 27.154081
R2: -0.426296

*** Cross-Validation Metrics ***
Supercritical Phase - RMSE (mean): 47.141636773753774
RMSE (std): 46.90653848719545MAE (mean): 35.97330808109102
MAE (std): 25.993713282820163R² (mean): -22.15730550827309
R² (std): 50.22603264878549MSE (mean): 4422.557270559281
MSE (std): 8966.413275166682>>> Comparison: Supercritical <<<

Metrics for supercritical - Exp x NIST:
MAPE: 4.0%
MAE: 2.389136
MSE: 32.386242
RMSE: 5.690891
R2: 0.993185

Metrics for supercritical - Exp x Model:
MAPE: 55.00000000000001%
MAE: 36.485889
MSE: 4558.605419
RMSE: 67.517445
R2: 0.040794

Metrics for supercritical - NIST x Model:
MAPE: 53.0%
MAE: 36.465972
MSE: 4555.958086
RMSE: 67.497838
R2: 0.009935
