
Number of matched data between NIST and Experimental: 897
Number of missing data between NIST and Experimental: 19
Number of data labeled with 'undefined': 16
Number of data points in Liquid state: 385
Number of data points in Vapor state: 289
Number of data points in Supercritical state: 223
Data size in liquid phase (NIST): 385, Corresponding experimental data: 385
Data size in vapor phase (NIST): 289, Corresponding experimental data: 289
Data size in supercritical phase (NIST): 223, Corresponding experimental data: 223

>>> LIQUID PHASE <<<

Best Hyperparameters for liquid state for ExtraTrees: {'bootstrap': False, 'max_depth': None, 'min_samples_leaf': 1, 'min_samples_split': 10, 'n_estimators': 200, 'random_state': 42}.

 > Train data <
Metrics for liquid:
MAPE: 5.0%
MAE: 25.710551
MSE: 3902.692854
RMSE: 62.471536
R2: 0.975983

 > Test data <
Metrics for liquid:
MAPE: 8.0%
MAE: 43.739118
MSE: 7581.253371
RMSE: 87.070393
R2: 0.958734

*** Cross-Validation Metrics ***
Liquid Phase - RMSE (mean): 35.36517023922912
RMSE (std): 87.39357627321039MAE (mean): 35.36517023922912
MAE (std): 87.39357627321039R² (mean): nan
R² (std): nanMSE (mean): 8888.3324398711
MSE (std): 47137.981883899905>>> Comparison: Liquid <<<

Metrics for liquid - Exp x NIST:
MAPE: 6.0%
MAE: 25.674421
MSE: 11763.196378
RMSE: 108.45827
R2: 0.929654

Metrics for liquid - Exp x Model:
MAPE: 8.0%
MAE: 35.36517
MSE: 8888.33244
RMSE: 94.277953
R2: 0.946846

Metrics for liquid - NIST x Model:
MAPE: 7.000000000000001%
MAE: 34.951215
MSE: 8154.813549
RMSE: 90.304006
R2: 0.950206


>>> VAPOR PHASE <<<

Best Hyperparameters for vapor state for ExtraTrees: {'bootstrap': False, 'max_depth': None, 'min_samples_leaf': 2, 'min_samples_split': 10, 'n_estimators': 50, 'random_state': 42}.

 > Train data <
Metrics for vapor:
MAPE: 14.000000000000002%
MAE: 63.012868
MSE: 14031.968672
RMSE: 118.456611
R2: 0.695655

 > Test data <
Metrics for vapor:
MAPE: 15.0%
MAE: 59.282098
MSE: 10116.547406
RMSE: 100.581049
R2: 0.695192

*** Cross-Validation Metrics ***
Vapor Phase - RMSE (mean): 72.08792189450338
RMSE (std): 121.18523828378724MAE (mean): 72.08792189450338
MAE (std): 121.18523828378724R² (mean): nan
R² (std): nanMSE (mean): 19882.53046096631
MSE (std): 69481.59143119364>>> Comparison: Vapor <<<

Metrics for vapor - Exp x NIST:
MAPE: 21.0%
MAE: 140.144668
MSE: 65033.990522
RMSE: 255.017628
R2: -0.494158

Metrics for vapor - Exp x Model:
MAPE: 17.0%
MAE: 72.087922
MSE: 19882.530461
RMSE: 141.005427
R2: 0.543198

Metrics for vapor - NIST x Model:
MAPE: 50.0%
MAE: 155.335512
MSE: 55741.236585
RMSE: 236.095821
R2: -1.956861


>>> SUPERCRITICAL PHASE <<<

Best Hyperparameters for supercritical state for ExtraTrees: {'bootstrap': False, 'max_depth': 10, 'min_samples_leaf': 1, 'min_samples_split': 2, 'n_estimators': 200, 'random_state': 42}.

 > Train data <
Metrics for supercritical:
MAPE: 31.0%
MAE: 6.467548
MSE: 405.293789
RMSE: 20.13191
R2: 0.999593

 > Test data <
Metrics for supercritical:
MAPE: 4.0%
MAE: 22.43823
MSE: 1171.846398
RMSE: 34.232242
R2: 0.998932

*** Cross-Validation Metrics ***
Supercritical Phase - RMSE (mean): 19.585387665694405
RMSE (std): 35.55241953814614MAE (mean): 19.585387665694405
MAE (std): 35.55241953814614R² (mean): nan
R² (std): nanMSE (mean): 1647.5619450318895
MSE (std): 14111.302802650724>>> Comparison: Supercritical <<<

Metrics for supercritical - Exp x NIST:
MAPE: 45.0%
MAE: 3.993444
MSE: 971.914496
RMSE: 31.175543
R2: 0.999044

Metrics for supercritical - Exp x Model:
MAPE: 47.0%
MAE: 19.585388
MSE: 1647.561945
RMSE: 40.590171
R2: 0.99838

Metrics for supercritical - NIST x Model:
MAPE: 2.0%
MAE: 17.738034
MSE: 710.821985
RMSE: 26.661245
R2: 0.999298
