
Number of matched data between NIST and Experimental: 897
Number of missing data between NIST and Experimental: 19
Number of data labeled with 'undefined': 16
Number of data points in Liquid state: 385
Number of data points in Vapor state: 289
Number of data points in Supercritical state: 223
Number of matched data between NIST and Experimental: 897
Number of missing data between NIST and Experimental: 19
Number of data labeled with 'undefined': 16
Number of data points in Liquid state: 385
Number of data points in Vapor state: 289
Number of data points in Supercritical state: 223
Data size in liquid phase (NIST): 385, Corresponding experimental data: 385
Data size in vapor phase (NIST): 289, Corresponding experimental data: 289
Data size in supercritical phase (NIST): 223, Corresponding experimental data: 223

>>> LIQUID PHASE <<<

Data size in liquid phase (NIST): 385, Corresponding experimental data: 385
Data size in vapor phase (NIST): 289, Corresponding experimental data: 289
Data size in supercritical phase (NIST): 223, Corresponding experimental data: 223

>>> LIQUID PHASE <<<

Best Hyperparameters for liquid state for HistGradientBoosting: {'l2_regularization': 0, 'learning_rate': 0.1, 'max_bins': 255, 'max_depth': 5, 'max_iter': 300, 'max_leaf_nodes': 31, 'min_samples_leaf': 20}.

 > Train data <
Metrics for liquid:
MAPE: 6.0%
MAE: 39.918556
MSE: 7041.699365
RMSE: 83.914834
R2: 0.956667

 > Test data <
Metrics for liquid:
MAPE: 9.0%
MAE: 62.25728
MSE: 13180.357964
RMSE: 114.80574
R2: 0.928258

*** Cross-Validation Metrics ***
Liquid Phase - RMSE (mean): 188.06739205130822
RMSE (std): 147.94012973578478MAE (mean): 121.72818814803081
MAE (std): 94.43889267885963R² (mean): -6.125825450760617
R² (std): 13.925814702768166MSE (mean): 57255.62593922131
MSE (std): 96224.0706605302>>> Comparison: Liquid <<<

Metrics for liquid - Exp x NIST:
MAPE: 6.0%
MAE: 25.674421
MSE: 11763.196378
RMSE: 108.45827
R2: 0.929654

Metrics for liquid - Exp x Model:
MAPE: 18.0%
MAE: 122.251413
MSE: 57687.520527
RMSE: 240.182265
R2: 0.655017

Metrics for liquid - NIST x Model:
MAPE: 15.0%
MAE: 114.355766
MSE: 53758.660075
RMSE: 231.859138
R2: 0.671745


>>> VAPOR PHASE <<<

Best Hyperparameters for vapor state for HistGradientBoosting: {'l2_regularization': 0, 'learning_rate': 0.05, 'max_bins': 255, 'max_depth': 7, 'max_iter': 100, 'max_leaf_nodes': 31, 'min_samples_leaf': 20}.

 > Train data <
Metrics for vapor:
MAPE: 14.000000000000002%
MAE: 56.919001
MSE: 14260.182136
RMSE: 119.416005
R2: 0.690705

 > Test data <
Metrics for vapor:
MAPE: 13.0%
MAE: 50.575002
MSE: 9721.529031
RMSE: 98.597815
R2: 0.707094

*** Cross-Validation Metrics ***
Vapor Phase - RMSE (mean): 161.24032912928394
RMSE (std): 129.82533880008532MAE (mean): 124.702736960283
MAE (std): 105.51465546849053R² (mean): -14.556650291440807
R² (std): 23.596068407420706MSE (mean): 42853.06233227676
MSE (std): 59764.21842087315>>> Comparison: Vapor <<<

Metrics for vapor - Exp x NIST:
MAPE: 21.0%
MAE: 140.144668
MSE: 65033.990522
RMSE: 255.017628
R2: -0.494158

Metrics for vapor - Exp x Model:
MAPE: 26.0%
MAE: 124.9404
MSE: 42986.805878
RMSE: 207.332597
R2: 0.012377

Metrics for vapor - NIST x Model:
MAPE: 39.0%
MAE: 124.98077
MSE: 41401.916723
RMSE: 203.47461
R2: -1.196214


>>> SUPERCRITICAL PHASE <<<

Best Hyperparameters for supercritical state for HistGradientBoosting: {'l2_regularization': 0.5, 'learning_rate': 0.1, 'max_bins': 255, 'max_depth': 7, 'max_iter': 200, 'max_leaf_nodes': 31, 'min_samples_leaf': 20}.

 > Train data <
Metrics for supercritical:
MAPE: 36.0%
MAE: 31.596974
MSE: 3494.599579
RMSE: 59.115138
R2: 0.996492

 > Test data <
Metrics for supercritical:
MAPE: 7.000000000000001%
MAE: 58.800717
MSE: 8115.098789
RMSE: 90.083843
R2: 0.992603

*** Cross-Validation Metrics ***
Supercritical Phase - RMSE (mean): 90.71259364864194
RMSE (std): 55.24755156416704MAE (mean): 64.30792454670497
MAE (std): 42.92812961637208R² (mean): -3.984922660773484
R² (std): 14.072574008184091MSE (mean): 11281.066600298931
MSE (std): 13950.659516822949>>> Comparison: Supercritical <<<

Metrics for supercritical - Exp x NIST:
MAPE: 45.0%
MAE: 3.993444
MSE: 971.914496
RMSE: 31.175543
R2: 0.999044

Metrics for supercritical - Exp x Model:
MAPE: 52.0%
MAE: 64.68019
MSE: 11432.469432
RMSE: 106.922726
R2: 0.988759

Metrics for supercritical - NIST x Model:
MAPE: 6.0%
MAE: 62.676536
MSE: 10572.666398
RMSE: 102.823472
R2: 0.989554

Best Hyperparameters for liquid state for HistGradientBoosting: {'l2_regularization': 0.5, 'learning_rate': 0.1, 'max_bins': 255, 'max_depth': 7, 'max_iter': 300, 'max_leaf_nodes': 31, 'min_samples_leaf': 20}.

 > Train data <
Metrics for liquid:
MAPE: 6.0%
MAE: 36.598469
MSE: 6429.526351
RMSE: 80.184327
R2: 0.960434

 > Test data <
Metrics for liquid:
MAPE: 9.0%
MAE: 60.155595
MSE: 13093.69472
RMSE: 114.427683
R2: 0.928729

*** Cross-Validation Metrics ***
Liquid Phase - RMSE (mean): 53.36848910991171
RMSE (std): 107.90917373956162MAE (mean): 53.36848910991171
MAE (std): 107.90917373956162R² (mean): nan
R² (std): nanMSE (mean): 14492.585407029663
MSE (std): 56641.31038314439>>> Comparison: Liquid <<<

Metrics for liquid - Exp x NIST:
MAPE: 6.0%
MAE: 25.674421
MSE: 11763.196378
RMSE: 108.45827
R2: 0.929654

Metrics for liquid - Exp x Model:
MAPE: 9.0%
MAE: 53.368489
MSE: 14492.585407
RMSE: 120.385154
R2: 0.913331

Metrics for liquid - NIST x Model:
MAPE: 9.0%
MAE: 52.543253
MSE: 13820.963813
RMSE: 117.562595
R2: 0.915608


>>> VAPOR PHASE <<<

Best Hyperparameters for vapor state for HistGradientBoosting: {'l2_regularization': 0.1, 'learning_rate': 0.05, 'max_bins': 255, 'max_depth': 7, 'max_iter': 100, 'max_leaf_nodes': 31, 'min_samples_leaf': 20}.

 > Train data <
Metrics for vapor:
MAPE: 13.0%
MAE: 56.814815
MSE: 14289.022201
RMSE: 119.536698
R2: 0.69008

 > Test data <
Metrics for vapor:
MAPE: 13.0%
MAE: 50.34539
MSE: 9721.853718
RMSE: 98.599461
R2: 0.707084

*** Cross-Validation Metrics ***
Vapor Phase - RMSE (mean): 62.701544688344086
RMSE (std): 117.00612980025878MAE (mean): 62.701544688344086
MAE (std): 117.00612980025878R² (mean): nan
R² (std): nanMSE (mean): 17621.918117139412
MSE (std): 61949.435256298726>>> Comparison: Vapor <<<

Metrics for vapor - Exp x NIST:
MAPE: 21.0%
MAE: 140.144668
MSE: 65033.990522
RMSE: 255.017628
R2: -0.494158

Metrics for vapor - Exp x Model:
MAPE: 15.0%
MAE: 62.701545
MSE: 17621.918117
RMSE: 132.747573
R2: 0.595136

Metrics for vapor - NIST x Model:
MAPE: 52.0%
MAE: 160.188842
MSE: 60515.659253
RMSE: 245.999307
R2: -2.210126


>>> SUPERCRITICAL PHASE <<<

Best Hyperparameters for supercritical state for HistGradientBoosting: {'l2_regularization': 0.5, 'learning_rate': 0.1, 'max_bins': 255, 'max_depth': 3, 'max_iter': 300, 'max_leaf_nodes': 31, 'min_samples_leaf': 20}.

 > Train data <
Metrics for supercritical:
MAPE: 34.0%
MAE: 30.928836
MSE: 3466.910682
RMSE: 58.880478
R2: 0.99652

 > Test data <
Metrics for supercritical:
MAPE: 7.000000000000001%
MAE: 57.053742
MSE: 7985.039178
RMSE: 89.359046
R2: 0.992722

*** Cross-Validation Metrics ***
Supercritical Phase - RMSE (mean): 31.10109902057241
RMSE (std): 48.87586016186684MAE (mean): 31.10109902057241
MAE (std): 48.87586016186684R² (mean): nan
R² (std): nanMSE (mean): 3356.1280668498125
MSE (std): 15812.467099086181>>> Comparison: Supercritical <<<

Metrics for supercritical - Exp x NIST:
MAPE: 45.0%
MAE: 3.993444
MSE: 971.914496
RMSE: 31.175543
R2: 0.999044

Metrics for supercritical - Exp x Model:
MAPE: 49.0%
MAE: 31.101099
MSE: 3356.128067
RMSE: 57.932099
R2: 0.9967

Metrics for supercritical - NIST x Model:
MAPE: 4.0%
MAE: 29.49968
MSE: 2439.752035
RMSE: 49.393846
R2: 0.99759
