Number of matched data between NIST and Experimental: 513
Number of missing data between NIST and Experimental: 0

>>> LIQUID PHASE <<<

Results from lazy predict:
                                Adjusted R-Squared  R-Squared   RMSE  \
Model                                                                 
BaggingRegressor                             0.98       0.98   2.16   
RandomForestRegressor                        0.97       0.97   2.43   
GradientBoostingRegressor                    0.96       0.96   2.72   
KNeighborsRegressor                          0.96       0.96   2.88   
ExtraTreesRegressor                          0.95       0.96   3.01   
XGBRegressor                                 0.95       0.96   3.03   
DecisionTreeRegressor                        0.91       0.91   4.22   
AdaBoostRegressor                            0.81       0.82   6.07   
PassiveAggressiveRegressor                   0.69       0.71   7.79   
NuSVR                                        0.65       0.67   8.28   
SVR                                          0.65       0.67   8.34   
GammaRegressor                               0.61       0.63   8.74   
ElasticNet                                   0.56       0.58   9.39   
TweedieRegressor                             0.54       0.57   9.49   
HuberRegressor                               0.54       0.57   9.50   
HistGradientBoostingRegressor                0.44       0.47  10.56   
LGBMRegressor                                0.44       0.47  10.57   
OrthogonalMatchingPursuit                    0.43       0.46  10.64   
ExtraTreeRegressor                           0.37       0.40  11.17   
LinearSVR                                    0.37       0.40  11.21   
ElasticNetCV                                 0.36       0.39  11.29   
RANSACRegressor                              0.33       0.36  11.55   
BayesianRidge                                0.29       0.33  11.84   
PoissonRegressor                             0.25       0.29  12.21   
Lasso                                        0.22       0.26  12.46   
LassoLars                                    0.22       0.26  12.46   
RidgeCV                                      0.20       0.24  12.61   
LassoCV                                      0.11       0.15  13.29   
Ridge                                        0.07       0.12  13.57   
TransformedTargetRegressor                   0.05       0.10  13.69   
LinearRegression                             0.05       0.10  13.69   
LarsCV                                       0.05       0.10  13.69   
OrthogonalMatchingPursuitCV                  0.05       0.10  13.69   
LassoLarsIC                                  0.05       0.10  13.69   
LassoLarsCV                                  0.05       0.10  13.69   
Lars                                         0.05       0.10  13.69   
SGDRegressor                                 0.03       0.09  13.82   
DummyRegressor                              -0.18      -0.11  15.26   
MLPRegressor                               -17.71     -16.73  60.87   
KernelRidge                                -22.66     -21.42  68.45   
GaussianProcessRegressor                   -85.22     -80.68 130.66   

                               Time Taken  
Model                                      
BaggingRegressor                     0.03  
RandomForestRegressor                0.18  
GradientBoostingRegressor            0.09  
KNeighborsRegressor                  0.01  
ExtraTreesRegressor                  0.10  
XGBRegressor                         1.28  
DecisionTreeRegressor                0.01  
AdaBoostRegressor                    0.10  
PassiveAggressiveRegressor           0.01  
NuSVR                                0.02  
SVR                                  0.02  
GammaRegressor                       0.02  
ElasticNet                           0.01  
TweedieRegressor                     0.02  
HuberRegressor                       0.02  
HistGradientBoostingRegressor        0.08  
LGBMRegressor                        0.11  
OrthogonalMatchingPursuit            0.01  
ExtraTreeRegressor                   0.01  
LinearSVR                            0.01  
ElasticNetCV                         0.07  
RANSACRegressor                      0.03  
BayesianRidge                        0.03  
PoissonRegressor                     0.01  
Lasso                                0.01  
LassoLars                            0.02  
RidgeCV                              0.01  
LassoCV                              0.13  
Ridge                                0.01  
TransformedTargetRegressor           0.01  
LinearRegression                     0.01  
LarsCV                               0.02  
OrthogonalMatchingPursuitCV          0.02  
LassoLarsIC                          0.02  
LassoLarsCV                          0.02  
Lars                                 0.01  
SGDRegressor                         0.01  
DummyRegressor                       0.01  
MLPRegressor                         0.18  
KernelRidge                          0.01  
GaussianProcessRegressor             0.01  .


>>> VAPOR PHASE <<<

Results from lazy predict:
                                Adjusted R-Squared  R-Squared     RMSE  \
Model                                                                   
ExtraTreeRegressor                           0.96       0.96    53.35   
DecisionTreeRegressor                        0.96       0.96    53.36   
GradientBoostingRegressor                    0.96       0.96    53.44   
AdaBoostRegressor                            0.95       0.96    53.90   
ExtraTreesRegressor                          0.95       0.96    54.93   
BaggingRegressor                             0.80       0.81   113.74   
RandomForestRegressor                        0.75       0.77   125.34   
KNeighborsRegressor                          0.25       0.29   218.60   
HistGradientBoostingRegressor                0.18       0.23   228.78   
LGBMRegressor                                0.18       0.23   228.78   
PoissonRegressor                            -0.04       0.02   257.14   
SGDRegressor                                -0.06       0.00   259.86   
LassoLarsIC                                 -0.06       0.00   259.87   
TransformedTargetRegressor                  -0.06       0.00   259.87   
Lars                                        -0.06       0.00   259.87   
LarsCV                                      -0.06       0.00   259.87   
OrthogonalMatchingPursuitCV                 -0.06       0.00   259.87   
LinearRegression                            -0.06       0.00   259.87   
LassoLarsCV                                 -0.06       0.00   259.87   
LassoCV                                     -0.06       0.00   259.87   
Ridge                                       -0.06       0.00   259.90   
Lasso                                       -0.07       0.00   260.10   
LassoLars                                   -0.07       0.00   260.10   
RidgeCV                                     -0.07       0.00   260.16   
OrthogonalMatchingPursuit                   -0.07      -0.00   260.25   
ElasticNetCV                                -0.07      -0.00   260.81   
BayesianRidge                               -0.07      -0.01   260.87   
ElasticNet                                  -0.08      -0.01   261.52   
TweedieRegressor                            -0.08      -0.02   262.35   
GammaRegressor                              -0.09      -0.02   262.91   
XGBRegressor                                -0.10      -0.03   264.71   
DummyRegressor                              -0.11      -0.04   265.76   
NuSVR                                       -0.11      -0.04   265.79   
SVR                                         -0.11      -0.04   265.81   
PassiveAggressiveRegressor                  -0.12      -0.05   266.16   
HuberRegressor                              -0.12      -0.05   267.03   
LinearSVR                                   -0.13      -0.06   268.05   
RANSACRegressor                             -0.14      -0.07   268.76   
KernelRidge                                 -0.20      -0.13   276.29   
MLPRegressor                                -0.22      -0.14   277.78   
GaussianProcessRegressor                -15583.47  -14609.44 31453.98   

                               Time Taken  
Model                                      
ExtraTreeRegressor                   0.01  
DecisionTreeRegressor                0.01  
GradientBoostingRegressor            0.13  
AdaBoostRegressor                    0.14  
ExtraTreesRegressor                  0.17  
BaggingRegressor                     0.04  
RandomForestRegressor                0.26  
KNeighborsRegressor                  0.01  
HistGradientBoostingRegressor        0.10  
LGBMRegressor                        0.07  
PoissonRegressor                     0.01  
SGDRegressor                         0.02  
LassoLarsIC                          0.02  
TransformedTargetRegressor           0.01  
Lars                                 0.01  
LarsCV                               0.02  
OrthogonalMatchingPursuitCV          0.05  
LinearRegression                     0.01  
LassoLarsCV                          0.02  
LassoCV                              0.15  
Ridge                                0.02  
Lasso                                0.01  
LassoLars                            0.01  
RidgeCV                              0.01  
OrthogonalMatchingPursuit            0.04  
ElasticNetCV                         0.12  
BayesianRidge                        0.01  
ElasticNet                           0.01  
TweedieRegressor                     0.01  
GammaRegressor                       0.02  
XGBRegressor                         0.09  
DummyRegressor                       0.01  
NuSVR                                0.03  
SVR                                  0.02  
PassiveAggressiveRegressor           0.01  
HuberRegressor                       0.02  
LinearSVR                            0.02  
RANSACRegressor                      0.04  
KernelRidge                          0.01  
MLPRegressor                         0.38  
GaussianProcessRegressor             0.01  .


>>> SUPERCRITICAL PHASE <<<

Results from lazy predict:
                                Adjusted R-Squared  R-Squared   RMSE  \
Model                                                                 
XGBRegressor                                 0.68       0.70  12.52   
KNeighborsRegressor                          0.64       0.67  13.14   
ExtraTreesRegressor                          0.63       0.65  13.37   
HuberRegressor                               0.61       0.64  13.64   
PassiveAggressiveRegressor                   0.55       0.58  14.76   
SVR                                          0.52       0.55  15.25   
NuSVR                                        0.44       0.48  16.44   
LinearSVR                                    0.33       0.38  17.97   
RANSACRegressor                              0.31       0.36  18.23   
GammaRegressor                               0.31       0.36  18.23   
RandomForestRegressor                        0.29       0.34  18.54   
GradientBoostingRegressor                    0.09       0.15  20.92   
ElasticNet                                   0.00       0.07  21.95   
AdaBoostRegressor                           -0.00       0.06  22.02   
TweedieRegressor                            -0.01       0.06  22.04   
BaggingRegressor                            -0.06       0.01  22.58   
PoissonRegressor                            -0.14      -0.07  23.47   
OrthogonalMatchingPursuit                   -0.21      -0.13  24.13   
ExtraTreeRegressor                          -0.25      -0.17  24.54   
DecisionTreeRegressor                       -0.29      -0.20  24.90   
RidgeCV                                     -0.38      -0.29  25.85   
BayesianRidge                               -0.44      -0.35  26.37   
Lasso                                       -0.46      -0.37  26.57   
LassoLars                                   -0.46      -0.37  26.57   
ElasticNetCV                                -0.48      -0.38  26.75   
Ridge                                       -0.56      -0.45  27.41   
SGDRegressor                                -0.57      -0.47  27.55   
LassoCV                                     -0.57      -0.47  27.57   
LinearRegression                            -0.58      -0.48  27.61   
TransformedTargetRegressor                  -0.58      -0.48  27.61   
OrthogonalMatchingPursuitCV                 -0.58      -0.48  27.61   
LassoLarsIC                                 -0.58      -0.48  27.61   
LassoLarsCV                                 -0.58      -0.48  27.61   
LarsCV                                      -0.58      -0.48  27.61   
Lars                                        -0.58      -0.48  27.61   
DummyRegressor                              -0.98      -0.84  30.87   
HistGradientBoostingRegressor               -1.50      -1.33  34.70   
LGBMRegressor                               -1.64      -1.46  35.70   
MLPRegressor                                -5.27      -4.85  54.99   
KernelRidge                                -10.18      -9.44  73.45   
GaussianProcessRegressor                  -266.51    -248.68 359.27   

                               Time Taken  
Model                                      
XGBRegressor                         0.04  
KNeighborsRegressor                  0.01  
ExtraTreesRegressor                  0.10  
HuberRegressor                       0.02  
PassiveAggressiveRegressor           0.01  
SVR                                  0.01  
NuSVR                                0.01  
LinearSVR                            0.01  
RANSACRegressor                      0.03  
GammaRegressor                       0.01  
RandomForestRegressor                0.14  
GradientBoostingRegressor            0.08  
ElasticNet                           0.01  
AdaBoostRegressor                    0.15  
TweedieRegressor                     0.01  
BaggingRegressor                     0.05  
PoissonRegressor                     0.01  
OrthogonalMatchingPursuit            0.01  
ExtraTreeRegressor                   0.01  
DecisionTreeRegressor                0.01  
RidgeCV                              0.01  
BayesianRidge                        0.01  
Lasso                                0.01  
LassoLars                            0.01  
ElasticNetCV                         0.08  
Ridge                                0.01  
SGDRegressor                         0.01  
LassoCV                              0.08  
LinearRegression                     0.01  
TransformedTargetRegressor           0.01  
OrthogonalMatchingPursuitCV          0.02  
LassoLarsIC                          0.01  
LassoLarsCV                          0.01  
LarsCV                               0.01  
Lars                                 0.01  
DummyRegressor                       0.01  
HistGradientBoostingRegressor        0.08  
LGBMRegressor                        0.07  
MLPRegressor                         0.17  
KernelRidge                          0.01  
GaussianProcessRegressor             0.01  .
