
Number of matched data between NIST and Experimental: 57
Number of missing data between NIST and Experimental: 6
Number of data labeled with 'undefined': 6

>>> LIQUID PHASE <<<


>>> VAPOR PHASE <<<

Best Hyperparameters for vapor state for Adaboost with Lasso: {'learning_rate': 1.0, 'loss': 'exponential', 'n_estimators': 50, 'random_state': 42}.

 > Train data <
Metrics for vapor:
MAPE: 9.0%
MAE: 0.318474
MSE: 0.132774
RMSE: 0.364381
R2: 0.931645

 > Test data <
Metrics for vapor:
MAPE: 7.000000000000001%
MAE: 0.29095
MSE: 0.128076
RMSE: 0.357878
R2: 0.878925
>>> Comparison: Vapor <<<

Metrics for vapor - Exp x NIST:
MAPE: 4.0%
MAE: 0.180099
MSE: 0.05858
RMSE: 0.242033
R2: 0.96671

Metrics for vapor - Exp x Model:
MAPE: 9.0%
MAE: 0.342805
MSE: 0.166428
RMSE: 0.407956
R2: 0.905421

Metrics for vapor - NIST x Model:
MAPE: 7.000000000000001%
MAE: 0.227118
MSE: 0.073567
RMSE: 0.271232
R2: 0.949782


>>> SUPERCRITICAL PHASE <<<

Best Hyperparameters for supercritical state for Adaboost with Lasso: {'learning_rate': 0.1, 'loss': 'exponential', 'n_estimators': 200, 'random_state': 42}.

 > Train data <
Metrics for supercritical:
MAPE: 17.0%
MAE: 0.553433
MSE: 0.426042
RMSE: 0.652719
R2: 0.824018

 > Test data <
Metrics for supercritical:
MAPE: 14.000000000000002%
MAE: 0.550284
MSE: 0.477249
RMSE: 0.690832
R2: 0.863984
>>> Comparison: Supercritical <<<

Metrics for supercritical - Exp x NIST:
MAPE: 9.0%
MAE: 0.444272
MSE: 0.580535
RMSE: 0.761929
R2: 0.786663

Metrics for supercritical - Exp x Model:
MAPE: 18.0%
MAE: 0.585489
MSE: 0.500891
RMSE: 0.707737
R2: 0.815931

Metrics for supercritical - NIST x Model:
MAPE: 18.0%
MAE: 0.584192
MSE: 0.44043
RMSE: 0.663649
R2: 0.624298
